364
368
375
384
395
407
417
425
431
433
432
428
421
412
402
392
384
377
373
373
376
381
389
399
410
421
430
437
441
441
438
432
424
422
414
404
394
387
381
379
380
384
390
398
409
420
430
438
443
444
442
436
429
419
409
398
389
382
378
376
378
382
389
398
408
418
426
432
435
434
430
423
414
403
392
389
381
372
366
363
363
365
370
377
386
397
406
413
418
419
417
412
404
394
384
372
363
355
350
348
350
354
361
369
380
390
398
405
408
408
405
398
390
380
368
359
351
345
344
342
342
344
350
358
368
378
388
396
401
403
401
397
389
380
369
359
349
342
338
337
339
344
351
360
370
381
390
397
401
402
399
393
384
374
364
354
346
340
337
338
342
343
348
356
366
378
388
396
401
404
402
398
391
382
372
361
353
345
340
339
341
345
352
362
372
383
392
400
404
404
402
396
388
378
367
358
349
344
341
341
343
349
357
359
366
378
388
396
402
404
403
398
391
383
372
362
353
346
341
339
341
345
352
361
371
382
391
398
403
403
400
394
386
376
365
356
347
341
338
338
341
347
354
364
374
385
387
393
399
401
400
395
388
379
368
358
348
341
336
334
335
339
345
354
364
375
384
391
396
397
394
388
381
371
360
350
342
336
332
332
335
340
348
357
368
378
387
393
395
396
395
390
384
375
365
354
345
337
332
330
331
335
342
351
361
372
381
389
394
395
392
387
379
369
359
349
341
334
331
331
333
339
347
356
367
377
386
392
394
394
389
388
383
374
364
354
346
338
333
332
334
339
346
356
366
378
388
396
401
402
400
395
388
379
369
359
351
344
341
341
344
349
357
367
378
388
397
402
405
404
399
392
383
372
369
361
351
342
337
334
334
337
343
350
360
369
379
386
390
390
388
382
374
364
353
342
333
327
323
322