325
352
310
285
331
350
315
285
326
352
311
287
332
352
309
292
340
352
307
300
352
362
317
309
356
368
319
305
352
354
304
298
348
347
300
303
351
342
295
306
347
345
298
303
354
346
297
308
351
353
306
307
366
394
412
477
553
546
458
377
366
344
306
321
365
355
303
302
350
342
297
307
356
342
304
306
356
351
305
314
365
353
308
326
374
356
317
342
388
365
330
351
402
387
349
375
422
401
364
382
430
413
369
387
427
395
345
362
389
360
307
317
351
320
275
300
334
314
268
288
331
308
269
297
336
315
270
290
335
312
272
299
340
310
274
307
343
309
277
316
346
307
281
315
350
315
282
320
350
311
285
317
352
317
283
320
349
311
286
317
353
321
288
324
355
317
289
319
356
321
287
324
355
317
286
327
353
321
287
322
353
317
288
328
352
311
287
331
350
307
289
337
348
313
290
333
353
311
294
341
354
318
293
337
360
321
306
353
365
319
304
345
365
318
296
340
351
304
289
331
352
309
291
338
351
306
294
332
354
312
293
338
353
308
297
344
351
316
352
468
522
498
490
482
415
311
296
356
360
308
303
348
347
300
294
344
343
296
298
347
343
305
299
350
352
306
307
358
354
315
308
360
366
324
327
380
379
336
339
392
400
359
362
416
414
369
377
425
414
363
367
405
377
323
332
361
342
288
295
336
314
267
284
322
313
267
279
326
308
264
285
330
317
273
285
333
316
271
290
334
321
275
287
335
320
277
296
340
319
283
293
341
327
283
300
345
323
281
304
345
317
280
310
346
313
279
304
345
319
280
309
345
313
278
303
344
316
277
307
344
310
275
309
340
314
275
303
341
309
275
309
340
316
277
305
342
311
275
310
341
306
277
319
344
302
282
328
342
298
289
341
346
303
309
357
346
300
312
355
330
286
311
347
316
281
316
345
306
282
327
345
300
286
334
340
293
292
342
336
291
299
342
332
321
408
514
519
477
460
406
313
278
329
356
310
284
326
336
291
285
333
332
287
292
342
331
288
307
353
331
292
322
361
331
300
339
369
332
313
361
383
344
337
391
401
357
359
410
406
363
375
420
398
348
364
395
355
308
330
352
306
271
307
324
280
261
308
318
271
264
315
314
267
273
321
308
265
283
327
304
266
296
334
302
270
309
336
296
274
320
337
292
280
329
333
288
289
338
329
282
295
340
319
276
301
341
312
276
309
342
305
278
320
341
299
282
329
337
291
286
335
332
286
293
340
325
281
300
344
320
283
313
349
315
285
325
354
316
297
342
355
310
298
345
344
294
294
341
333
288
302
347
326
285
311
350
320
287
321
350
312
288
331
351
311
295
338
349
331
389
500
526
476
438
401
333
285
317
364
336
293
320
353
318
289
328
353
313
295
341
353
310
302
352
354
309
314
363
354
313
331
378
359
323
352
394
369
341
382
415
380
359
405
425
384
371
417
420
368
359
397
380
324
323
359
335
287
303
340
310
271
303
335
299
270
310
332
291
272
317
329
286
279
329
328
283
290
339
328
282
299
345
323
285
313
351
319
287
325
352
314
292
336
351
308
297
345
350
304
303
351
343
300
312
356
337
297
320
360
332
296
330
361
326
299
340
362
321
303
349
359
314
308
358
360
317
326
373
360
316
331
372
345
303
329
363
330
300
338
363
324
302
346
362
319
308
356
359
313
314
362
354
313
327
369
356
343
429
529
530
490
478
426
335
302
352
375
328
307
350
359
313
308
356
353
310
317
364
351
309
329
370
347
311
342
378
346
319
359
387
350
332
381
399
360
355
406
413
371
377
428
420
377
391
435
411
363
380
408
367
321
345
366
321
289
326
341
296
280
326
332
286
282
330
325
279
288
335
319
278
298
338
313
277
307
342
310
282
321
345
305
286
332
347
303
294
341
342
296
299
346
337
294
308
351
330
291
316
353
324
291
326
354
317
292
334
352
310
297
343
349
303
300
348
342
298
307
352
335
293
313
354
327
291
321
353
319
292
332
356
317
298
343
355
313
308
358
358
314
318
363
351
306
318
358
334
294
321
356
325
294
330
356
318
295
336
352
310
299
346
351
306
305
354
348
303
323
408
456
468
513
546
462
342
330
363
338
309
343
360
316
297
341
352
308
301
349
348
304
310
357
346
304
323
368
346
311
339
378
348
321
360
390
354
336
384
405
367
359
410
419
377
378
426
419
374
381
419
393
341
353
380
342
298
321
346
304
273
310
330
288
270
315
324
280
274
322
320
276
282
329
317
275
292
334
311
275
304
339
307
275
313
339
301
280
324
339
296
286
333
336
292
293
340
332
288
301
345
327
287
310
349
319
286
319
350
313
287
327
347
306
290
336
345
300
296
342
340
295
302
347
333
292
309
350
326
289
318
353
320
290
327
351
312
291
335
349
307
298
345
347
304
309
358
351
309
322
364
343
301
321
354
323
289
321
351
314
289
330
348
306
291
337
345
300
297
344
341
297
303
350
337
294
316
379
412
438
508
550
486
375
342
348
318
303
341
348
302
291
336
338
294
297
343
334
292
306
349
330
293
320
359
331
301
338
369
335
313
356
379
342
332
381
394
355
358
409
408
368
379
426
413
372
389
424
393
347
366
387
342
304
333
347
302
278
318
329
285
276
321
322
278
281
328
318
276
291
334
314
275
301
337
308
276
312
341
305
281
323
342
300
287
333
340
295
292
339
335
293
303
348
332
291
311
350
322
287
317
350
317
290
326
348
308
290
334
345
301
293
339
340
297
301
345
334
291
306
350
329
292
319
354
323
291
326
352
315
292
333
350
308
295
340
345
302
301
348
342
298
308
352
336
299
323
365
340
304
333
362
326
296
330
348
307
289
333
343
300
293
339
338
294
299
344
331
289
305
347
325
287
313
350
318
286
333
403
436
469
532
536
429
328
332
337
304
305
346
333
287
298
341
324
283
306
346
321
287
318
351
317
293
333
355
317
303
349
362
320
316
365
368
328
338
387
379
341
363
408
390
355
383
419
389
358
389
409
363
332
363
366
311
290
327
324
275
272
316
307
261
271
316
298
257
279
317
291
257
289
320
285
259
300
321
282
267
311
320
278
273
320
318
274
281
327
314
274
291
332
308
271
299
333
301
270
307
332
294
274
317
330
286
276
322
326
283
284
330
322
279
291
334
315
275
299
337
309
276
309
338
304
278
316
335
295
280
325
332
291
288
336
335
294
305
350
335
292
308
346
319
280
306
338
306
276
312
336
299
279
321
334
292
283
329
332
288
290
335
327
287
300
339
324
313
395
495
499
465
453
397
307
277
329
355
313
294
335
340
297
294
339
336
295
304
348
334
295
315
356
335
301
332
367
337
311
349
375
340
325
371
388
350
346
396
402
363
369
417
409
370
384
425
403
358
375
401
361
317
340
356
312
283
318
332
289
274
317
324
281
278
324
318
276
285
331
317
277
297
337
311
277
308
340
308
282
322
345
306
288
332
344
303
297
342
342
302
306
350
339
298
313
354
333
297
323
358
327
297
331
358
321
298
339
354
314
302
345
350
307
307
353
348
306
316
360
347
311
334
373
347
313
342
370
335
305
341
360
321
305
347
357
316
309
354
354
311
315
359
347
306
324
366
345
311
338
370
347
348
446
532
523
495
486
419
327
312
367
374
327
322
364
357
313
324
366
350
312
335
373
348
314
347
378
344
320
360
382
345
331
377
390
350
348
397
400
361
372
421
414
377
398
440
420
385
412
444
410
375
401
415
367
334
364
368
320
304
343
342
297
297
340
332
289
301
344
327
289
311
347
321
289
321
350
315
291
330
350
311
296
339
347
305
302
348
345
303
310
354
341
300
318
359
335
300
327
360
329
301
336
359
321
302
343
356
316
307
350
351
308
311
356
347
307
320
361
341
302
324
362
334
303
336
363
327
305
348
369
331
319
363
370
326
320
362
355
309
316
358
344
304
323
362
337
302
331
363
331
305
342
364
327
309
350
361
322
315
360
375
379
447
540
546
486
432
396
343
310
343
376
340
306
337
362
327
305
344
362
322
311
355
361
320
320
367
364
323
333
378
364
328
350
391
370
340
373
406
377
355
398
424
390
376
422
434
393
385
428
424
374
369
402
380
328
333
364
335
293
313
343
311
280
313
337
302
281
322
337
296
286
330
334
292
293
337
331
289
301
343
326
289
310
348
321
289
321
350
318
293
331
350
311
296
339
348
307
303
347
345
302
307
351
339
298
315
353
331
295
321
354
324
295
328
351
314
294
335
348
308
298
342
344
302
303
348
340
299
312
354
337
298
320
358
335
306
339
367
334
310
345
361
318
300
341
347
305
300
345
342
300
306
348
334
295
314
353
331
295
323
354
322
296
334
354
321
325
425
502
501
497
510
430
319
304
359
354
309
316
354
334
295
319
354
327
297
328
356
323
301
341
360
322
309
353
362
322
322
369
367
327
338
384
374
338
361
405
386
357
390
424
394
369
405
427
389
366
401
403
351
331
364
353
303
299
336
321
277
290
329
309
271
296
329
300
270
303
331
296
273
312
329
289
277
320
327
285
283
327
323
283
293
336
320
281
302
339
315
283
313
343
310
284
320
342
303
289
330
340
298
291
335
334
292
297
340
329
289
303
343
322
288
313
346
317
288
322
346
310
289
329
344
304
292
336
341
300
300
344
337
298
312
357
343
306
329
365
336
301
327
351
317
291
329
348
310
295
337
346
306
302
346
343
300
307
350
336
297
313
353
332
296
329
391
423
455
521
546
464
355
339
346
318
311
350
347
303
302
346
337
296
311
351
334
298
322
358
332
302
335
364
332
311
350
371
335
322
367
378
341
343
392
394
357
370
417
407
372
392
433
411
375
399
425
385
346
369
381
334
305
336
341
296
284
325
324
282
284
328
319
278
291
331
312
275
300
335
308
278
312
339
304
283
322
340
302
289
333
339
298
296
340
335
295
304
346
332
292
311
350
325
292
321
351
319
294
331
352
314
297
338
348
309
302
344
345
304
309
352
343
303
317
357
339
306
334
368
340
310
341
364
325
301
336
351
311
300
341
345
304
303
347
340
299
310
352
335
297
318
355
331
300
329
356
334
349
455
534
518
491
472
395
309
304
358
357
310
312
353
339
300
316
355
333
299
325
358
331
304
338
363
329
311
353
370
333
326
372
379
339
343
391
388
352
369
415
403
369
395
435
411
380
410
437
400
368
396
404
353
327
359
358
310
300
338
332
288
293
335
321
282
299
338
316
282
309
340
309
282
317
339
304
287
329
341
300
291
334
337
297
299
343
334
295
308
349
331
294
317
352
325
294
326
353
320
297
334
351
313
302
345
353
312
308
351
348
310
321
366
352
314
332
366
340
303
327
353
320
293
328
348
310
292
332
343
303
296
341
341
300
303
345
336
295
311
351
328
297
348
444
484
492
528
517
393
302
327
354
321
305
342
344
301
299
342
336
297
307
349
335
299
320
358
335
304
333
364
335
311
350
372
338
323
368
382
346
345
394
398
361
370
416
408
370
387
426
404
365
384
407
368
327
349
363
317
289
321
331
288
274
315
318
276
276
318
312
273
285
325
309
272
295
331
305
273
305
334
301
277
315
335
298
283
325
333
293
288
332
329
287
294
337
324
286
301
337
313
277
303
336
308
281
316
339
303
283
323
339
303
297
343
344
303
303
343
331
288
296
333
314
279
301
335
308
276
308
334
299
275
312
330
292
279
321
328
289
289
330
325
296
347
458
502
483
482
447
336
266
299
341
313
281
311
329
293
275
316
328
289
283
327
328
287
290
335
327
290
305
347
330
297
324
360
336
309
345
374
344
327
371
392
357
348
393
402
363
361
404
397
353
354
386
360
310
318
345
315
275
297
324
289
263
296
315
277
260
301
312
272
266
311
311
271
275
319
310
273
288
327
306
271
297
331
305
277
310
334
299
278
317
329
291
280
323
327
287
287
328
323
285
295
337
321
283
303
338
316
287
319
349
319
295
330
347
306
288
326
333
292
288
332
330
289
295
336
324
286
303
341
318
284
309
341
311
285
321
341
306
300
382
464
478
483
507
439
317
287
333
336
297
306
341
321
284
305
341
315
286
318
346
313
293
331
350
314
302
345
353
316
316
361
361
324
335
379
370
336
358
400
382
353
382
415
388
363
397
418
380
357
390
393
343
325
358
350
302
298
336
323
281
293
332
313
277
300
334
306
278
311
337
304
282
322
339
301
289
330
337
298
297
340
336
297
306
347
332
296
314
350
327
295
323
352
321
296
333
354
319
303
344
352
312
308
354
358
321
325
365
354
312
323
358
335
298
322
354
325
297
329
353
319
298
336
350
311
301
344
348
309
309
350
347
308
317
366
384
413
492
555
522
433
377
359
326
312
349
363
322
306
345
352
312
309
352
351
313
319
362
351
313
331
370
350
318
345
379
352
327
363
389
357
342
384
401
367
362
408
414
377
381
424
416
377
386
421
396
351
362
385
349
308
329
349
312
285
320
336
297
282
323
330
291
287
330
326
287
295
336
322
285
303
341
319
286
314
343
314
290
325
347
312
295
336
347
308
299
341
343
302
305
347
338
299
311
350
332
297
318
351
326
298
329
355
321
300
340
358
323
315
356
362
321
316
354
345
303
310
348
334
297
315
351
326
294
323
351
320
295
331
350
314
300
339
348
309
307
347
349
324
376
486
524
500
495
464
363
297
327
368
338
305
332
353
318
298
337
351
313
302
345
349
312
315
358
353
316
327
368
355
322
345
381
359
332
365
396
369
350
391
413
380
370
413
423
385
380
422
419
375
373
405
382
333
339
367
337
296
316
344
312
283
315
336
301
283
321
333
295
288
330
333
293
295
337
330
292
304
343
326
292
314
347
322
291
321
348
317
295
332
348
311
298
339
346
307
304
346
342
303
310
351
337
299
316
352
329
296
322
351
322
298
332
353
319
303
343
354
315
309
352
355
319
324
365
356
316
328
363
341
303
323
354
327
298
330
354
320
300
337
352
314
302
343
348
309
308
350
345
306
318
355
344
328
402
503
522
499
498
448
344
297
341
366
327
305
340
349
310
304
346
345
306
312
354
345
308
323
362
343
310
336
368
342
315
350
376
345
330
371
388
354
349
395
404
368
373
417
412
373
385
426
407
366
379
404
369
326
344
360
320
290
321
335
296
280
319
325
286
282
323
321
282
288
329
317
280
297
335
314
280
306
337
307
281
316
338
304
286
326
338
300
290
332
334
294
297
338
330
291
303
342
325
289
311
344
318
288
319
344
312
289
326
344
306
293
334
341
302
298
340
336
297
305
346
332
295
314
349
326
294
320
350
324
301
338
360
326
309
346
356
314
302
340
339
300
303
345
335
297
310
348
330
295
316
348
321
292
323
347
313
291
330
347
307
304
381
452
471
498
536
480
352
308
344
341
306
319
349
323
291
318
345
314
290
326
346
311
297
338
349
311
308
351
351
314
321
365
356
321
338
379
362
333
362
397
374
351
386
412
381
363
402
418
380
367
402
398
348
337
366
349
300
301
333
312
271
287
319
293
261
290
317
287
261
295
312
276
262
303
312
274
270
313
312
273
278
319
308
271
288
325
304
272
298
329
300
274
306
328
293
276
315
326
287
278
319
322
282
283
324
315
277
289
328
310
275
298
331
306
276
306
332
300
280
317
332
298
286
327
333
292
290
334
334
296
306
347
334
295
310
343
317
282
308
337
306
280
315
336
300
283
321
333
294
286
328
329
290
293
334
324
289
304
336
322
313
393
492
500
469
455
395
303
275
325
347
306
290
327
330
291
291
334
329
291
302
343
328
293
313
349
326
297
326
355
328
306
343
365
333
320
362
375
341
341
386
390
355
362
406
397
361
376
411
389
351
368
391
353
314
335
349
307
281
313
323
282
271
311
314
274
273
315
309
270
280
320
306
271
293
327
304
275
304
331
300
276
311
330
294
280
319
328
289
284
326
325
287
292
334
322
287
301
337
317
284
308
337
308
283
316
338
304
287
326
338
301
293
335
336
297
298
340
336
301
316
355
340
305
323
354
326
294
321
345
313
292
327
344
308
295
335
342
303
300
341
338
300
307
348
335
301
321
354
335
326
406
498
503
480
478
421
324
293
342
361
321
308
346
345
306
308
349
341
305
319
357
339
306
331
365
341
315
347
375
346
327
364
383
349
340
382
393
358
360
405
406
371
381
424
413
377
395
430
404
368
387
407
366
332
355
366
324
302
337
343
303
295
336
335
296
300
339
329
291
305
343
325
291
315
347
320
293
324
349
317
298
335
350
314
304
344
349
310
309
350
344
306
315
354
338
303
323
356
333
303
331
358
327
305
341
359
324
310
349
359
321
317
358
356
317
322
365
359
326
343
379
359
325
347
374
343
313
343
365
332
313
348
361
324
315
356
359
319
319
359
352
315
326
364
349
317
336
372
368
393
486
554
529
474
431
382
328
323
369
374
329
321
359
356
318
324
364
351
315
332
368
348
318
344
375
348
324
359
381
350
336
376
390
354
350
394
400
365
372
416
412
378
391
432
416
380
401
432
402
365
385
401
358
327
354
364
321
302
338
341
302
299
339
335
296
303
342
328
293
311
346
324
294
319
348
320
295
329
350
315
299
337
348
311
305
346
348
309
312
353
342
304
317
354
336
303
324
356
330
303
333
357
323
303
339
354
319
308
349
354
315
313
354
348
310
319
358
345
310
328
361
337
307
336
367
340
318
351
371
335
318
353
359
319
312
352
352
314
318
358
347
311
325
361
341
307
330
361
334
307
338
362
332
312
351
384
402
456
538
551
483
404
375
350
321
336
371
349
311
328
360
337
308
336
364
335
311
347
367
332
319
359
369
332
330
372
373
337
344
387
380
346
365
405
389
360
387
422
398
375
408
433
400
380
415
425
380
362
391
384
334
325
357
343
300
307
342
321
285
305
338
315
286
314
340
309
288
323
341
306
294
333
340
304
301
342
338
300
307
347
334
297
312
348
327
297
322
351
322
297
329
350
316
300
337
348
311
302
342
345
306
308
348
340
302
312
350
333
299
320
353
328
300
328
352
321
300
336
352
315
303
342
350
312
309
350
345
306
315
357
347
313
331
366
342
309
333
357
325
298
330
349
315
298
335
347
308
301
342
342
304
307
347
338
301
313
349
333
301
320
359
365
402
491
549
514
447
396
355
311
310
352
353
309
304
342
337
299
309
347
333
298
318
353
332
302
329
358
332
309
344
366
334
320
361
374
340
336
381
386
351
359
404
399
366
382
421
405
373
395
424
392
357
378
391
347
316
341
347
303
286
321
323
284
281
320
315
277
285
323
309
274
294
330
308
277
305
333
304
280
315
335
301
287
326
335
298
293
334
333
295
299
339
329
291
305
340
320
288
311
341
314
287
317
338
305
286
322
336
299
289
329
334
295
295
334
327
289
298
337
321
288
307
341
317
287
314
340
311
289
324
343
309
295
332
341
305
305
348
349
311
316
354
341
302
314
346
322
288
312
340
312
286
317
338
306
287
324
338
301
292
332
336
298
297
337
332
293
307
368
411
443
505
546
489
372
329
337
317
303
335
347
307
290
329
337
301
298
338
337
299
305
345
333
298
314
350
331
300
326
359
333
310
345
369
340
326
368
384
351
347
390
396
362
366
407
400
363
373
407
383
340
349
370
334
295
314
332
295
269
301
314
277
263
302
309
271
270
311
308
269
276
317
304
269
287
324
304
273
298
327
299
274
309
330
296
279
317
328
291
283
324
324
286
289
329
321
284
296
333
315
281
303
334
310
282
311
335
304
284
318
333
298
286
325
331
292
289
329
326
289
299
338
324
290
307
345
326
298
325
354
325
299
330
346
309
290
326
335
298
290
330
332
296
298
337
328
292
304
340
323
290
312
343
319
294
320
344
328
356
458
517
490
453
416
349
290
298
349
345
303
308
344
330
295
313
346
325
296
323
351
323
303
337
357
324
311
350
363
327
322
365
368
334
341
385
380
348
365
406
392
363
388
421
397
370
399
421
385
359
386
391
344
324
354
351
306
299
333
324
284
293
330
314
279
297
331
309
280
307
334
305
282
316
335
303
290
329
338
302
298
339
337
300
305
345
335
299
314
349
330
299
322
351
324
300
331
351
319
302
339
353
316
307
347
351
314
315
354
349
314
323
362
345
311
332
368
349
323
351
377
347
323
354
368
332
316
352
360
323
318
356
354
317
322
360
349
315
331
366
347
319
345
375
352
328
358
392
401
451
542
576
523
450
408
376
340
351
392
381
338
346
382
366
333
353
385
362
334
361
387
358
339
375
391
358
347
386
395
359
358
401
401
367
376
419
412
382
402
442
424
395
421
451
423
398
427
444
403
376
401
401
353
335
368
363
319
316
352
342
303
313
350
333
299
318
350
325
298
327
352
321
302
336
352
316
304
343
351
314
311
351
349
311
318
356
343
309
325
359
339
307
331
359
331
305
337
357
324
307
342
352
315
308
347
349
312
315
354
345
310
324
361
343
310
331
361
339
309
335
356
323
301
334
347
310
295
331
334
296
293
333
327
292
301
340
325
289
308
342
321
291
316
343
313
289
324
343
308
305
386
463
477
491
516
454
333
299
340
341
306
313
345
324
291
313
344
319
293
324
349
318
300
336
351
318
308
348
355
320
321
362
360
326
339
380
369
340
363
401
385
360
390
420
395
373
406
425
390
370
402
403
354
336
366
357
311
307
341
327
287
297
332
312
280
304
334
309
282
312
336
306
287
322
337
302
292
332
337
300
299
338
333
298
307
345
332
299
317
352
330
301
327
353
324
300
333
351
317
303
340
347
310
304
344
343
305
311
350
340
304
317
352
332
300
324
354
327
301
332
355
324
306
343
356
319
311
352
359
323
325
364
358
320
328
363
345
310
328
360
337
308
335
360
330
308
342
359
324
310
348
356
320
314
353
351
316
319
355
357
364
445
534
536
491
451
398
331
307
347
368
329
307
339
352
315
306
345
348
313
315
355
348
313
324
362
348
316
337
372
350
325
354
382
356
339
377
398
368
358
401
414
379
380
422
421
384
389
426
411
368
374
399
369
327
340
360
325
295
321
339
305
287
321
332
295
286
325
327
290
292
331
324
288
299
336
321
288
306
338
315
289
317
343
313
293
327
343
308
296
335
343
306
303
343
339
301
307
344
333
297
311
345
325
295
319
347
321
296
327
346
313
297
334
347
311
303
341
343
307
308
347
339
303
313
349
333
300
320
354
331
304
334
357
327
309
345
363
330
319
357
361
323
317
351
344
306
313
351
339
306
322
356
334
303
327
355
329
306
337
356
322
306
342
354
316
308
360
403
434
490
554
536
436
361
354
339
316
337
362
333
302
330
354
323
304
340
356
320
308
348
355
319
320
360
357
322
331
370
359
327
345
383
366
340
368
401
377
357
394
418
390
376
414
426
389
382
419
413
367
358
383
362
316
319
346
320
283
300
327
299
271
300
324
292
272
308
323
286
276
315
320
284
284
323
318
282
292
331
316
282
301
335
312
283
310
336
307
287
319
337
303
288
324
333
296
291
332
332
294
298
336
325
291
305
339
321
290
313
343
317
291
320
341
310
292
327
340
305
296
335
338
301
298
337
330
293
303
339
325
292
311
344
321
293
322
350
324
303
338
356
321
304
339
343
306
300
337
335
298
304
343
333
299
313
347
327
296
321
349
323
300
331
352
321
303
334
354
351
407
509
542
497
443
394
338
299
321
362
344
307
323
352
329
301
330
355
326
306
340
358
326
316
355
363
328
325
366
367
335
345
385
377
345
363
402
387
363
393
426
404
382
416
440
410
394
429
438
396
380
409
400
351
342
371
355
313
319
351
331
298
318
347
322
294
322
346
315
296
331
346
312
302
342
349
311
309
348
346
309
316
353
339
306
323
356
336
305
330
357
329
305
336
355
319
303
339
348
312
306
344
344
308
310
350
340
305
318
352
335
302
322
353
329
303
331
353
323
305
342
356
320
309
349
356
322
322
360
356
320
327
362
344
308
324
357
335
305
333
359
330
308
339
356
324
309
345
353
316
310
348
347
313
317
352
351
355
433
521
521
476
438
388
325
302
343
368
334
313
346
357
321
313
352
356
321
323
363
358
323
334
372
359
327
348
383
362
338
367
394
366
345
380
400
370
360
403
415
382
380
420
421
386
391
428
414
373
379
403
373
331
345
364
331
301
326
342
307
289
324
335
300
291
328
331
295
297
337
330
294
304
341
325
294
316
348
324
298
327
351
323
303
338
355
321
309
345
350
313
309
345
342
306
315
352
339
305
321
355
334
305
330
356
327
304
336
355
323
308
345
356
321
314
352
354
319
323
362
354
318
330
367
351
322
344
373
347
320
348
368
334
313
346
359
324
312
349
353
315
312
351
348
312
320
357
343
310
328
360
341
314
336
366
364
403
495
548
515
458
411
363
316
321
364
359
316
316
352
342
307
320
356
337
308
331
362
337
313
343
365
334
317
353
368
336
328
367
372
338
342
385
384
354
369
410
400
371
393
428
407
380
405
428
393
365
389
394
349
324
352
351
309
300
335
330
293
298
334
323
289
304
339
320
289
313
342
315
291
322
343
315
304
343
356
320
312
354
357
321
321
359
353
317
329
364
347
316
335
365
339
312
340
365
337
319
354
369
334
319
352
355
318
316
355
351
314
321
357
345
310
325
358
337
307
332
361
336
311
340
353
310
288
320
332
298
292
331
331
295
302
345
340
307
321
358
340
305
323
349
322
296
325
349
318
298
332
346
312
303
341
346
309
306
343
338
302
310
348
337
301
319
368
399
436
507
547
496
402
362
354
327
320
354
359
319
312
351
351
314
317
353
343
309
323
358
341
310
335
366
344
322
352
372
343
329
367
383
350
345
386
391
358
362
406
405
373
386
424
411
379
396
424
396
359
376
389
349
317
341
351
311
293
327
332
294
289
327
324
289
295
333
322
288
306
341
323
293
317
346
318
294
326
349
318
303
339
350
314
306
345
347
310
311
349
342
307
312
343
325
293
313
342
319
292
319
343
314
296
332
349
316
304
341
346
309
307
346
342
306
312
350
338
307
325
359
338
310
334
360
332
309
339
358
324
308
346
357
322
315
354
354
318
321
358
350
313
327
363
347
314
334
363
342
320
351
375
346
328
361
373
336
321
354
357
320
321
359
353
318
327
363
350
317
336
367
344
316
341
367
338
317
351
367
334
331
409
483
498
511
535
470
350
316
356
354
318
325
354
334
304
324
353
327
301
332
353
322
305
341
354
320
311
350
355
321
323
363
358
326
339
379
367
339
362
399
381
359
390
418
391
372
407
425
391
375
406
405
359
344
371
358
311
307
337
321
283
296
328
308
277
299
327
302
280
314
334
303
287
324
336
302
295
332
330
291
290
329
322
286
299
334
318
288
307
336
312
284
311
333
301
280
312
327
292
282
320
325
288
284
324
322
286
293
330
317
284
301
335
313
283
309
336
308
285
316
335
303
288
325
335
302
296
336
337
301
304
342
335
301
314
349
332
300
321
350
325
300
329
351
320
302
336
349
315
305
342
346
309
309
348
344
309
319
357
343
311
330
366
347
320
346
372
342
320
352
364
325
308
342
350
314
308
345
343
306
311
347
337
302
317
351
333
303
324
352
328
302
332
369
389
439
525
558
505
424
378
347
318
327
364
351
311
318
352
336
304
323
354
331
306
334
359
330
311
346
362
333
323
360
367
333
332
372
373
340
350
391
385
356
377
415
399
373
400
429
404
381
411
428
390
367
392
393
345
325
352
343
299
295
328
317
278
289
323
306
275
298
329
307
281
310
333
303
284
318
333
301
291
328
334
298
297
337
333
298
306
342
329
295
311
344
322
292
316
341
311
288
320
338
308
295
332
342
308
302
340
339
304
308
346
335
298
309
342
327
300
323
350
325
299
326
346
314
295
329
342
307
297
334
337
301
301
338
332
297
306
343
330
297
315
345
322
295
322
347
318
297
329
348
316
303
339
349
316
315
354
354
318
322
358
346
310
319
348
327
296
318
346
321
297
327
347
317
301
335
347
312
304
341
343
306
310
350
339
303
333
419
472
480
507
508
404
306
316
349
330
310
339
351
317
305
342
349
313
311
349
348
313
322
360
351
321
337
372
353
326
351
380
356
335
369
391
360
349
388
402
372
369
410
414
381
385
424
416
378
386
415
390
348
356
375
340
304
323
339
304
282
311
322
288
278
315
319
283
282
321
316
281
290
327
314
282
299
332
311
283
309
336
309
288
320
338
308
294
330
338
303
299
337
335
301
305
342
332
298
312
347
329
298
319
348
324
299
329
350
319
302
336
348
314
304
343
347
311
311
349
343
307
317
352
338
306
325
357
336
310
336
361
334
314
346
364
336
326
365
374
340
335
369
365
325
326
360
348
313
327
359
339
309
331
358
332
309
339
359
329
313
348
359
326
321
357
356
331
373
475
520
503
499
474
378
309
332
373
351
321
343
363
331
311
344
360
328
317
355
361
327
326
365
363
329
338
377
367
335
353
388
370
344
372
402
379
361
397
420
391
379
419
432
399
393
431
431
392
390
419
401
355
356
379
351
312
326
350
322
296
323
345
314
295
328
341
307
297
334
337
302
301
337
333
300
309
347
335
304
323
355
333
303
329
355
327
306
338
356
324
311
345
353
318
313
349
347
312
318
355
345
310
323
355
337
306
327
355
331
306
334
353
322
304
339
351
317
308
344
344
308
309
345
338
305
314
349
334
303
323
355
332
305
332
355
327
311
347
365
332
320
356
360
324
318
352
347
311
318
353
341
308
324
357
336
306
330
355
330
306
337
357
325
310
348
357
322
327
407
476
489
508
533
463
347
324
363
356
324
338
363
337
311
339
361
331
311
345
359
327
317
354
360
326
325
362
360
325
335
373
364
334
354
389
371
347
377
408
385
367
402
423
394
382
419
429
394
384
414
404
357
349
375
355
311
316
343
319
285
303
329
304
279
308
329
298
280
314
327
293
284
322
326
290
289
328
323
289
298
336
322
290
310
341
319
291
319
345
317
297
329
346
313
301
337
345
311
308
345
344
309
315
353
341
309
322
355
336
308
331
358
331
307
336
357
325
309
343
353
317
308
342
341
304
305
343
336
301
313
348
333
302
322
353
329
304
332
356
327
311
346
363
332
322
358
362
325
320
353
345
307
314
352
340
307
323
355
335
308
331
357
330
307
339
358
325
311
346
357
320
316
374
428
458
503
552
517
403
342
354
346
322
340
360
331
304
331
353
322
304
338
352
319
310
347
350
314
314
353
349
316
327
364
352
323
344
379
361
338
370
400
378
362
399
420
391
380
417
428
392
387
421
414
370
366
391
368
322
326
351
326
291
309
333
304
279
308
328
296
280
314
326
291
285
322
325
289
291
330
323
289
301
336
321
290
310
340
317
292
319
342
314
294
328
344
311
300
337
342
305
304
342
340
305
311
346
335
303
318
350
329
300
324
350
324
301
332
350
319
304
339
349
315
309
345
345
310
313
349
339
305
318
353
336
304
325
355
332
306
335
357
329
315
351
366
333
321
356
359
321
315
349
340
304
312
348
337
304
319
349
327
298
322
347
320
300
332
350
317
303
340
345
311
321
408
478
495
517
536
455
335
316
356
348
318
333
355
326
300
329
350
320
305
340
353
320
314
353
356
322
325
364
360
328
339
377
365
336
357
390
372
350
381
410
387
372
407
425
395
384
421
428
390
383
415
402
356
350
375
351
307
314
339
312
279
299
324
296
270
299
317
284
269
305
315
281
273
311
313
278
281
317
309
275
288
323
306
275
296
326
303
278
307
330
301
282
314
328
295
285
321
326
291
289
326
322
286
293
329
315
283
300
333
313
285
310
336
309
288
320
338
305
291
327
337
303
297
335
334
299
306
344
339
309
322
355
335
302
321
346
319
292
320
341
311
294
326
338
304
294
330
333
298
299
336
331
296
306
342
330
294
312
355
375
414
491
533
486
394
345
333
308
307
346
350
312
306
342
342
308
315
351
341
308
322
355
337
311
336
364
339
318
350
371
343
330
368
382
351
348
389
395
363
369
410
407
376
389
426
411
379
397
425
398
363
380
391
349
319
342
348
308
293
325
327
289
285
321
318
282
288
323
310
278
295
327
306
279
303
329
303
282
313
331
300
285
320
330
296
291
329
330
295
300
337
328
294
307
341
324
295
317
345
322
298
326
347
317
299
332
346
312
302
339
343
310
311
348
342
307
320
359
348
317
335
366
342
313
337
359
330
308
339
356
324
310
344
351
315
310
347
345
312
317
352
341
308
324
359
342
310
338
396
433
469
525
542
462
361
343
349
325
319
352
349
309
308
345
339
305
316
352
337
306
325
355
333
308
336
360
334
316
351
369
339
330
369
378
347
348
391
393
364
376
416
409
379
397
432
413
383
404
426
391
357
375
382
340
315
342
346
306
295
330
330
294
295
332
324
291
304
339
322
291
313
344
320
295
324
347
318
300
335
350
317
307
344
349
314
314
352
347
312
320
356
343
311
327
358
337
310
335
359
331
309
340
357
324
310
345
356
324
320
359
359
323
328
366
356
323
336
371
357
329
351
378
352
327
354
371
339
319
352
364
331
322
361
364
326
325
362
358
323
331
367
354
324
343
374
355
328
353
389
403
450
535
574
528
454
407
374
340
345
379
370
328
327
359
346
313
328
360
340
311
335
361
335
313
343
362
331
316
351
364
331
326
365
370
339
345
387
383
354
371
411
399
370
393
425
403
377
402
421
387
359
382
386
342
320
347
346
304
297
330
323
287
295
330
318
288
305
337
317
289
314
341
314
291
321
339
308
291
324
332
298
292
330
330
296
302
340
332
298
311
345
328
298
320
347
324
300
328
349
317
299
332
344
311
301
338
341
307
309
347
340
306
314
348
334
302
321
352
331
305
330
355
327
307
340
359
330
320
356
364
329
323
358
353
315
317
352
341
307
320
352
335
308
330
358
333
310
340
360
331
315
349
360
327
321
356
364
353
413
516
549
521
497
451
367
316
343
379
354
321
344
364
335
316
349
365
335
325
361
365
328
325
364
362
330
339
374
365
334
350
384
367
340
366
397
375
358
393
418
392
380
419
432
399
393
429
428
388
384
412
393
348
347
370
345
307
321
346
319
291
317
337
307
289
322
335
301
291
328
334
299
298
335
331
299
309
344
331
300
319
350
330
303
328
354
327
307
337
354
323
309
343
351
317
313
350
349
314
317
351
339
307
320
354
336
307
327
354
328
305
333
354
323
306
340
351
316
307
343
347
312
313
349
343
309
317
351
336
305
325
356
336
311
336
359
332
316
350
366
335
323
360
366
328
323
355
349
312
318
353
341
307
321
353
334
305
327
353
327
304
333
352
321
305
339
350
319
309
347
364
379
449
537
548
493
431
383
334
310
337
365
334
303
328
351
323
306
338
353
322
312
349
356
323
323
360
358
325
334
371
361
331
348
380
363
339
365
395
374
358
394
418
392
381
419
431
399
393
430
428
387
381
408
388
342
342
364
335
293
305
326
297
270
295
316
286
271
308
324
291
282
320
327
293
293
331
327
295
303
339
328
296
312
342
321
294
318
340
314
295
325
342
311
298
333
342
308
303
339
337
302
306
341
332
299
312
345
328
298
320
347
322
298
326
345
315
299
333
345
312
304
341
345
310
309
346
339
306
314
348
334
302
321
350
327
301
326
350
323
303
333
343
308
294
327
332
295
289
325
322
287
294
334
324
293
308
342
323
295
317
341
314
291
320
341
311
296
332
343
311
303
338
341
304
305
339
329
291
300
333
318
288
302
334
334
366
465
537
520
470
419
357
303
303
348
350
307
298
332
328
294
301
337
325
295
312
345
327
302
327
355
331
310
343
363
336
326
365
378
348
348
388
394
364
370
411
408
379
394
431
418
391
412
440
414
383
401
413
373
343
364
369
329
313
344
345
307
303
338
331
297
304
338
326
295
310
341
322
291
312
333
305
281
310
328
297
281
316
325
290
284
321
320
286
290
327
317
285
297
329
312
283
305
332
309
286
315
334
305
289
320
331
299
290
328
332
298
298
334
330
295
302
335
319
287
305
336
313
287
313
338
308
286
317
333
302
292
328
335
302
301
338
337
304
309
345
336
307
324
358
339
309
329
354
324
298
324
345
315
298
330
340
307
298
334
336
300
299
335
329
296
307
342
328
301
319
344
329
335
423
507
505
478
459
391
311
298
345
355
317
311
344
340
307
313
347
337
306
322
355
337
309
333
359
334
313
344
364
336
324
359
372
340
337
379
384
355
362
403
400
368
381
418
405
375
395
423
398
368
387
401
361
331
352
356
315
298
328
329
291
287
322
317
282
289
325
312
281
297
329
309
282
306
331
306
286
317
336
306
293
328
337
305
302
340
339
304
308
344
336
303
315
347
331
304
326
354
332
309
338
359
331
314
347
360
329
321
358
362
326
325
362
357
323
332
367
354
322
339
370
349
323
347
372
346
326
358
374
342
329
367
378
346
343
379
378
343
345
379
364
327
339
371
354
325
346
373
348
324
352
372
342
325
359
370
337
328
363
368
336
335
374
393
417
489
558
546
475
412
382
348
333
363
382
348
325
354
369
337
325
360
367
334
331
367
365
332
339
375
365
334
350
383
367
340
365
394
371
352
386
408
382
371
410
426
396
391
428
431
398
400
434
423
382
382
405
378
337
345
365
333
303
324
343
311
291
322
336
303
292
326
332
299
297
334
331
297
304
338
327
296
313
344
324
297
321
348
323
301
331
349
319
305
339
348
314
307
344
345
310
314
350
342
310
322
354
336
306
326
352
328
303
330
352
324
307
339
352
320
309
345
350
315
314
351
346
313
322
357
345
313
330
360
338
311
335
360
335
315
345
362
333
323
359
370
335
331
366
362
327
327
358
347
312
324
357
339
309
330
357
333
309
337
358
328
311
344
356
322
314
352
355
321
329
404
465
483
515
540
471
356
330
361
350
324
342
360
330
309
339
355
324
313
348
356
322
319
356
356
322
329
365
357
325
341
375
358
332
356
386
365
347
380
404
379
369
408
423
393
387
424
428
393
392
423
410
366
365
388
361
319
328
350
322
291
314
334
305
286
316
331
300
287
322
328
294
292
329
327
293
299
334
323
292
307
339
320
292
316
343
318
296
325
344
313
299
332
343
309
303
338
339
305
306
342
334
301
312
345
329
299
318
346
324
299
325
346
317
299
330
345
312
302
337
343
308
305
341
337
304
312
346
334
302
317
348
328
300
323
348
322
301
331
349
317
303
337
348
315
310
346
348
316
322
359
352
321
334
367
349
317
335
357
330
305
332
352
322
304
337
350
318
308
343
347
313
312
349
345
311
312
329
303
263
285
348
391
426
486
514
445
337
310
318
298
290
322
326
291
286
322
321
288
294
327
318
285
299
333
316
288
310
339
318
296
327
350
324
311
349
365
338
335
375
383
354
357
398
397
367
379
416
406
375
392
419
392
357
372
384
346
315
336
345
308
292
322
325
289
284
320
317
283
289
325
317
286
300
335
319
291
313
341
317
294
320
339
309
295
330
342
310
302
337
338
304
305
341
335
303
313
346
331
302
321
350
327
301
327
349
320
299
328
341
308
297
332
339
304
302
338
336
302
308
343
332
301
314
345
325
298
321
347
322
300
327
346
317
302
335
345
312
307
344
345
311
314
350
344
312
323
357
342
314
333
362
341
316
343
367
340
322
356
371
337
324
356
357
320
316
351
349
314
319
354
342
311
326
357
337
309
332
358
332
310
340
360
331
315
354
393
425
483
554
558
479
391
366
347
325
340
369
344
311
328
356
332
308
335
357
329
311
343
357
326
318
353
357
324
324
362
360
328
339
376
366
338
358
394
380
358
388
416
394
377
409
430
401
388
421
427
387
373
399
388
343
334
359
341
302
309
336
315
282
301
328
304
280
306
327
299
281
314
327
295
285
320
325
294
295
331
326
292
301
337
324
292
309
340
320
295
319
343
316
297
328
344
310
295
329
336
303
298
335
335
302
308
344
335
302
315
347
328
299
321
346
320
297
325
344
313
296
328
340
307
300
337
341
307
307
342
336
303
311
345
334
305
323
354
335
311
337
361
335
317
347
360
325
307
337
342
309
303
338
336
303
307
342
331
300
313
344
326
298
320
347
324
305
337
354
324
323
400
476
488
490
500
426
317
296
342
347
315
321
351
335
303
321
351
329
304
331
355
329
310
342
358
327
318
355
364
334
334
369
367
335
343
382
375
347
366
402
388
365
391
421
400
380
411
430
400
382
410
413
371
353
379
368
323
316
344
330
293
301
332
315
284
301
328
305
281
307
329
300
283
316
331
300
291
327
332
299
299
336
334
301
308
342
330
300
317
347
327
301
325
350
323
302
331
348
317
304
339
349
316
311
346
345
311
315
350
343
310
322
355
335
302
320
347
324
301
329
351
323
306
339
352
320
314
353
362
329
328
363
357
321
328
359
343
311
327
357
337
310
333
359
334
313
344
361
331
319
353
362
329
323
361
364
328
335
393
442
473
520
555
502
390
348
364
351
333
358
374
341
322
354
366
334
326
363
368
334
335
371
366
334
343
375
362
332
350
380
360
336
364
391
367
351
385
406
380
373
412
425
396
396
434
434
401
405
436
419
378
382
403
374
334
345
363
332
303
326
342
311
295
329
341
306
298
333
335
302
304
340
332
298
306
337
323
294
313
342
320
295
321
344
315
297
329
344
313
304
339
344
310
307
343
341
308
313
349
338
307
321
353
336
309
330
354
328
307
337
356
326
310
343
352
319
312
349
350
315
317
351
343
309
320
353
339
311
331
361
338
315
343
369
341
323
353
364
331
318
349
351
316
314
349
345
312
319
353
341
309
325
356
336
309
335
361
335
313
342
361
328
315
365
426
459
496
543
522
415
343
353
352
327
336
363
342
310
330
358
335
312
340
360
332
317
351
366
335
328
364
369
336
337
374
371
340
352
388
378
349
369
405
389
368
398
427
404
387
419
437
406
392
423
425
384
369
393
380
335
329
355
339
302
311
339
320
290
310
336
312
290
319
338
308
293
325
337
305
296
331
334
301
303
339
333
301
311
345
332
303
321
351
330
305
330
353
328
309
340
354
325
313
346
350
316
313
348
346
312
318
353
341
308
322
354
336
309
331
358
335
313
342
360
328
312
346
357
325
318
352
353
320
320
355
346
312
322
356
342
312
330
359
336
310
335
359
336
322
355
370
338
326
359
362
323
317
352
348
315
321
356
342
308
322
353
334
307
329
353
327
306
335
353
324
312
344
355
337
382
484
533
513
493
459
373
311
330
371
351
316
330
355
331
306
333
355
329
313
346
359
324
313
350
357
325
326
363
361
330
341
378
366
337
357
394
380
359
387
416
396
379
412
431
403
391
425
433
398
386
413
401
354
345
368
348
305
310
336
314
282
300
325
299
275
302
324
295
279
312
325
294
287
323
327
294
294
329
323
291
301
336
323
295
313
342
322
298
324
349
323
303
332
346
315
303
337
344
310
305
341
339
306
311
344
334
303
317
349
332
304
324
348
321
298
326
344
315
300
333
342
309
301
336
338
304
304
340
335
302
311
344
330
301
319
349
327
303
329
353
326
307
338
352
321
308
344
353
323
322
359
358
325
331
365
353
318
329
356
336
307
329
353
327
306
337
356
324
306
339
350
317
311
346
346
312
317
351
344
327
388
491
528
515
516
472
366
308
341
371
340
316
343
355
323
312
346
350
317
316
352
349
317
326
359
347
318
335
368
350
325
351
377
352
333
364
385
359
350
390
404
376
375
413
416
385
391
429
421
385
392
417
391
349
357
373
337
302
321
335
303
283
313
323
290
281
316
318
283
282
318
313
280
289
324
312
283
299
327
305
278
303
327
301
283
313
328
297
285
318
326
295
291
327
326
292
296
329
320
287
300
332
316
288
309
335
311
288
316
335
307
293
326
339
306
296
330
332
299
300
337
330
296
306
340
326
297
317
347
325
298
323
344
317
300
334
349
319
310
346
351
318
315
353
352
319
326
360
348
314
326
354
333
303
323
351
326
305
333
352
323
309
341
351
317
310
344
343
308
307
340
334
300
306
342
354
386
471
531
506
431
368
334
300
293
330
342
306
293
325
330
297
297
333
330
297
304
339
328
298
315
347
330
305
329
354
332
313
345
365
338
328
367
381
352
351
391
394
365
371
409
403
373
386
417
399
365
376
394
359
324
340
350
313
289
315
324
289
278
311
315
281
280
315
311
278
286
319
307
279
298
328
307
283
308
333
308
288
320
339
308
295
328
335
301
297
332
330
297
301
336
328
297
310
341
325
295
317
344
320
297
324
343
313
298
332
343
311
304
339
341
307
308
343
338
305
315
347
332
302
318
345
324
298
324
348
320
302
335
354
325
317
352
358
322
317
348
341
304
308
341
330
300
314
345
327
300
323
348
322
300
329
348
320
306
338
350
320
312
347
362
376
446
529
536
480
420
379
337
314
344
373
347
319
343
363
335
318
349
364
335
326
361
368
336
336
373
371
339
347
382
372
343
361
393
377
353
380
409
388
372
406
428
402
391
426
438
406
399
434
432
393
388
413
393
348
348
370
346
310
323
345
319
292
318
337
309
292
323
335
302
293
328
331
299
299
336
332
299
308
343
330
300
319
348
327
302
326
349
322
303
332
348
318
306
339
347
314
310
346
343
310
314
349
339
307
321
353
335
307
328
355
331
308
336
355
326
311
342
353
321
314
349
352
320
321
356
349
316
327
361
347
317
333
361
341
320
347
371
344
325
356
369
336
322
352
355
319
316
350
348
315
320
354
343
311
326
356
337
311
334
358
333
311
341
360
328
319
379
448
477
505
542
505
388
329
352
354
326
332
359
339
308
327
354
332
309
336
358
331
314
346
359
329
321
356
362
330
331
368
367
336
346
383
375
347
368
403
389
367
396
425
403
386
419
438
408
394
424
427
385
369
393
381
336
330
356
339
301
309
337
319
289
309
335
312
288
314
334
306
289
322
334
302
294
329
333
300
300
336
331
298
309
344
330
301
318
348
326
301
326
349
322
302
332
347
316
304
338
344
311
307
340
338
305
311
344
333
301
316
347
329
301
323
348
324
302
330
349
319
305
339
351
320
313
348
351
317
318
352
345
313
328
364
349
319
336
363
342
317
343
366
341
323
356
373
345
333
368
373
337
333
365
357
321
328
362
351
320
334
363
343
315
337
361
334
311
338
354
323
309
340
349
318
310
349
370
393
460
538
539
476
406
367
330
310
334
359
331
303
327
346
317
301
333
346
315
306
341
348
316
315
351
348
317
326
361
350
322
341
373
355
333
362
389
369
354
389
411
384
374
411
422
391
388
424
420
383
380
405
384
341
342
362
335
299
314
336
308
284
310
329
299
283
315
326
294
288
323
325
291
291
328
323
292
303
336
322
294
312
341
320
297
323
344
317
299
329
344
313
301
335
341
307
305
342
341
309
316
351
341
309
324
356
338
311
333
358
333
312
340
358
328
314
347
358
325
319
354
355
321
323
358
350
317
329
360
345
315
335
363
341
316
341
362
335
318
350
363
332
322
357
364
334
335
369
361
324
327
359
344
309
322
350
329
302
325
350
324
303
332
348
318
304
337
345
312
306
340
340
308
313
345
341
337
411
508
529
503
483
423
335
300
338
363
332
311
340
350
316
308
343
347
314
315
350
346
314
324
359
347
320
337
368
349
326
352
378
354
338
371
391
365
358
398
410
382
382
422
424
393
400
435
423
388
396
418
391
351
360
374
339
307
328
340
305
286
318
328
295
288
321
322
289
291
326
320
288
298
331
318
289
307
335
314
290
317
340
314
296
326
340
310
299
334
341
307
303
338
335
302
308
341
329
297
312
342
324
297
319
343
318
298
326
344
314
300
333
343
310
304
339
339
306
309
344
336
303
315
348
333
305
325
354
331
306
334
354
326
311
343
358
327
317
352
357
327
328
366
363
330
338
369
356
322
332
358
337
310
334
358
332
312
342
358
327
314
347
353
320
316
352
352
318
323
358
346
319
359
454
505
513
533
515
400
313
333
364
342
324
350
358
324
315
349
352
320
319
355
350
319
330
364
352
323
341
371
353
330
357
381
357
340
372
392
367
362
401
414
387
390
429
432
402
409
444
434
401
410
437
412
372
380
394
357
323
342
354
318
296
323
332
298
290
325
326
292
293
329
323
292
302
336
321
294
312
341
320
295
320
342
316
299
329
343
313
302
336
341
309
308
343
339
306
313
346
336
305
319
348
329
303
326
350
325
303
331
348
319
306
339
348
316
311
345
343
308
309
343
335
304
316
350
335
308
327
354
331
308
337
358
332
316
348
361
328
317
347
348
312
309
344
340
307
314
347
333
303
320
350
330
303
326
350
326
307
336
354
327
311
343
365
378
441
525
538
481
411
368
333
309
332
365
344
311
329
354
331
309
336
355
328
313
346
358
326
318
355
360
330
331
369
366
336
347
383
373
347
367
400
384
364
393
421
399
383
416
435
406
395
429
436
398
386
410
396
350
344
368
349
309
316
342
320
290
310
335
309
285
312
330
300
285
318
328
297
290
325
327
295
298
333
327
296
307
340
326
298
316
344
323
299
326
348
321
304
335
348
317
307
341
347
315
313
346
342
310
316
350
339
308
323
353
334
307
329
354
328
307
336
354
324
311
345
354
321
315
349
352
322
329
366
359
327
337
366
348
317
331
355
331
307
333
354
326
309
341
353
322
313
348
352
319
317
352
347
315
324
359
343
319
362
454
497
505
528
510
399
319
338
365
339
322
348
352
319
314
348
348
316
320
355
347
316
329
362
347
320
342
370
350
329
359
380
354
340
375
391
363
360
399
407
380
385
425
423
393
405
439
427
395
409
431
401
363
376
387
349
320
341
350
314
299
330
334
300
295
330
327
293
298
332
321
291
306
337
319
291
312
337
313
291
320
340
312
298
331
341
309
303
338
339
306
307
342
334
301
311
344
329
298
315
343
321
297
322
343
315
296
327
339
308
296
331
337
305
303
339
335
302
310
343
331
300
314
345
326
299
323
349
325
305
334
350
320
308
344
355
323
317
352
349
314
314
344
333
300
311
343
326
297
316
343
320
297
323
343
316
299
331
343
312
305
341
349
314
317
374
426
460
511
555
515
404
347
355
343
322
341
357
327
305
334
349
318
306
339
347
314
310
346
346
316
322
358
349
319
334
366
352
327
351
379
357
338
368
392
369
359
396
412
384
379
416
421
389
389
421
410
370
369
391
365
323
330
349
320
288
308
327
298
278
308
322
291
276
305
308
274
273
311
309
276
283
317
307
276
292
324
306
280
302
327
303
283
314
333
304
291
323
333
301
293
328
329
296
300
335
327
296
307
340
325
296
314
343
321
297
322
343
316
297
327
341
310
300
334
339
305
304
338
334
303
311
346
333
302
316
346
327
300
322
347
321
302
332
350
320
308
343
355
327
326
363
364
331
332
364
353
317
326
356
340
311
331
357
333
309
335
354
326
310
342
355
324
314
347
349
316
318
352
347
329
387
489
528
516
515
475
371
308
336
367
339
313
338
351
320
307
339
347
314
311
347
346
314
320
356
348
318
333
365
350
324
347
376
355
336
367
389
364
354
392
408
381
379
418
424
394
397
434
427
393
398
423
400
360
364
381
349
313
331
346
315
292
319
332
301
291
325
330
298
296
329
326
294
300
335
324
293
307
338
320
294
317
343
319
298
327
346
317
304
337
346
314
308
343
343
310
312
347
338
307
319
350
335
308
327
353
329
305
330
349
321
303
333
345
314
305
338
342
309
308
343
338
304
312
345
333
302
316
345
325
300
324
347
321
302
331
347
318
306
340
348
316
312
349
352
322
327
360
350
317
328
356
334
304
322
347
324
301
328
347
318
304
336
347
316
307
342
346
313
314
348
343
313
320
353
354
374
463
545
542
496
447
387
328
314
352
365
327
310
341
346
313
310
346
345
313
319
353
342
312
328
360
344
318
341
367
345
325
354
373
347
336
373
387
360
357
397
404
375
381
419
416
385
396
427
411
378
388
407
374
336
350
360
323
296
321
328
293
280
313
315
276
272
306
302
269
278
313
302
272
287
317
299
272
296
322
298
278
307
326
297
285
317
325
294
289
325
325
293
297
331
322
290
302
333
316
288
308
335
313
290
318
337
309
293
324
335
303
296
331
334
301
301
336
331
300
309
343
330
301
319
348
328
303
327
350
326
310
342
360
330
319
351
356
322
315
348
343
309
315
349
339
309
322
352
335
308
330
356
332
310
338
357
327
312
347
356
321
321
388
456
483
506
531
468
351
318
353
350
325
338
361
337
312
337
359
333
315
345
360
330
319
355
362
331
331
367
366
335
343
378
370
343
361
394
379
356
383
412
392
376
409
431
405
395
430
441
408
401
430
423
381
373
396
376
331
332
355
333
301
316
340
316
291
317
336
309
292
323
336
305
297
331
334
303
303
338
334
302
312
346
334
306
323
353
333
307
331
354
329
309
339
354
324
311
343
349
316
312
347
346
314
319
352
342
310
324
355
337
310
331
356
332
310
336
355
326
310
343
355
325
318
351
353
320
324
362
358
328
338
370
354
322
337
362
338
311
336
358
330
313
342
356
325
314
347
354
322
319
353
350
317
323
359
351
320
336
385
419
458
521
553
497
397
355
354
334
325
354
358
322
314
347
348
315
317
351
344
314
327
361
346
319
339
367
346
324
351
374
349
335
368
384
357
351
390
399
372
376
416
417
388
400
436
425
394
407
435
410
375
386
399
362
331
351
358
321
302
330
334
298
292
327
325
292
297
331
322
291
303
335
319
292
313
340
317
296
323
342
314
298
330
341
310
303
337
340
308
308
343
339
307
317
348
334
305
323
352
331
306
331
354
328
311
341
354
322
310
343
348
316
313
347
344
311
317
351
340
309
323
353
334
306
326
351
327
305
333
350
320
307
340
351
320
315
350
351
319
324
362
356
326
337
368
351
320
336
360
334
307
332
352
324
306
336
348
317
307
341
345
313
312
348
345
314
320
353
346
316
333
374
401
442
515
559
519
431
377
356
330
325
356
357
320
313
346
344
312
316
349
339
