292
275
357
338
293
293
359
346
313
348
497
529
498
477
490
383
301
308
381
344
296
312
368
337
292
298
371
336
293
314
374
332
292
329
381
335
297
344
383
337
306
341
397
357
318
366
407
364
334
368
421
381
343
390
429
383
344
378
423
375
331
368
401
347
300
330
378
327
280
321
360
310
268
322
354
312
273
314
354
309
271
327
356
308
273
340
355
306
277
352
352
312
276
339
356
307
276
350
354
314
276
340
356
307
275
350
354
301
274
337
357
306
271
344
351
303
277
342
359
309
279
350
354
305
279
344
362
313
280
353
359
311
284
361
353
306
289
373
361
315
300
381
370
323
307
386
369
318
305
382
364
313
290
370
356
308
294
376
353
312
288
370
356
306
292
377
350
311
288
370
357
310
301
413
458
471
481
563
514
392
314
377
361
316
308
379
345
297
305
375
341
296
314
375
347
303
311
381
347
306
329
389
358
314
323
400
368
320
342
405
381
340
351
426
398
353
371
433
406
362
365
439
405
350
358
413
369
328
325
391
353
304
315
372
327
282
311
364
319
278
322
363
314
274
312
365
323
284
328
368
321
283
317
372
330
291
333
373
325
288
342
380
335
291
330
371
326
288
340
373
332
292
330
372
326
290
342
374
336
293
332
376
327
288
342
374
324
285
348
372
323
292
363
367
320
291
352
373
325
293
366
375
326
299
363
384
339
310
384
391
343
309
368
386
335
296
362
369
322
296
356
378
325
291
362
370
321
292
368
374
327
295
361
369
323
293
368
381
375
423
563
580
524
452
444
366
320
302
382
365
311
291
370
347
309
286
368
359
310
293
375
357
305
289
372
365
319
302
385
368
322
305
390
386
341
327
411
396
351
345
416
415
365
344
425
408
361
349
423
390
341
336
402
363
310
315
374
342
294
294
365
331
286
299
366
339
292
291
366
336
292
302
368
336
298
296
369
338
293
305
373
336
303
303
372
336
295
306
374
338
294
298
371
338
295
307
375
337
291
315
375
331
290
324
373
325
286
336
372
330
288
321
368
325
287
333
372
331
290
324
373
327
287
336
373
336
294
326
372
329
294
340
380
340
299
333
383
342
306
352
391
346
313
342
401
349
294
334
375
325
286
341
370
320
284
350
368
319
288
344
371
320
283
351
366
320
289
343
374
348
372
507
576
535
477
476
419
328
292
360
372
318
283
354
366
317
280
345
364
315
283
354
362
323
287
348
371
323
295
367
374
329
303
381
380
336
319
403
394
351
334
412
409
363
344
425
409
362
343
416
407
350
323
399
377
321
299
365
355
303
281
359
344
295
280
350
348
299
276
357
345
298
281
363
353
304
274
357
347
298
284
364
342
295
289
368
342
297
300
372
337
299
290
368
339
291
299
371
335
298
290
369
342
294
296
369
335
293
293
371
343
296
298
371
337
293
289
368
341
298
299
372
339
294
306
370
345
299
298
371
339
294
308
375
337
293
320
378
336
299
339
384
350
309
337
394
351
308
345
388
347
297
321
380
336
295
330
372
331
296
319
375
333
287
323
370
326
293
315
372
332
292
322
372
360
385
465
569
537
468
427
402
330
295
346
378
324
283
339
364
313
279
350
368
321
283
341
367
317
287
359
378
334
298
355
383
335
304
373
397
353
316
377
409
364
334
402
420
382
344
400
426
376
341
404
413
358
326
370
393
334
290
348
360
306
271
342
344
294
268
343
337
287
269
341
347
296
267
347
344
294
272
342
350
300
272
352
347
297
277
359
355
304
275
354
346
296
275
358
355
303
271
350
352
296
270
350
337
299
273
351
347
300
275
356
343
296
282
363
342
295
290
366
334
288
283
367
345
296
289
369
342
295
285
368
348
302
296
377
349
305
311
385
366
317
308
384
354
306
307
372
350
302
294
372
342
295
298
375
350
301
292
369
343
299
300
374
343
296
307
369
334
320
410
529
521
488
475
471
362
294
324
382
335
297
305
371
330
287
314
372
329
288
304
372
337
296
320
378
335
298
316
383
347
307
332
393
353
314
356
410
375
334
358
423
384
341
378
426
381
341
385
417
364
321
374
392
348
302
342
370
317
274
330
352
313
270
315
353
307
270
329
351
302
271
320
361
317
279
334
360
311
282
326
365
322
285
339
363
314
278
328
369
322
281
337
367
317
278
344
361
312
279
354
357
308
283
363
364
314
279
354
358
309
281
363
366
317
283
355
363
315
287
369
365
325
295
364
370
325
301
382
376
337
302
373
379
327
293
371
366
316
290
361
369
318
288
368
364
315
292
373
362
313
293
378
357
309
305
373
364
341
388
539
565
523
487
498
408
321
303
387
378
313
293
370
351
302
286
370
353
304
297
378
362
314
300
386
366
318
312
392
364
327
313
399
384
338
332
415
395
350
354
431
401
355
369
446
408
354
356
429
392
341
349
408
362
312
313
384
346
297
304
372
330
286
311
368
337
292
301
370
332
288
312
372
341
296
304
374
339
296
314
380
347
299
307
377
342
298
318
385
334
285
323
376
329
290
338
373
324
291
324
375
329
288
336
375
327
292
328
380
332
293
337
378
328
291
329
379
334
292
338
379
333
295
331
382
341
303
342
383
337
302
362
397
353
314
354
394
345
306
357
380
327
293
358
371
319
288
363
367
327
291
353
370
321
288
360
366
324
287
352
370
321
299
415
493
506
503
569
551
418
315
368
378
328
293
350
366
316
283
353
361
311
283
346
369
320
285
356
371
323
288
372
371
324
301
386
377
330
317
404
395
350
329
414
404
359
343
426
417
368
339
420
408
355
331
409
384
341
304
377
360
309
286
364
341
298
269
354
347
293
272
360
341
292
274
356
348
296
278
365
348
296
285
371
343
294
294
371
336
292
307
373
347
296
295
374
340
291
305
370
344
297
294
372
339
291
300
371
344
297
293
373
341
294
301
372
346
300
296
373
341
294
301
373
336
299
295
373
342
296
304
377
342
299
319
381
340
296
332
389
346
308
332
393
351
306
335
383
336
290
311
376
335
290
322
378
327
286
331
378
337
292
320
377
333
291
331
376
336
287
318
394
409
435
526
582
529
418
361
384
340
305
340
377
324
279
331
367
319
279
342
363
314
284
337
371
322
286
351
380
323
292
347
387
341
303
369
398
349
317
375
415
368
333
398
424
374
340
393
430
379
342
397
412
356
314
376
390
334
290
343
362
309
272
338
350
300
269
347
348
295
269
352
344
304
272
348
351
301
277
360
351
310
278
355
356
305
277
358
349
300
278
355
358
306
277
358
354
299
275
350
356
309
279
359
351
300
278
351
360
310
280
359
353
303
279
366
352
301
287
371
346
297
294
374
354
303
286
370
346
297
293
375
354
306
291
375
352
304
301
383
353
315
302
389
368
317
311
391
363
322
298
376
353
304
297
375
345
297
285
371
352
302
294
374
343
294
301
376
341
293
307
377
334
288
337
434
470
481
515
571
470
342
322
377
349
302
315
377
330
283
310
371
336
289
301
371
333
288
315
376
344
297
311
384
347
304
331
391
348
316
332
406
372
330
356
422
380
336
376
424
378
336
387
424
372
327
363
411
358
307
351
387
321
272
304
356
307
265
310
349
301
261
322
354
309
268
314
357
308
268
327
361
316
273
317
358
311
275
330
359
320
279
320
362
316
277
331
362
310
273
340
356
306
271
347
350
302
275
342
359
306
273
350
354
302
275
342
361
309
276
348
355
305
277
344
364
311
278
350
360
306
276
340
365
316
281
354
365
315
284
367
376
326
295
366
376
323
291
365
361
308
281
366
351
301
286
369
347
306
280
364
353
302
284
368
349
305
279
363
354
301
285
391
430
446
466
562
536
420
320
370
354
312
293
365
352
301
280
367
346
296
285
361
356
309
289
370
352
304
295
382
356
310
312
394
363
315
331
406
381
337
341
422
391
345
358
433
405
355
353
431
399
349
352
422
374
333
320
394
352
301
305
375
333
292
287
368
335
284
291
366
330
284
286
368
337
292
298
371
334
291
313
378
338
292
324
378
333
291
336
381
338
293
324
376
332
289
334
378
336
292
321
378
332
292
336
375
338
292
325
380
334
293
338
381
342
297
326
381
335
293
336
385
334
300
324
385
343
301
341
391
344
303
360
399
349
312
377
395
342
306
356
388
337
295
358
383
331
296
349
387
338
297
356
381
329
296
372
390
335
294
360
387
333
303
407
484
506
508
574
567
435
322
370
387
346
304
355
379
327
290
359
374
323
293
371
375
323
294
382
372
320
297
378
386
335
310
396
390
341
320
399
406
362
337
423
421
369
350
422
430
378
347
430
423
366
340
409
411
350
313
389
377
319
291
374
365
313
283
363
355
306
283
366
353
302
286
371
350
301
297
377
345
307
292
375
355
308
301
379
348
307
293
376
355
306
298
378
350
301
293
378
355
306
297
381
348
301
290
373
351
302
292
375
349
302
304
376
356
306
296
382
354
302
302
383
346
297
310
382
341
295
324
382
350
303
317
389
350
307
331
391
360
316
330
399
360
314
337
398
345
303
311
383
344
296
319
380
335
298
307
382
343
297
319
379
335
291
309
380
339
294
312
377
351
361
466
570
536
474
457
418
331
293
360
392
334
282
327
370
320
279
338
372
325
284
332
374
326
285
345
381
332
286
331
376
332
297
359
393
356
312
357
407
364
328
389
420
370
341
386
432
382
337
388
414
360
319
380
393
329
288
359
355
299
268
331
351
297
261
338
343
291
261
328
351
300
267
341
354
300
270
348
356
305
270
344
355
303
272
353
360
307
270
344
356
304
271
349
352
311
272
341
354
304
272
350
351
299
271
358
348
296
278
365
345
295
274
360
351
298
278
364
344
295
277
364
357
304
280
365
348
298
288
364
357
305
286
374
360
308
299
377
372
320
301
385
366
317
300
379
363
311
285
368
352
300
288
375
348
298
293
374
342
294
302
375
340
302
294
377
340
290
315
439
472
480
497
571
488
352
307
382
352
302
297
374
342
290
295
374
341
293
293
374
343
294
298
376
342
299
317
384
358
310
313
392
359
315
335
408
371
332
362
422
379
338
383
431
392
347
371
428
382
336
375
416
371
316
336
390
337
285
318
364
311
272
297
358
312
266
306
357
308
272
298
360
314
274
313
363
315
271
299
360
319
277
313
365
317
274
324
364
312
269
332
361
307
270
339
362
312
270
330
358
304
269
338
358
309
269
329
356
302
266
337
353
310
267
326
355
303
267
335
348
307
268
326
363
310
272
340
362
309
280
339
374
321
279
346
368
315
282
352
354
299
267
352
346
294
271
346
355
301
269
351
347
295
270
344
353
302
272
356
351
296
280
404
452
464
463
543
504
370
285
359
362
318
282
356
350
298
274
360
349
307
275
357
358
303
278
368
358
305
289
379
361
312
306
394
368
316
309
401
402
339
327
415
391
345
336
423
405
356
346
429
395
344
341
411
388
332
311
390
353
298
293
364
344
292
276
362
332
281
280
362
338
288
275
362
340
289
286
369
337
290
299
373
332
285
309
375
332
292
302
377
336
287
309
374
330
290
298
374
336
289
310
376
331
286
300
376
339
293
309
375
335
292
303
380
343
295
314
380
341
293
324
384
350
303
320
391
352
311
344
398
350
306
351
397
343
296
350
384
341
296
338
385
336
294
349
385
345
299
341
386
338
298
353
388
336
303
344
396
373
394
515
595
550
496
459
429
346
308
364
395
335
290
332
384
333
291
343
384
332
294
356
380
332
298
372
384
333
303
384
396
347
313
391
405
353
323
409
423
372
339
417
436
381
346
423
429
386
345
411
422
365
326
401
394
347
302
364
375
319
282
361
362
307
278
347
366
315
281
358
363
312
285
368
363
311
289
377
357
305
295
372
363
312
288
377
359
308
297
372
365
312
288
376
360
307
290
376
361
311
288
374
357
307
293
379
365
313
286
374
360
308
294
380
356
313
287
376
368
314
297
383
356
305
299
385
358
311
317
397
359
311
314
401
370
323
329
404
364
309
303
385
355
305
306
385
348
299
316
383
351
302
307
384
347
298
310
378
353
307
306
385
364
356
436
571
570
522
481
476
368
300
321
399
349
292
313
375
330
287
327
378
330
295
318
380
337
292
331
383
337
303
327
391
349
305
344
403
356
313
344
417
377
333
372
429
386
344
368
433
393
345
377
429
379
328
367
419
370
304
324
376
326
277
320
362
312
272
332
362
311
274
342
361
318
276
334
366
314
277
345
363
322
281
339
370
311
278
345
366
314
283
337
370
319
278
348
369
316
282
333
368
318
279
344
367
315
278
334
370
320
282
342
368
318
280
355
365
312
279
360
355
302
282
371
368
312
279
362
362
307
281
372
374
322
290
374
374
322
298
385
374
333
297
375
374
316
285
369
357
314
281
360
364
310
283
366
357
305
280
360
364
312
282
367
360
306
282
370
370
378
437
571
553
479
407
420
358
305
299
384
349
294
293
368
349
296
284
371
347
298
296
379
355
304
291
379
356
309
309
387
369
320
308
399
379
333
330
418
388
350
337
427
407
357
352
436
404
354
359
431
387
334
346
405
354
302
305
376
335
284
299
363
319
275
285
363
325
277
296
368
326
280
309
368
333
285
301
372
333
287
312
370
336
288
301
374
334
284
312
371
335
289
302
370
330
283
315
375
326
277
319
371
323
282
332
369
318
285
323
370
322
281
336
370
318
284
323
377
330
286
337
372
324
283
324
376
328
286
338
379
325
285
327
385
337
295
347
396
341
298
360
392
346
301
342
378
324
283
344
377
321
281
350
365
311
281
360
362
317
278
351
369
315
282
359
361
316
282
381
462
475
478
560
531
396
306
349
376
326
286
357
358
306
277
348
367
312
275
357
364
310
279
348
375
322
287
365
374
322
293
379
378
330
312
400
388
344
330
421
409
360
338
426
414
364
346
431
418
363
331
412
393
334
309
389
359
313
281
363
348
291
271
359
336
294
267
352
343
291
270
359
339
285
269
359
351
295
276
365
345
295
285
369
339
288
290
371
334
285
300
368
338
289
288
370
333
282
295
367
339
287
288
369
335
286
299
373
341
292
288
373
336
286
297
373
345
295
291
371
338
289
299
373
329
291
288
376
344
297
309
391
354
304
326
393
347
298
330
379
329
285
307
374
330
285
319
374
326
281
307
377
335
287
318
375
327
285
334
381
334
291
353
476
489
477
519
539
423
308
318
384
339
292
329
379
337
286
314
376
331
285
327
374
322
284
343
377
326
289
359
380
328
299
358
395
345
309
380
403
355
328
385
422
373
336
405
425
371
335
392
428
373
327
387
405
343
302
351
384
327
282
340
364
309
270
341
360
309
269
333
359
304
267
343
358
307
271
354
357
305
278
363
353
310
277
361
366
311
279
365
355
312
277
360
363
305
278
365
353
301
277
359
362
307
279
365
356
304
280
359
364
310
278
366
364
304
282
359
366
315
288
373
368
317
299
390
373
321
307
391
366
311
304
382
360
308
293
378
352
302
297
381
357
305
290
379
357
304
297
382
352
311
294
379
359
333
391
545
565
528
484
501
398
310
302
391
356
299
286
372
350
298
289
375
348
302
304
381
343
294
316
389
345
299
334
396
362
315
329
406
369
324
354
420
392
342
358
431
390
348
376
436
401
352
361
434
387
335
357
411
372
315
319
384
337
289
314
373
326
287
300
372
331
283
309
375
327
284
324
374
326
283
335
375
323
282
326
379
332
288
340
379
325
285
328
380
331
286
338
379
326
284
348
381
334
289
337
380
327
287
352
386
335
289
337
377
328
288
350
378
331
288
337
383
332
293
351
384
334
298
372
392
340
305
382
382
329
299
368
381
324
285
365
372
307
277
349
371
316
280
363
371
315
285
355
375
324
284
360
370
312
288
372
444
462
484
583
581
461
340
376
377
331
293
362
365
308
275
359
356
304
280
368
354
300
284
374
354
312
287
378
364
314
299
387
365
328
306
400
392
340
323
416
397
348
334
424
414
362
341
429
405
351
330
409
395
334
310
389
363
302
287
364
351
293
271
362
341
288
277
364
337
285
288
368
331
284
301
375
343
291
291
372
339
289
302
375
346
294
294
376
339
289
303
377
336
296
293
374
339
290
302
377
335
295
292
375
341
289
300
375
335
286
289
373
342
292
301
384
343
289
312
376
333
289
328
382
335
287
341
391
350
305
342
395
345
302
351
394
345
292
328
381
329
285
336
376
334
290
324
379
328
285
336
380
339
289
322
382
333
284
328
386
378
398
493
582
530
441
405
392
330
297
354
377
316
276
346
366
310
276
339
372
320
280
352
373
318
284
347
381
329
292
364
386
334
298
386
404
351
315
390
416
364
330
411
431
382
343
410
430
375
336
411
414
364
317
378
392
330
286
358
362
308
273
357
351
298
273
360
345
292
268
353
351
300
275
364
352
302
276
359
356
302
277
366
353
305
282
357
357
306
280
366
354
301
284
359
367
310
280
365
353
299
281
369
359
307
280
365
353
308
286
375
354
305
299
383
357
313
315
391
356
314
302
383
350
297
295
376
340
300
289
375
347
295
298
376
339
290
291
377
347
295
296
376
341
290
288
403
442
461
498
584
517
387
326
375
352
310
306
381
338
288
301
375
333
285
312
375
329
285
329
381
341
293
320
388
344
299
338
393
359
313
341
408
364
323
368
427
382
345
371
438
395
346
382
434
382
343
362
422
368
317
346
391
337
287
312
374
326
278
314
365
317
271
321
363
314
272
334
375
316
272
347
368
317
275
339
370
319
280
352
375
322
283
344
373
320
278
349
367
325
282
338
369
317
279
350
367
322
281
341
375
323
286
356
372
321
291
353
388
337
298
368
384
326
287
361
363
310
280
365
357
303
282
355
362
312
280
364
357
303
282
358
365
308
278
364
357
300
297
441
496
501
487
556
493
359
289
375
377
320
282
361
357
299
273
362
351
307
274
360
359
307
284
372
359
305
290
382
373
311
299
388
361
314
309
401
385
337
335
424
395
345
336
426
405
354
344
426
394
341
340
405
379
322
304
382
346
289
289
361
338
285
274
358
328
278
281
363
337
285
275
362
336
285
287
366
333
286
301
370
329
282
309
369
323
286
302
373
327
281
310
369
322
284
298
368
330
283
307
370
326
280
299
374
335
283
306
372
329
285
301
375
335
290
318
383
342
298
334
385
343
293
312
373
325
279
318
368
318
276
329
365
312
271
337
361
320
276
325
364
312
272
338
364
320
275
345
444
463
468
537
542
416
318
330
372
327
281
338
362
306
271
317
360
311
270
334
364
306
268
323
369
319
274
336
371
319
282
357
377
324
293
376
383
335
308
400
405
352
319
401
406
354
323
410
412
352
313
390
388
326
290
368
353
307
267
342
353
291
254
340
334
288
252
332
341
290
259
344
342
289
264
343
350
297
265
352
350
294
269
358
342
291
275
361
338
288
284
360
346
292
275
365
337
288
281
357
347
294
277
367
341
290
283
370
352
301
283
371
348
300
297
383
361
310
292
380
357
299
289
370
341
297
277
368
345
292
285
372
344
294
294
375
334
289
308
376
332
288
297
376
342
316
394
531
525
478
468
480
375
302
318
390
344
292
315
375
340
290
304
380
337
288
315
378
345
298
311
385
345
300
328
391
359
312
329
406
368
322
353
419
381
337
380
432
385
343
395
431
382
345
383
431
376
328
376
408
349
308
338
385
334
286
335
371
318
276
320
370
326
283
334
372
322
281
322
377
331
288
342
379
327
286
352
384
337
291
341
381
331
291
352
380
329
289
360
372
321
289
368
369
328
289
360
374
322
288
369
370
328
291
365
382
328
298
384
388
337
309
379
392
339
301
378
379
325
293
361
382
326
291
372
376
321
291
362
382
328
292
370
375
323
292
379
374
319
303
428
479
494
521
608
564
428
326
391
380
326
304
385
367
312
287
376
362
310
293
384
361
320
295
384
370
319
300
392
370
328
304
394
382
334
322
413
394
347
332
425
413
364
348
436
415
364
355
440
408
351
352
426
380
324
337
402
367
311
309
386
344
293
308
375
345
294
297
378
341
293
311
383
351
296
300
382
344
297
315
384
354
302
304
384
347
296
312
386
344
303
302
382
346
299
314
385
341
295
321
380
335
290
333
381
333
291
322
384
339
295
333
380
332
289
322
384
342
299
339
387
340
297
351
395
353
309
350
400
348
303
353
391
345
296
331
380
333
290
343
382
340
296
332
380
334
292
342
378
329
287
352
377
324
281
359
399
413
438
546
584
507
396
394
379
329
299
357
377
319
280
353
367
312
277
343
373
320
283
357
372
319
285
348
379
328
291
366
383
333
302
387
403
351
314
388
409
364
330
411
418
365
335
420
413
360
335
418
395
348
310
388
375
315
288
370
346
300
268
351
344
292
269
357
339
292
268
353
348
294
269
361
345
294
272
356
353
299
272
365
349
296
282
361
356
302
278
366
348
293
279
370
342
289
284
369
336
284
292
372
345
291
284
370
339
290
298
376
346
293
286
370
339
289
295
376
339
299
290
373
342
293
299
380
343
303
297
385
357
308
312
392
356
308
304
388
356
302
299
378
339
292
311
381
336
288
315
374
328
283
329
380
339
290
317
377
330
283
328
376
337
321
415
544
537
491
492
460
365
292
323
390
339
288
321
369
332
286
311
373
327
283
325
377
329
292
318
384
337
295
337
389
341
299
355
396
349
311
377
406
358
324
381
423
373
335
400
426
373
333
388
429
372
324
383
404
343
298
364
384
327
276
335
361
305
266
340
361
312
271
331
361
311
271
343
361
319
276
335
365
315
277
347
362
308
270
352
354
299
271
359
352
299
270
350
356
303
273
360
353
299
271
350
356
303
272
357
351
297
272
350
356
305
273
358
355
301
278
353
359
307
277
363
358
306
281
370
366
313
282
373
372
321
296
386
368
315
297
380
351
299
293
377
345
304
282
371
350
297
291
374
342
302
285
376
352
299
289
377
347
294
283
389
418
437
478
579
529
405
329
378
356
312
302
383
346
290
293
368
347
294
286
375
347
297
297
380
347
299
314
388
350
304
336
395
362
315
333
407
366
322
352
419
389
342
356
432
391
344
370
431
385
342
349
421
375
321
339
396
342
298
302
372
330
280
302
366
320
270
284
364
326
280
302
366
324
279
315
368
322
278
330
370
317
278
340
371
321
279
329
369
318
276
337
369
321
277
328
366
316
276
338
366
325
280
328
370
320
278
340
371
328
282
328
374
324
282
341
372
319
284
327
377
329
286
344
378
326
290
366
383
332
297
378
383
325
295
360
375
319
281
361
368
314
284
354
375
321
285
361
368
313
283
374
380
322
284
364
368
312
288
406
462
475
475
558
540
414
307
371
375
335
295
364
368
313
278
363
363
312
286
375
361
311
295
386
364
308
292
383
371
321
306
400
379
332
315
405
398
349
333
426
407
357
351
430
419
366
346
432
410
356
341
416
402
343
314
397
369
313
297
379
360
305
281
370
352
298
284
372
345
293
293
378
343
293
305
380
340
299
297
383
347
298
308
385
345
302
297
385
352
299
305
380
341
292
295
379
346
296
303
379
340
292
295
380
347
297
306
384
344
295
317
383
349
298
306
385
342
292
311
382
342
297
329
387
339
296
349
397
358
308
341
400
351
303
345
384
342
294
325
383
335
287
333
378
329
291
321
383
335
289
335
382
330
294
320
383
335
295
364
476
493
494
538
582
462
332
337
388
340
294
344
375
319
278
343
364
313
278
357
372
318
283
351
371
318
282
361
380
334
298
366
392
341
307
385
399
358
320
388
417
367
329
406
418
376
334
398
420
366
324
391
401
342
307
362
385
326
282
351
361
306
270
352
353
298
269
360
348
295
274
353
356
302
273
363
355
299
276
356
363
308
278
367
359
304
280
371
362
307
271
362
356
301
276
367
358
305
274
363
358
307
280
370
355
311
277
363
357
305
278
370
359
303
281
375
351
296
290
377
347
297
288
378
355
304
298
385
354
302
291
387
368
319
313
400
365
315
316
390
362
305
294
379
347
294
300
377
355
302
292
382
352
300
302
383
358
302
294
382
351
299
297
383
379
399
479
587
544
451
396
396
340
308
323
389
341
289
314
377
333
295
305
381
337
289
317
384
340
294
313
392
351
304
330
395
351
308
329
407
369
325
353
423
382
338
378
432
394
346
369
437
392
342
376
429
373
322
364
399
342
295
350
376
328
278
325
368
313
269
330
363
321
276
325
367
317
276
338
370
318
285
328
372
323
281
340
370
321
284
325
371
321
280
337
373
318
279
326
373
320
280
337
371
318
279
347
367
311
274
357
361
308
276
363
369
314
278
357
366
313
278
364
372
320
280
358
369
315
282
368
363
318
282
360
376
322
290
378
380
338
300
375
393
334
296
379
373
314
283
356
369
317
282
363
363
308
282
370
358
307
284
375
354
301
291
372
362
305
282
383
409
427
477
576
562
468
362
394
362
314
302
385
364
304
279
368
350
297
284
374
360
307
284
374
357
308
293
383
358
317
293
386
373
324
311
404
382
334
333
420
390
344
355
434
394
345
348
434
401
350
352
425
381
326
322
402
362
305
304
380
334
283
300
367
332
281
286
366
329
279
298
367
337
285
289
371
334
284
304
374
340
289
291
374
334
286
301
377
327
278
309
368
323
278
323
368
318
282
311
372
324
279
322
370
320
282
310
371
324
278
320
373
322
276
309
376
329
282
325
376
325
279
311
377
333
286
325
378
330
285
338
382
339
292
332
387
342
299
350
392
337
295
358
380
320
279
353
367
324
282
345
375
318
277
351
367
321
279
344
373
318
278
351
370
315
278
344
407
416
441
548
570
472
371
358
371
325
288
356
370
311
271
334
368
314
275
346
365
312
277
358
367
314
285
371
364
312
291
384
379
326
299
387
387
339
320
411
406
355
326
415
414
360
334
425
408
362
325
406
398
338
305
390
369
318
277
354
348
291
262
352
339
287
261
344
344
291
263
353
341
288
268
359
340
286
276
367
339
287
286
363
343
290
276
365
336
284
288
364
343
288
277
367
336
284
285
368
343
292
281
371
342
288
287
373
348
293
279
369
340
288
288
376
337
294
279
368
345
293
293
376
343
293
304
386
349
303
327
392
344
299
314
388
341
288
310
380
332
282
298
378
338
287
310
378
330
284
323
380
340
292
312
382
337
285
326
404
420
437
499
576
508
386
348
386
351
302
317
382
335
288
318
375
329
280
331
378
328
283
345
379
326
291
339
389
339
301
358
392
344
314
357
407
362
323
386
424
373
336
384
437
386
341
397
433
378
333
379
425
367
318
368
399
338
289
356
383
328
282
332
370
314
273
340
366
314
275
353
365
313
278
365
364
319
281
358
374
319
285
371
369
325
285
361
373
318
281
365
368
316
286
358
370
318
283
366
368
313
284
360
373
320
285
367
368
312
283
359
375
320
284
369
372
319
287
376
370
317
295
385
369
319
309
403
385
330
307
396
376
321
300
388
369
314
292
382
364
311
297
387
360
317
292
384
367
314
300
389
359
317
294
381
365
333
375
533
561
517
483
507
412
318
303
400
370
311
301
387
352
299
307
386
347
299
323
392
356
305
312
393
355
309
331
402
373
324
331
412
378
329
351
429
399
350
355
438
401
354
372
446
413
360
358
440
400
341
352
421
370
321
315
394
350
296
307
378
333
283
312
383
335
283
322
372
324
279
314
377
332
288
330
376
325
284
318
380
335
288
329
381
330
284
340
382
336
287
326
379
330
281
337
381
333
285
328
380
329
284
339
379
336
290
325
378
330
285
337
380
327
283
349
380
322
282
359
373
315
283
350
381
327
287
364
379
328
298
363
395
340
302
375
387
331
291
352
379
322
281
357
374
321
282
346
380
325
282
356
375
318
282
364
378
324
281
353
371
318
310
458
531
517
484
536
449
329
288
385
370
322
283
368
357
303
278
371
351
307
277
367
363
309
285
376
362
311
290
377
376
321
298
395
382
331
310
400
400
351
327
421
411
360
345
423
420
366
340
430
411
352
330
417
388
326
313
393
352
295
295
372
344
290
280
366
334
282
287
370
341
288
279
371
341
289
293
375
335
294
284
375
346
290
294
379
340
295
283
374
343
290
290
373
336
286
285
374
343
288
288
374
337
287
302
377
333
285
312
377
331
286
324
376
333
285
314
376
328
282
326
378
335
285
313
377
330
285
328
383
342
293
319
387
345
299
341
396
357
306
328
391
342
288
324
375
325
288
314
379
332
287
321
375
325
280
331
372
319
277
343
370
315
272
326
375
356
379
507
568
512
427
414
390
320
285
353
379
317
271
344
368
318
274
337
370
315
276
353
379
329
282
345
377
325
287
362
383
340
300
362
398
349
310
387
411
358
323
409
417
363
331
419
412
357
329
409
410
346
308
391
378
314
279
355
359
299
261
348
340
286
259
335
344
291
259
347
344
289
265
342
352
299
266
354
348
293
267
360
354
298
265
353
350
295
266
357
343
290
269
362
341
286
277
365
333
290
272
365
340
287
278
366
335
291
271
365
344
290
281
370
336
282
273
368
346
292
281
370
343
291
279
371
352
297
287
382
359
305
305
383
363
308
295
381
347
292
292
375
337
286
303
379
332
281
311
377
339
286
301
377
333
283
311
377
341
286
306
415
442
453
502
561
467
360
311
376
341
296
317
376
329
286
295
376
334
281
304
374
330
284
298
381
341
291
318
389
341
293
335
395
349
304
358
403
355
317
384
419
375
333
386
432
377
330
393
436
384
329
374
412
356
304
361
385
335
283
326
368
313
266
327
361
317
270
318
361
309
268
331
366
311
276
324
372
320
277
338
371
320
279
350
368
315
277
359
362
307
278
350
371
315
277
358
366
312
279
352
372
316
280
361
371
309
276
366
377
319
278
358
370
313
279
366
374
325
286
366
377
324
294
382
380
337
300
381
390
333
294
376
372
315
289
379
366
313
293
387
360
306
289
381
368
313
292
386
364
307
289
383
368
315
313
460
509
498
498
568
500
365
304
394
377
318
304
381
365
310
288
382
364
312
298
388
369
313
294
389
370
317
307
400
373
320
322
409
376
330
348
427
390
350
352
441
407
358
373
450
411
368
362
446
407
350
358
427
378
319
320
401
360
302
307
380
339
288
290
375
341
288
300
380
338
286
309
377
342
292
301
381
344
293
316
385
339
292
330
386
336
285
338
384
339
290
329
387
336
289
339
382
341
293
328
386
335
287
338
382
331
291
325
383
337
287
337
385
331
291
324
386
337
290
339
385
334
289
325
388
342
297
343
392
341
298
362
398
343
302
376
394
339
302
381
389
331
289
363
382
324
287
370
385
330
288
359
381
325
288
370
375
330
288
357
380
321
288
398
471
483
494
577
578
447
325
371
379
328
294
354
373
318
280
359
367
309
279
369
365
310
284
378
364
311
294
376
376
324
298
392
380
327
311
395
398
346
323
416
409
357
336
431
422
367
338
429
415
357
332
422
406
343
307
391
373
311
284
373
350
303
273
363
351
298
276
365
343
291
280
372
342
289
290
377
339
288
284
374
346
295
296
382
342
291
287
379
348
295
294
378
341
289
301
374
346
293
292
379
346
295
301
375
349
296
293
377
345
293
302
384
356
296
287
375
341
289
300
380
338
288
316
381
335
287
325
382
333
294
320
388
340
294
331
391
344
309
333
398
354
304
340
398
343
289
313
386
342
289
324
382
332
287
311
384
337
287
323
383
331
285
334
383
338
290
319
379
344
344
460
568
532
471
473
427
329
285
365
382
335
283
338
371
316
276
349
371
327
282
341
377
322
283
356
380
324
291
351
393
340
295
371
400
346
315
375
416
364
326
401
428
373
333
395
436
383
340
406
428
369
324
394
399
336
293
373
364
304
273
367
361
300
262
350
349
292
266
361
358
301
267
354
355
301
272
365
356
311
274
359
362
304
274
366
357
311
274
359
360
304
274
365
354
298
271
357
373
308
271
362
353
298
276
370
351
297
284
377
345
291
289
370
352
298
286
377
349
295
293
373
355
302
288
381
352
299
297
385
359
303
289
384
355
300
302
391
365
310
298
395
368
314
310
400
364
320
301
388
357
299
295
383
346
293
302
385
342
290
315
382
335
288
302
383
340
289
310
383
335
281
299
413
436
450
510
585
501
368
337
382
347
300
316
381
332
280
315
378
338
285
304
380
336
286
320
383
347
294
313
388
344
294
330
395
348
303
354
408
359
317
381
418
366
333
382
434
381
334
396
434
375
334
376
422
363
309
363
392
327
280
326
375
317
271
328
363
308
264
314
365
312
267
325
366
311
269
339
371
318
273
331
377
313
265
333
361
308
269
350
361
303
269
356
355
310
268
348
362
303
269
358
356
309
268
347
362
304
269
358
358
298
269
351
364
307
272
359
360
302
271
350
366
309
272
360
371
307
276
350
368
312
276
361
364
307
278
372
365
310
290
387
370
312
299
393
375
318
292
380
355
300
286
378
361
307
280
372
353
299
281
375
346
302
278
372
355
296
282
377
347
299
282
415
463
465
473
563
487
348
287
370
364
308
287
375
345
289
285
374
339
286
294
376
332
287
309
380
347
295
306
389
348
300
323
396
364
314
324
409
372
324
349
425
393
342
349
435
395
342
361
434
399
339
338
417
374
314
324
393
341
294
291
373
330
275
291
367
321
270
303
365
318
268
313
362
309
268
307
371
322
274
320
370
318
275
314
378
328
279
323
376
320
273
332
376
326
276
319
372
321
275
331
374
326
278
322
376
321
278
335
378
332
283
322
379
328
280
335
375
321
279
350
380
320
279
359
372
316
285
353
385
328
289
371
389
335
301
367
396
339
295
370
382
322
282
349
381
323
281
360
375
320
287
351
383
328
287
362
380
323
284
371
385
325
291
390
464
473
481
577
560
425
319
383
375
322
294
382
358
310
280
372
363
307
283
378
362
316
284
379
373
319
294
391
373
320
299
391
389
335
313
410
397
344
322
415
416
361
335
431
417
363
348
431
424
362
331
420
400
336
312
399
369
308
295
383
346
288
294
378
348
291
285
378
343
289
295
380
352
299
291
381
350
296
302
384
344
303
292
384
353
297
300
388
346
301
290
385
353
298
299
385
344
292
291
385
351
297
300
387
348
293
309
387
342
292
323
388
336
288
333
387
343
293
322
389
340
292
336
392
347
295
324
393
347
299
343
400
359
309
337
406
356
305
345
399
357
301
321
391
339
287
330
393
339
296
318
388
340
291
328
387
337
288
341
388
335
287
356
406
398
428
533
604
536
429
406
390
329
293
348
387
328
280
344
374
317
276
356
382
327
281
346
396
332
284
359
388
338
294
357
396
341
303
379
405
360
318
384
424
370
330
407
431
373
336
421
427
368
334
423
410
344
312
390
393
325
287
376
366
302
272
354
363
305
269
359
357
299
271
352
366
308
274
364
361
304
275
356
371
311
276
365
371
310
278
373
372
315
278
366
366
309
281
376
361
304
284
379
356
298
286
381
349
303
280
377
355
301
290
383
351
305
283
380
359
305
291
385
354
298
283
380
362
305
291
387
358
302
289
383
363
307
296
393
362
309
311
395
379
324
310
403
375
319
313
399
357
299
309
392
348
295
320
390
353
299
306
388
347
296
319
390
353
298
304
390
350
296
326
429
445
458
513
607
539
407
349
393
351
311
310
390
343
286
303
378
335
286
297
379
341
291
308
383
339
292
329
394
343
297
347
398
344
303
369
412
366
322
374
425
374
329
393
438
388
341
384
437
382
333
389
424
375
319
354
400
341
289
340
373
325
277
318
370
317
270
327
367
311
274
317
373
320
273
330
373
318
273
344
373
316
275
355
369
306
271
340
369
314
275
355
366
307
273
343
373
312
272
354
368
308
271
360
373
314
272
351
366
310
276
360
372
316
275
354
371
313
277
359
364
319
279
355
377
319
278
364
370
312
279
373
365
307
285
381
366
307
285
379
376
319
297
393
378
325
302
392
385
326
298
389
366
306
290
375
369
309
283
380
363
304
287
371
366
309
284
377
363
306
289
383
367
306
282
404
456
464
483
584
529
394
314
388
364
311
307
385
342
295
285
379
347
292
297
383
345
302
293
385
353
299
302
392
357
303
300
398
371
317
323
415
377
327
328
426
400
349
351
440
403
351
365
440
407
348
342
428
384
323
327
399
348
293
315
377
323
271
312
368
325
271
296
367
319
271
314
368
327
277
302
372
324
277
314
369
318
280
304
377
328
277
319
376
322
279
300
375
329
276
310
370
322
273
300
375
327
276
310
372
323
275
324
374
321
275
337
370
312
270
347
376
321
273
336
373
316
274
351
377
323
277
338
378
318
274
351
377
333
288
349
389
334
293
365
389
340
291
349
382
321
277
350
374
312
277
336
389
328
276
344
372
313
273
356
370
312
275
366
367
306
275
366
426
439
457
562
547
423
313
358
371
324
289
370
364
304
275
368
367
310
274
363
365
309
278
369
373
318
286
372
377
318
291
387
381
336
301
390
399
345
317
412
408
356
335
432
413
359
344
436
405
350
331
420
395
336
311
400
365
302
281
370
349
291
271
366
338
282
277
360
346
290
272
364
338
283
279
363
350
294
276
368
343
291
284
373
352
295
276
372
345
288
279
373
342
285
288
373
333
282
300
374
327
285
289
380
342
281
297
375
329
284
288
374
336
282
297
375
334
284
292
379
341
290
303
382
339
290
300
390
357
304
318
396
352
299
327
394
354
297
306
385
342
289
315
388
342
286
325
380
330
282
338
379
336
288
328
386
332
284
337
386
366
375
476
574
529
449
427
405
332
296
337
392
335
284
334
376
323
286
322
384
334
287
337
383
331
288
331
394
346
298
347
398
348
305
369
406
355
316
394
417
367
332
418
435
381
340
415
436
378
336
418
429
367
317
384
398
336
290
370
373
323
273
343
367
308
267
350
362
316
272
341
368
312
273
355
366
312
278
347
372
318
276
358
371
312
281
370
369
311
284
376
360
304
287
369
368
311
282
374
360
305
286
366
368
311
281
375
363
307
289
384
370
313
282
376
366
309
287
382
370
313
282
376
370
314
289
384
366
321
294
386
382
327
304
400
377
316
300
390
359
303
301
386
349
297
292
385
357
302
299
387
350
299
294
385
357
302
297
390
352
301
329
445
491
496
515
596
504
361
316
390
370
313
301
385
348
292
297
383
355
299
290
383
351
298
305
389
349
297
317
392
350
305
342
403
354
316
336
415
375
327
363
436
388
347
361
440
397
344
375
437
386
333
352
425
376
316
339
398
341
287
303
379
334
278
305
372
323
278
321
376
331
279
305
376
329
280
322
379
327
280
337
380
320
276
347
374
329
283
340
380
320
277
346
372
328
282
335
379
323
276
342
373
317
281
332
379
323
278
344
377
317
279
331
382
328
281
344
376
318
277
332
382
329
283
346
381
324
282
357
375
319
283
368
375
318
287
382
388
335
297
381
391
335
298
389
395
328
283
366
374
317
281
373
369
321
282
362
372
315
281
371
369
324
281
361
375
319
281
369
379
358
382
528
580
521
444
451
388
317
292
390
373
307
283
378
354
300
292
375
363
306
286
382
360
305
294
380
370
316
297
393
373
320
311
407
392
339
323
421
402
350
340
437
418
365
342
438
421
365
346
435
402
352
322
414
389
322
298
386
352
293
285
376
340
283
291
372
329
275
282
374
340
288
294
376
335
285
288
378
343
290
296
378
337
287
307
376
344
290
295
379
339
286
308
380
351
294
292
378
340
288
305
378
343
288
292
378
342
287
301
379
335
286
315
379
332
284
329
377
326
287
319
382
329
280
326
381
328
287
316
382
336
287
333
389
336
289
322
394
347
300
345
401
347
299
332
399
352
300
334
387
335
288
342
387
340
289
327
385
335
286
340
381
325
279
346
376
322
281
361
370
325
304
432
534
523
484
536
478
369
287
353
389
331
285
354
368
308
272
336
375
320
275
351
372
315
282
346
384
330
288
363
386
333
296
363
401
346
306
385
413
358
323
409
419
365
333
428
425
368
338
431
422
363
325
409
400
333
298
385
377
310
269
357
352
291
261
356
342
297
261
349
350
294
264
359
349
303
267
355
360
296
261
356
347
294
268
353
355
299
267
361
354
297
273
368
347
293
280
372
343
291
289
369
350
293
280
374
344
287
286
367
350
294
277
375
348
290
285
376
352
297
282
374
344
292
288
378
353
298
283
378
351
296
288
381
347
302
286
384
361
307
301
396
364
309
313
395
351
298
313
384
334
282
295
380
339
289
310
383
335
283
294
379
340
290
309
382
338
285
318
379
340
303
369
512
520
483
494
511
393
298
310
394
348
290
312
376
338
285
297
375
333
283
313
381
332
285
329
384
332
287
346
387
335
300
344
403
355
310
368
415
365
331
371
431
382
338
392
436
381
336
377
432
381
325
368
407
348
299
335
387
331
279
324
368
313
266
328
364
314
266
316
364
310
264
328
363
310
270
341
358
302
266
354
359
315
272
346
365
310
272
355
359
313
271
344
365
308
268
353
361
304
272
343
367
313
274
353
363
307
276
343
369
313
273
355
363
307
273
343
371
315
274
355
369
312
275
365
366
312
283
376
364
309
291
390
383
329
295
388
376
316
292
384
369
311
282
373
362
307
283
379
357
313
281
374
365
309
284
377
355
310
281
374
363
306
295
437
486
481
473
557
503
367
295
387
373
315
290
380
350
294
289
378
344
291
300
380
356
302
297
387
353
302
310
389
367
314
305
400
373
320
327
414
389
340
335
431
399
348
353
443
414
359
346
438
406
350
345
426
381
332
312
397
360
300
294
380
338
283
296
375
330
278
307
376
328
279
297
377
336
286
312
382
336
286
304
385
343
290
316
384
336
289
330
389
343
288
312
382
336
285
323
384
344
292
313
384
338
288
325
385
345
292
311
386
339
288
321
382
333
287
336
381
328
283
349
385
325
286
335
388
336
290
353
391
336
300
347
403
348
302
362
402
343
296
340
402
343
287
344
382
328
286
332
386
333
285
344
382
327
283
353
386
334
288
346
385
332
306
426
525
526
507
568
513
370
292
380
383
333
284
355
369
310
274
362
366
321
279
357
374
318
284
371
373
320
290
365
388
333
295
383
390
336
305
386
409
358
321
409
418
364
332
406
432
375
333
416
422
358
321
407
397
334
298
388
366
303
281
375
357
299
271
366
353
293
273
372
358
301
269
364
353
297
278
374
350
305
274
370
360
303
280
375
353
310
279
371
362
303
280
374
355
297
275
369
359
302
278
373
354
297
284
380
352
295
292
384
348
293
303
382
352
297
292
383
348
295
303
380
353
299
294
386
350
294
304
389
359
305
300
393
357
304
312
402
373
317
310
402
368
310
312
395
348
300
290
387
354
299
302
389
349
294
312
388
342
290
321
387
337
287
309
389
340
290
343
467
490
484
514
578
469
336
325
393
351
298
332
384
339
286
311
380
331
283
326
384
343
292
315
387
344
294
333
394
354
303
329
404
360
311
352
417
370
325
380
430
381
337
404
437
381
345
395
439
380
334
391
417
357
314
352
395
334
281
337
371
312
266
315
371
316
267
327
367
311
269
317
373
321
273
332
376
320
273
343
377
324
280
337
377
317
274
346
374
315
274
355
367
308
273
361
360
312
272
350
367
310
275
363
363
314
273
354
368
309
274
364
366
310
278
352
368
314
278
361
363
308
278
351
371
316
278
365
372
312
278
353
380
324
285
372
380
325
293
386
383
327
301
396
381
319
294
386
369
310
282
378
361
306
286
382
368
310
283
375
362
306
285
381
358
311
279
374
361
312
322
482
528
512
485
547
466
340
290
389
370
309
281
370
361
304
279
376
357
299
283
380
354
301
299
392
355
306
317
392
365
315
313
406
375
323
334
416
393
342
341
436
404
350
359
447
417
361
352
443
407
346
342
427
394
330
311
394
355
297
295
380
337
291
279
370
337
283
285
374
336
284
298
378
334
283
313
380
333
285
302
380
336
285
311
382
335
284
301
383
342
287
310
383
334
285
324
383
340
288
310
385
336
286
320
382
342
289
308
384
335
286
321
384
345
291
308
382
337
288
321
387
338
286
331
383
330
285
345
382
327
289
333
385
331
289
351
386
331
296
343
400
351
309
363
400
343
298
343
393
337
287
341
383
327
281
328
383
331
285
340
383
329
284
349
384
332
287
339
382
324
278
357
437
453
468
564
571
453
331
372
375
334
290
358
370
312
272
358
365
321
279
351
372
317
279
363
374
318
285
358
382
328
291
376
387
332
303
375
405
354
318
401
417
363
330
404
434
378
335
414
428
369
329
413
408
347
310
397
375
309
283
375
358
299
266
358
347
289
265
362
354
297
264
358
351
293
268
366
349
303
268
364
360
303
273
370
355
310
274
365
358
298
272
368
351
295
271
363
360
301
272
370
354
296
277
375
351
294
282
378
346
288
292
372
351
296
284
378
347
292
295
377
357
300
288
381
351
297
296
385
358
301
286
381
357
299
293
386
362
306
292
388
364
311
309
401
365
323
306
398
370
310
300
389
349
293
299
385
344
291
309
385
338
287
299
385
343
290
309
385
339
287
298
382
340
301
368
517
529
496
511
529
408
299
305
393
350
294
317
382
342
286
297
381
338
289
315
385
348
292
302
388
344
295
321
392
346
298
340
402
355
310
367
417
365
328
367
432
384
340
393
440
386
344
379
439
384
331
376
419
356
300
334
394
335
280
325
374
317
266
301
368
320
269
315
369
316
269
328
373
327
277
320
373
321
274
331
375
321
274
341
368
310
270
353
366
318
273
342
373
313
270
350
365
318
272
340
374
315
272
352
368
311
277
340
372
315
273
348
369
313
280
342
379
322
276
352
374
315
276
341
378
321
278
352
376
316
278
366
375
313
279
373
373
316
291
390
387
329
294
384
383
326
292
380
374
314
277
368
371
309
276
373
363
315
277
365
368
310
280
373
360
311
274
366
368
309
293
439
502
494
476
548
500
359
280
371
374
313
281
373
355
299
280
375
347
292
285
370
356
301
284
383
357
303
295
379
368
312
295
393
370
321
316
416
396
342
323
423
406
349
338
436
419
362
338
432
409
346
329
419
384
332
302
390
366
300
281
374
343
282
278
369
332
277
287
369
325
274
277
369
335
284
291
375
331
277
278
375
343
289
297
385
339
283
303
378
345
290
292
379
340
286
302
375
343
290
290
379
337
285
300
383
349
291
289
378
340
289
303
381
335
283
312
381
330
279
325
380
327
286
311
385
339
288
330
391
338
301
330
403
354
303
339
399
345
290
316
387
340
290
326
386
334
285
311
389
342
292
324
391
337
288
335
389
344
292
322
385
344
336
451
564
536
479
484
444
338
286
367
392
339
286
339
380
326
283
351
378
333
288
343
385
330
288
359
389
332
298
351
400
348
305
374
407
351
319
375
429
378
333
402
439
382
342
396
447
392
343
403
437
376
325
392
407
342
295
375
378
316
274
364
369
307
268
355
366
305
271
361
369
312
271
354
366
310
275
368
368
322
280
359
374
316
278
368
369
322
279
358
373
316
280
368
368
308
276
355
375
317
278
364
371
313
277
371
366
309
284
381
363
304
289
374
368
309
285
382
365
308
293
376
370
313
287
386
370
311
295
397
385
327
300
396
382
323
301
395
377
316
281
376
365
307
283
383
360
313
282
378
367
309
286
383
363
305
290
386
359
300
295
403
422
440
477
593
553
437
347
396
357
308
299
390
358
300
290
383
347
290
298
381
354
298
292
387
354
300
305
389
368
314
305
401
370
319
325
415
390
336
330
429
400
347
353
443
407
355
367
443
397
345
373
433
376
329
334
409
357
297
315
379
328
284
288
370
326
274
298
371
324
271
288
371
330
281
305
378
328
279
294
377
334
284
306
382
333
282
316
381
339
287
304
380
331
278
310
379
331
279
327
380
323
272
337
378
331
281
326
380
325
279
339
378
333
283
325
383
332
283
338
382
326
289
331
390
332
284
342
386
331
293
332
396
344
294
350
400
345
299
343
404
352
301
347
391
334
286
346
382
326
281
355
378
319
280
365
382
324
280
357
378
318
279
365
383
324
274
359
430
443
462
569
570
480
349
362
382
332
291
366
373
325
278
345
376
319
276
357
374
315
281
349
384
326
285
365
385
330
291
378
386
335
306
403
399
345
324
410
419
367
333
428
423
364
340
420
427
368
329
417
409
344
309
398
385
320
277
362
358
299
266
359
356
297
262
351
348
291
261
357
347
303
262
351
356
300
267
364
356
296
273
369
347
291
281
379
346
289
272
370
350
293
279
375
346
292
275
375
351
292
278
376
350
294
287
371
352
294
275
374
350
291
282
368
355
297
278
377
353
296
285
378
357
302
281
378
356
301
289
382
352
301
308
398
358
305
322
403
357
312
305
389
347
295
310
392
344
298
293
386
351
296
304
388
344
292
293
384
349
294
303
388
342
287
298
434
472
478
507
585
493
354
321
386
364
311
306
388
346
294
306
381
333
286
319
383
334
288
335
386
346
296
329
399
352
302
348
406
369
319
350
423
373
327
375
434
385
347
373
444
398
349
391
446
390
346
366
435
381
323
352
403
348
292
314
381
332
280
314
372
318
268
320
371
318
269
334
368
313
272
350
376
321
276
340
378
321
276
349
379
326
279
338
377
322
275
347
374
325
275
333
372
316
272
343
368
322
276
331
377
323
275
342
371
314
278
329
372
318
275
344
371
314
272
351
369
309
271
362
366
307
276
354
377
319
279
364
373
316
284
361
382
326
284
368
375
313
271
363
369
312
270
354
365
307
270
362
371
314
270
352
366
312
274
362
361
314
273
349
365
322
332
490
545
505
461
490
395
300
279
385
362
299
272
363
354
299
273
369
350
294
270
363
357
304
276
374
359
306
287
376
372
315
291
395
381
327
312
401
404
347
322
423
412
356
336
435
421
363
331
424
409
346
318
410
383
318
297
384
346
287
284
371
328
283
268
364
333
277
276
367
327
281
267
367
337
281
279
373
337
281
272
369
347
288
284
377
339
281
274
374
346
288
281
375
340
282
290
372
345
287
280
376
341
290
290
376
336
284
303
382
336
282
315
382
343
287
302
382
338
286
316
387
350
297
311
389
347
298
331
401
355
311
319
401
356
301
321
391
342
297
304
388
346
293
318
392
343
290
302
387
347
295
313
391
341
289
326
387
333
293
383
500
504
482
538
542
409
302
338
399
346
293
348
385
335
284
331
384
330
284
346
388
346
297
338
393
342
296
355
397
353
303
349
411
361
313
372
419
368
334
377
438
387
342
401
448
389
342
406
439
378
329
403
412
346
302
365
387
323
278
351
367
306
265
331
366
310
265
341
362
302
262
352
371
313
271
348
371
314
272
356
377
322
278
351
378
319
278
362
375
329
282
356
385
322
277
361
375
316
279
368
369
311
281
376
363
307
281
369
374
317
286
379
368
311
284
369
373
313
282
378
373
316
289
371
377
325
295
391
385
331
304
385
393
331
290
379
373
315
289
382
375
319
282
373
368
313
279
373
359
303
280
379
353
295
287
381
349
315
337
505
548
522
502
540
423
328
292
392
371
307
287
378
349
292
274
371
355
300
284
382
353
301
287
385
369
312
295
393
370
316
313
399
387
331
314
413
393
340
338
434
402
351
354
438
399
349
367
439
401
339
336
419
373
313
324
391
353
293
290
379
337
282
297
375
332
290
285
376
338
285
299
381
337
295
287
375
340
287
301
381
336
282
287
381
346
290
299
382
341
287
313
383
331
280
318
377
327
277
330
379
334
282
320
382
331
280
331
382
339
291
323
384
333
284
330
380
338
286
318
385
336
285
332
383
343
293
325
392
344
291
337
398
349
309
337
406
357
304
344
394
338
287
341
384
330
285
353
378
323
277
338
384
330
283
350
380
323
281
337
385
332
286
350
401
399
426
561
611
547
439
412
394
329
287
363
386
329
277
337
372
315
272
348
373
326
275
337
379
324
279
349
376
323
285
370
383
327
297
391
389
335
309
396
412
359
324
418
421
367
335
415
427
373
333
417
413
348
309
381
394
331
284
366
363
304
268
344
366
306
261
348
357
300
265
358
363
306
265
351
361
305
269
364
360
303
273
370
354
297
279
377
348
302
274
368
357
299
276
375
352
306
272
371
356
300
280
380
353
297
277
370
358
300
278
377
354
296
274
374
362
304
276
374
356
299
289
376
368
308
281
379
359
301
287
386
359
304
298
392
358
306
318
404
373
318
311
403
365
307
312
393
361
301
293
389
357
300
303
388
346
301
291
387
355
302
303
390
347
300
294
390
354
307
348
509
532
504
496
554
441
319
302
399
362
301
306
385
339
286
312
382
332
282
328
388
344
290
317
391
342
294
337
397
355
304
331
405
358
310
355
421
385
332
354
434
393
345
380
446
406
350
369
444
393
336
365
423
363
312
320
390
339
283
311
373
318
264
314
367
309
263
324
363
308
263
314
366
311
264
325
366
309
265
316
371
319
271
328
369
315
269
339
372
320
274
331
373
318
271
338
374
323
273
325
371
317
271
340
372
326
275
328
377
322
271
335
372
315
270
349
370
311
271
357
365
306
272
348
369
311
271
360
372
312
279
359
387
327
287
374
387
327
290
362
385
321
274
358
372
313
275
347
376
317
277
361
373
313
273
365
379
319
273
354
372
315
276
368
399
401
431
563
559
464
360
391
355
314
285
375
361
299
272
370
349
302
269
366
363
304
277
376
360
301
277
376
372
315
287
388
375
320
296
392
395
339
312
413
403
348
332
421
422
364
335
433
417
356
334
432
402
337
318
405
366
302
299
383
354
291
273
366
336
277
275
367
341
281
268
369
342
285
283
375
337
293
279
376
347
291
286
377
341
300
281
377
345
286
281
375
341
288
279
375
350
294
287
380
344
289
296
384
342
288
308
385
335
280
315
380
341
288
307
385
341
288
318
384
348
293
309
389
344
295
326
390
355
306
322
402
355
301
329
397
358
299
306
390
344
291
319
386
337
294
303
389
349
295
317
388
338
286
328
388
336
288
337
384
347
356
455
570
534
472
466
433
340
294
338
400
344
288
338
390
331
280
346
388
337
289
339
390
335
289
353
