497
674
291
0
519
674
325
0
357
674
180
0
381
672
0
0
367
654
0
0
381
578
0
0
295
614
0
0
379
590
0
0
453
553
0
0
525
516
0
0
492
593
0
0
577
551
0
0
495
589
0
0
526
520
0
0
561
553
0
0
452
463
0
0
517
546
0
0
478
496
0
0
556
457
0
0
535
555
0
0
640
557
0
96
675
615
0
120
674
402
0
17
673
483
0
52
673
371
0
0
672
454
0
31
673
353
0
90
669
459
0
42
673
394
0
129
674
527
0
107
674
518
0
247
674
620
0
163
675
543
0
213
674
398
0
220
673
201
0
218
672
20
0
93
663
110
0
171
669
15
0
106
672
156
0
218
673
106
0
175
674
258
0
291
674
185
0
221
674
302
0
306
674
195
0
383
674
294
0
269
674
164
0
337
673
39
0
416
672
0
0
490
669
49
0
431
674
0
0
566
673
153
0
527
674
91
0
652
674
40
0
612
674
192
0
674
674
127
0
664
675
233
0
674
674
110
0
607
674
167
0
663
674
57
0
673
673
0
0
674
672
0
31
674
673
0
0
674
673
2
117
675
674
0
0
672
655
0
0
650
549
0
0
509
563
0
0
502
444
0
0
365
443
0
0
386
353
0
0
286
374
0
0
315
298
0
0
371
255
0
0
453
212
0
0
447
322
0
0
481
228
0
0
420
294
0
0
419
182
0
0
413
240
0
0
387
168
0
0
412
270
0
0
408
192
0
0
453
124
0
0
452
247
0
0
512
185
0
21
577
123
0
94
619
38
0
46
638
177
0
125
670
96
0
74
672
266
0
142
671
90
0
176
626
162
0
76
592
23
0
101
519
92
0
23
499
0
0
64
484
74
0
25
507
0
0
69
501
0
0
117
478
0
0
157
437
0
0
114
486
0
0
179
460
0
0
81
419
0
0
97
359
0
0
132
561
0
0
218
460
0
0
41
372
0
0
65
317
0
0
94
317
0
0
51
309
0
0
131
346
0
0
264
370
0
0
235
240
0
0
102
184
0
0
90
93
0
0
50
136
0
0
77
82
0
0
28
97
0
0
37
28
0
0
0
37
0
0
14
5
0
0
2
70
0
0
43
77
0
0
108
62
0
0
185
41
0
0
239
131
0
0
217
70
0
0
270
191
0
0
328
220
0
0
456
196
0
0
467
325
0
0
549
275
0
0
532
371
0
0
536
263
0
0
496
360
0
0
546
281
0
0
573
191
0
61
603
103
0
140
618
234
0
86
660
160
0
159
639
268
0
89
667
171
0
158
667
278
0
95
672
206
0
188
672
336
0
136
673
268
0
289
674
378
0
375
675
424
0
306
675
260
0
386
674
165
0
485
674
75
0
402
674
200
0
530
674
155
0
497
675
348
0
673
675
347
15
675
675
428
0
673
675
374
31
675
675
498
25
675
675
438
65
675
675
503
10
674
675
393
19
675
675
303
50
675
675
197
98
675
674
144
58
675
675
251
131
675
675
218
112
675
675
323
193
675
675
258
256
675
675
363
220
675
675
302
289
675
675
388
241
675
675
355
353
675
675
509
389
675
675
479
454
675
675
412
501
675
675
437
610
676
675
385
474
675
675
373
556
675
675
369
448
675
676
342
548
675
675
316
469
675
675
303
499
675
674
240
390
675
674
245
416
675
674
129
442
675
674
120
321
675
673
68
415
675
674
242
672
675
672
122
639
675
672
80
516
675
642
17
580
675
671
25
471
675
635
0
561
675
578
36
493
675
666
71
607
675
607
71
472
675
620
0
486
675
525
0
375
675
609
0
487
675
554
0
600
675
512
0
669
674
352
0
673
675
391
0
559
674
264
0
621
675
355
0
563
675
387
0
674
675
480
0
672
675
531
162
675
675
672
351
675
675
674
596
675
675
675
674
675
675
675
675
675
676
675
675
675
675
672
502
675
675
385
325
675
675
326
18
673
659
0
0
278
486
0
0
180
291
0
0
116
216
0
0
37
127
0
0
65
166
0
0
40
147
0
0
83
131
0
0
67
205
0
0
145
259
0
0
405
364
0
0
262
133
0
0
206
195
0
0
271
172
0
0
256
248
0
0
323
217
0
0
304
317
0
0
389
286
0
0
378
394
0
0
494
455
0
0
621
526
0
0
608
485
0
4
668
428
0
57
671
316
0
93
670
210
0
34
657
312
0
95
671
234
0
49
672
375
0
138
673
302
0
81
674
411
0
162
674
339
0
97
674
447
0
187
674
375
0
275
674
469
0
197
674
394
0
278
674
290
0
365
674
209
0
460
673
326
0
403
674
268
0
527
674
387
0
442
674
301
0
543
674
223
0
469
675
341
0
565
674
270
0
476
674
326
0
511
674
183
0
470
675
458
0
617
674
190
0
556
674
64
0
621
672
0
0
674
674
116
0
668
673
55
0
674
674
181
0
673
674
134
32
675
674
251
0
674
675
211
66
675
674
327
33
675
675
284
98
675
674
210
51
675
675
244
48
675
674
48
34
675
672
0
66
675
660
0
127
674
672
0
80
675
669
0
160
675
673
0
100
675
672
0
167
675
673
0
82
675
669
0
126
675
672
0
56
674
666
0
96
674
594
0
11
674
627
0
47
674
571
0
117
674
515
0
200
674
453
0
140
675
563
0
264
675
535
0
219
675
637
0
368
675
620
0
512
675
672
54
462
675
672
198
674
675
675
304
579
675
671
93
577
675
673
74
448
675
660
26
525
675
605
10
619
675
538
5
673
675
453
6
614
675
561
45
674
675
518
87
668
675
606
121
674
675
549
121
650
675
538
0
630
675
350
0
401
675
304
0
332
673
87
0
341
672
177
0
246
672
68
0
359
672
9
0
505
672
0
0
634
672
133
0
615
674
97
0
674
673
237
0
670
674
161
0
674
674
169
0
674
675
326
101
675
675
418
249
675
675
632
512
676
675
673
674
675
675
675
675
675
675
675
675
675
675
675
675
675
675
675
675
675
676
675
675
675
676
675
675
676
675
675
676
675
675
675
676
675
675
675
675
675
675
675
675
675
675
675
676
676
675
675
676
675
675
675
675
675
675
675
675
675
675
675
675
676
676
675
675
675
676
675
675
675
676
674
675
676
675
673
675
675
675
672
675
675
675
653
675
675
675
538
674
675
674
356
673
675
675
274
530
675
673
125
537
675
646
82
362
675
656
0
384
675
563
0
432
675
471
0
488
674
338
0
361
675
397
0
426
674
294
0
316
674
373
0
383
674
251
0
441
674
328
0
308
673
173
0
332
673
229
0
204
671
69
0
200
591
100
0
92
540
0
0
89
446
0
0
131
469
0
0
299
459
0
0
29
255
0
0
28
162
0
0
0
143
0
0
0
109
0
0
0
114
0
0
0
87
0
0
0
108
0
0
0
114
0
0
23
138
0
0
0
143
0
0
36
132
0
0
60
75
0
0
76
38
0
0
53
73
0
0
75
24
0
0
67
104
0
0
117
85
0
0
109
157
0
0
157
154
0
0
135
200
0
0
179
166
0
0
159
241
0
0
243
221
0
0
311
199
0
0
379
158
0
0
437
256
0
0
432
209
0
0
497
317
0
0
484
248
0
0
491
130
0
0
415
201
0
0
447
114
0
0
396
185
0
0
422
102
0
0
397
236
0
31
664
316
0
31
524
82
0
60
524
0
0
127
532
122
0
98
599
56
0
186
625
195
0
149
670
139
0
275
673
303
0
237
674
252
0
362
674
417
0
333
674
387
0
452
674
302
0
376
675
394
0
465
674
294
0
519
674
171
0
588
673
51
0
484
674
160
0
580
674
98
0
521
674
199
0
628
674
160
0
674
675
290
0
672
674
207
7
674
675
311
0
673
674
230
11
674
674
332
0
673
674
240
13
674
674
182
65
675
674
106
105
675
673
38
56
675
674
103
99
675
673
26
47
675
674
102
97
675
673
37
146
675
674
74
71
675
673
0
103
674
673
25
35
674
671
0
57
674
673
0
15
674
672
0
67
675
661
0
122
675
615
0
203
675
580
0
241
675
673
78
332
675
576
0
126
675
609
0
165
674
540
0
86
674
601
0
158
674
519
0
68
674
585
0
129
674
518
0
211
674
601
0
134
675
547
0
233
675
606
0
392
675
420
0
409
674
474
0
278
674
333
0
301
673
406
0
172
673
254
0
233
673
148
0
152
674
270
0
255
673
233
0
235
674
365
0
338
674
303
0
272
675
417
0
378
674
348
0
475
674
254
0
571
674
295
0
671
674
285
0
549
674
146
0
604
674
223
0
516
674
148
0
622
673
284
0
597
674
285
0
674
674
442
0
674
675
416
82
675
675
392
104
675
675
502
173
675
675
424
194
675
675
325
211
675
674
217
230
675
675
270
148
675
674
174
178
675
675
222
109
675
674
188
254
676
675
491
370
675
675
274
274
675
675
394
261
675
675
401
388
675
675
497
373
675
675
478
460
675
675
436
535
676
675
428
631
675
674
425
584
675
675
497
673
675
675
580
674
675
675
672
675
676
675
674
675
676
675
675
676
675
675
675
675
675
675
675
675
676
675
675
675
675
676
675
675
675
675
675
675
676
675
675
675
675
675
675
676
675
676
675
675
675
675
676
675
675
675
675
675
675
676
674
675
675
675
672
675
675
675
576
675
675
674
453
675
675
674
362
674
675
673
254
674
676
672
157
614
675
618
50
630
675
544
16
656
675
342
0
651
674
357
0
476
674
199
0
508
673
276
0
381
673
119
0
412
672
16
0
303
672
82
0
497
673
132
0
335
671
8
0
258
585
0
0
130
524
0
0
128
443
0
0
141
362
0
0
157
280
0
0
149
255
0
0
76
192
0
0
100
210
0
0
71
194
0
0
118
181
0
0
78
224
0
0
109
159
0
0
39
151
0
0
36
56
0
0
0
19
0
0
0
0
0
0
0
0
0
0
0
0
0
0
0
0
0
0
0
0
0
0
0
0
0
0
32
0
0
0
107
45
0
0
74
0
0
0
82
18
0
0
31
0
0
0
0
0
0
0
0
0
0
0
0
0
0
0
0
0
0
0
0
0
0
0
0
0
0
0
0
0
0
0
0
0
0
0
0
0
0
0
0
0
0
0
0
0
0
0
0
0
0
0
0
0
0
0
0
0
0
0
0
0
0
0
0
0
0
0
0
0
0
0
0
0
0
0
0
0
0
0
0
0
0
0
0
0
0
0
0
0
0
0
0
0
0
0
0
0
0
0
0
0
0
0
0
0
0
0
0
0
0
0
0
0
0
0
0
0
0
0
0
0
0
0
0
0
0
0
10
0
0
10
76
0
0
20
182
0
0
105
230
0
0
96
315
0
0
208
359
0
0
189
446
0
0
305
466
0
0
340
607
0
0
442
606
0
0
517
570
0
0
579
522
0
0
638
594
0
0
629
617
0
32
673
647
0
0
673
636
0
72
674
616
0
44
674
670
0
119
675
657
42
85
675
672
34
178
675
672
23
147
675
674
136
258
675
674
151
376
675
673
146
491
675
672
165
609
675
674
240
561
675
674
259
669
675
674
348
637
675
674
341
674
675
675
570
675
675
675
507
674
676
675
431
671
675
674
391
674
675
674
432
672
675
675
426
674
675
674
469
675
675
674
442
675
675
673
437
675
676
674
426
675
675
672
427
675
675
674
400
675
675
672
377
675
675
673
353
675
675
651
254
675
675
663
180
674
675
602
159
674
675
641
124
670
675
592
136
674
675
662
305
675
675
466
184
675
675
385
146
675
675
460
168
675
675
377
125
675
675
446
148
675
675
374
182
675
675
432
119
675
674
371
154
674
675
405
66
675
675
302
89
675
675
379
36
674
675
281
68
675
674
212
119
675
674
143
180
675
673
223
114
675
674
142
165
675
673
197
89
675
674
104
125
675
672
10
52
674
673
58
98
674
672
0
40
674
673
67
96
675
672
14
158
674
673
95
109
675
673
57
170
675
671
3
247
675
647
0
337
675
672
30
314
675
674
195
463
675
671
0
211
675
647
0
271
675
580
0
185
675
636
0
263
675
596
0
192
675
647
0
280
675
636
0
236
675
671
40
357
675
670
86
498
675
668
125
603
675
602
87
670
675
659
109
612
675
636
150
674
675
672
195
662
675
667
220
674
675
673
274
673
675
673
332
675
675
674
402
675
675
674
437
675
676
673
482
675
675
675
527
675
675
674
592
675
676
674
669
675
675
674
674
675
675
675
675
675
676
675
675
676
676
675
675
675
675
675
676
675
675
675
675
675
676
676
675
675
675
675
675
675
676
675
675
675
675
675
675
675
675
675
675
676
675
675
676
675
675
675
675
675
675
675
675
675
675
674
675
675
676
673
674
675
675
672
673
676
675
633
653
675
675
622
529
675
675
540
573
675
675
651
543
675
675
364
312
675
675
342
156
675
674
181
131
675
673
45
139
675
664
0
158
675
594
0
52
674
606
0
64
674
502
0
0
633
525
0
8
649
446
0
0
583
500
0
0
590
403
0
0
498
444
0
0
474
302
0
0
352
306
0
0
321
180
0
0
281
65
0
0
280
0
0
0
266
33
0
0
247
0
0
0
273
47
0
0
268
30
0
0
342
0
0
0
335
42
0
0
347
0
0
0
335
50
0
0
314
0
0
0
233
0
0
0
179
0
0
0
110
0
0
0
119
0
0
0
61
0
0
0
76
0
0
0
123
0
0
0
202
0
0
13
299
0
0
25
354
0
0
33
301
0
0
0
296
0
0
15
270
0
0
0
283
0
0
9
259
0
0
161
446
0
0
154
263
0
0
26
214
0
0
32
151
0
0
0
181
0
0
44
192
0
0
130
265
0
0
29
143
0
0
0
30
0
0
0
0
0
0
0
0
0
0
0
0
0
0
0
0
0
0
0
0
0
0
0
0
0
0
0
0
0
0
0
0
0
0
0
0
0
0
0
0
0
0
0
0
0
0
40
59
0
0
84
120
0
0
128
134
0
0
217
223
0
0
242
253
0
0
363
273
0
0
486
266
0
4
538
210
0
0
519
295
0
19
572
243
0
0
572
358
0
46
646
325
0
22
663
445
0
94
673
422
0
58
674
505
0
131
674
448
0
202
674
526
0
147
674
490
0
244
674
445
0
351
674
428
0
470
674
486
0
403
674
444
0
506
675
539
0
447
675
496
0
564
675
436
0
543
675
645
182
674
675
497
7
478
675
672
214
646
675
461
0
459
675
529
0
556
675
491
38
673
675
504
143
675
675
413
134
675
675
456
34
673
674
300
27
674
675
399
0
672
674
319
33
674
675
438
16
673
674
343
33
674
674
384
0
649
674
294
7
673
674
187
0
628
674
306
10
674
674
254
60
675
674
193
115
675
674
169
199
675
674
253
152
675
674
187
217
675
674
279
167
675
674
228
243
675
674
311
189
675
674
262
267
675
675
369
245
675
675
340
325
675
674
399
258
675
675
339
314
675
675
287
380
675
674
254
449
675
673
214
377
675
674
270
461
675
674
232
381
675
675
354
492
675
674
335
571
675
674
292
448
675
674
225
500
675
674
271
430
675
674
233
500
675
675
301
435
675
674
217
463
675
673
197
620
675
674
370
673
675
592
90
444
675
612
0
472
675
545
7
369
675
595
0
455
675
525
0
337
675
591
0
426
675
522
0
332
675
620
0
459
675
565
7
585
675
665
84
511
675
633
83
587
675
521
21
644
675
412
0
660
674
464
0
541
674
333
0
596
674
498
0
528
674
367
0
590
674
272
0
509
675
359
0
602
675
287
0
523
675
445
0
618
674
294
0
496
674
354
0
553
674
259
0
624
674
264
4
673
673
84
12
673
674
344
13
673
673
66
13
674
674
194
0
673
674
173
63
674
674
311
48
675
675
304
158
675
675
516
257
675
675
443
281
675
675
428
274
675
675
434
263
675
675
367
301
675
675
308
359
675
675
459
529
675
675
381
413
675
675
597
674
675
675
626
632
675
675
482
632
675
675
593
647
675
675
627
674
675
676
669
674
675
675
671
675
675
675
673
675
675
675
673
675
675
675
673
675
676
676
674
675
676
675
674
675
676
675
675
675
675
675
674
675
675
675
674
675
675
675
672
675
675
675
631
675
675
675
522
675
675
675
475
673
675
674
393
674
675
675
384
623
675
674
335
671
675
673
314
674
675
671
295
674
675
645
283
673
675
666
242
674
675
616
220
658
675
651
181
673
675
562
116
562
675
596
50
590
675
468
0
443
675
501
0
459
674
363
0
489
674
417
0
338
674
251
0
342
672
112
0
374
656
0
0
387
606
25
0
280
599
0
0
311
560
0
0
229
548
0
0
308
620
0
0
370
646
0
0
186
417
0
0
102
395
0
0
132
354
0
0
62
348
0
0
112
342
0
0
168
323
0
0
214
279
0
0
209
270
0
0
180
268
0
0
286
369
0
0
287
386
0
0
355
357
0
0
292
384
0
0
311
320
0
0
252
361
0
0
300
319
0
0
233
336
0
0
236
268
0
0
298
236
0
0
335
190
0
0
332
279
0
0
375
245
0
0
351
308
0
0
400
245
0
0
371
256
0
0
274
133
0
0
219
113
0
0
102
0
0
0
60
0
0
0
9
0
0
0
22
0
0
0
6
0
0
0
41
0
0
0
80
0
0
0
113
0
0
0
132
0
0
0
195
0
0
0
231
0
0
0
250
0
0
0
256
19
0
0
453
149
0
126
554
185
0
0
416
62
0
23
438
8
0
98
491
0
0
192
533
0
0
166
606
72
0
273
612
0
0
111
501
0
0
107
420
0
0
39
412
0
0
120
457
0
0
81
496
0
0
163
519
0
0
230
531
6
0
139
491
0
0
175
451
0
0
235
442
0
0
323
442
0
0
284
497
0
0
367
488
0
0
319
544
0
0
397
528
0
0
343
573
0
0
418
573
0
0
388
636
0
0
513
637
0
0
449
664
0
0
518
637
0
0
579
611
0
0
670
595
0
56
674
649
0
19
673
618
0
57
674
653
0
13
672
616
0
47
673
563
0
5
671
610
0
25
672
538
0
0
618
581
0
3
651
524
0
0
612
584
0
7
660
552
0
55
673
495
0
110
674
509
0
387
675
654
0
179
674
467
0
192
673
514
0
107
674
443
0
174
674
534
0
114
674
482
0
234
674
610
0
216
675
584
0
286
674
484
0
161
674
530
0
203
674
435
0
265
674
345
0
319
673
222
0
195
673
264
0
217
669
128
0
106
635
198
0
153
611
93
0
214
607
203
0
151
626
120
0
234
644
244
0
170
661
156
0
250
663
258
0
170
667
181
0
250
668
92
0
319
654
2
0
401
640
0
0
318
659
12
0
385
640
0
0
311
664
34
0
405
657
0
0
348
671
92
0
447
670
33
0
398
673
186
0
540
673
142
0
645
674
282
0
641
674
263
22
674
674
229
87
675
674
175
146
675
674
272
107
675
674
223
176
675
674
321
147
675
674
263
212
675
674
252
205
675
675
502
495
675
675
480
379
675
675
422
342
675
675
386
419
675
675
469
382
675
675
439
451
675
675
385
502
675
674
380
599
675
675
461
576
675
675
484
672
675
675
589
673
675
675
609
674
675
675
663
674
675
675
670
675
676
675
673
675
675
675
672
675
675
675
669
674
675
675
672
675
675
675
673
675
675
675
674
675
675
675
674
676
675
675
674
675
675
675
675
675
676
675
674
675
675
675
674
675
675
675
674
675
676
675
674
675
676
675
674
676
675
675
674
676
675
675
674
675
675
675
674
675
675
675
674
675
675
675
674
676
675
675
674
675
675
675
674
675
675
675
673
675
675
675
637
675
675
673
499
675
676
672
364
675
675
603
236
675
675
604
124
662
675
490
128
674
675
613
97
569
674
314
0
516
674
171
0
516
671
18
0
533
645
0
0
422
659
0
0
460
624
0
0
372
645
0
0
451
628
0
0
395
667
13
0
541
670
15
0
537
674
188
4
673
674
187
58
674
674
260
2
668
673
94
0
647
659
0
0
617
581
0
0
564
461
0
0
471
480
0
0
464
395
0
0
399
431
0
0
422
371
0
0
345
419
0
0
407
363
0
0
337
393
0
0
345
308
0
0
241
297
0
0
239
216
0
0
222
112
0
0
193
0
0
0
146
2
0
0
70
0
0
0
48
0
0
0
28
0
0
0
39
0
0
0
32
0
0
0
62
0
0
0
83
0
0
0
110
0
0
0
116
1
0
0
167
0
0
0
273
46
0
53
474
0
0
0
273
0
0
0
292
0
0
7
311
19
0
0
350
0
0
32
393
71
0
0
365
0
0
0
278
0
0
0
173
0
0
0
145
0
0
0
144
0
0
0
183
0
0
0
198
0
0
7
182
0
0
0
141
0
0
0
153
0
0
0
189
0
0
35
285
0
0
115
350
0
0
102
397
0
0
190
458
0
0
159
480
0
0
239
490
0
0
204
543
0
0
296
568
0
0
392
552
0
0
451
535
0
0
433
576
0
0
411
483
0
0
308
490
0
0
349
437
0
0
272
458
0
0
308
419
0
0
270
473
0
0
326
444
0
0
397
493
0
0
374
505
0
0
477
516
0
0
574
487
0
0
609
426
0
0
550
486
0
12
624
452
0
8
673
647
0
132
674
507
0
0
583
521
0
0
585
440
0
0
538
500
0
0
589
452
0
28
553
542
0
21
671
638
0
150
674
541
0
177
674
441
0
224
674
500
0
142
674
427
0
192
673
461
0
78
662
335
0
76
591
189
0
0
518
237
0
21
494
131
0
0
463
205
0
7
476
130
0
0
459
213
0
3
486
147
0
48
487
60
0
96
501
0
0
158
495
73
0
88
489
0
0
157
502
92
0
103
522
26
0
174
529
120
0
100
518
26
0
150
511
111
0
81
507
36
0
141
505
0
0
96
532
46
0
139
515
0
0
244
558
0
0
351
564
0
0
245
564
0
0
301
531
0
0
218
542
0
0
274
517
0
0
345
557
0
0
272
526
0
0
350
570
14
0
487
672
106
0
491
599
12
0
331
603
0
0
400
575
0
0
440
521
0
0
487
472
0
0
430
530
0
0
495
494
0
0
455
571
0
0
581
580
0
20
571
650
0
7
670
640
0
47
623
667
0
9
667
634
0
19
665
640
0
0
571
584
0
0
624
552
0
34
671
513
0
112
674
492
0
87
674
601
0
187
675
571
0
127
674
620
0
185
674
582
0
126
674
635
0
199
674
593
0
119
674
641
0
187
675
605
0
269
675
661
0
214
675
649
10
337
675
648
73
490
675
636
130
622
675
673
237
616
675
673
351
674
675
674
417
674
675
674
447
675
675
674
491
674
675
674
477
675
675
674
488
674
675
674
446
675
676
674
432
674
675
674
462
675
675
675
670
675
675
674
525
675
675
672
511
675
675
674
502
675
675
673
544
675
676
674
524
675
675
673
524
675
675
674
493
675
675
673
507
675
675
674
517
675
675
674
590
675
675
673
590
675
676
674
554
675
675
671
501
675
675
602
422
675
675
482
372
675
675
495
267
675
675
386
262
675
675
421
171
675
674
320
188
675
675
379
120
674
675
306
160
675
675
378
112
674
674
302
147
675
674
384
97
674
674
277
97
674
673
159
103
675
672
58
120
674
641
0
27
673
649
0
31
672
595
0
0
588
591
0
0
595
508
0
0
474
520
0
0
484
439
0
0
396
455
0
0
414
384
0
0
419
398
0
0
348
329
0
0
371
267
0
0
446
308
0
53
586
197
0
0
311
140
0
0
311
55
0
0
258
121
0
0
299
60
0
0
267
121
0
0
269
39
0
0
190
44
0
0
133
0
0
0
81
0
0
0
113
0
0
0
129
0
0
0
125
0
0
0
58
0
0
0
5
0
0
0
0
0
0
0
0
0
0
0
0
0
0
0
0
0
0
0
0
0
0
0
0
0
0
0
0
0
0
0
0
0
0
0
0
0
0
0
0
0
0
0
0
0
0
0
0
0
0
0
0
0
0
0
0
0
0
0
0
0
0
0
0
0
0
0
0
0
0
0
0
0
0
0
0
0
0
0
0
0
0
0
56
0
0
0
174
0
0
97
273
0
0
220
342
0
0
260
484
0
0
458
590
0
10
601
674
268
112
674
673
112
67
674
673
170
16
673
673
119
71
674
673
201
28
673
673
128
70
674
673
258
58
674
674
196
77
674
671
18
49
673
614
0
51
673
530
0
0
627
573
0
16
638
497
0
0
571
538
0
0
565
446
0
0
476
475
0
0
517
413
0
0
447
476
0
0
526
443
0
0
593
533
0
0
587
509
0
26
654
483
0
95
673
436
0
173
674
399
0
127
674
488
0
210
674
462
0
176
674
561
0
270
675
516
0
196
674
581
0
254
674
507
0
168
674
564
0
221
674
503
0
292
674
566
0
218
674
513
0
294
674
448
0
392
674
403
0
483
674
486
0
413
674
418
0
477
674
504
0
404
674
444
0
499
674
385
0
425
675
496
0
530
675
448
3
476
675
623
203
674
675
633
210
559
675
576
65
584
674
520
74
663
675
466
104
674
675
414
159
675
675
505
144
674
675
501
262
675
675
589
242
675
675
508
228
675
675
571
212
674
675
520
239
675
675
583
213
674
675
507
198
675
675
400
125
673
675
443
112
674
674
348
114
674
675
277
160
675
674
233
234
675
675
343
211
675
674
309
288
675
675
397
255
675
674
341
298
675
675
414
259
675
674
345
290
675
674
401
224
675
674
307
240
675
674
348
153
675
674
278
200
675
674
230
262
675
673
207
352
675
674
224
328
675
674
286
409
675
674
283
364
675
674
344
448
675
674
326
511
675
675
355
429
675
674
279
458
675
674
308
368
675
674
223
399
675
674
266
329
675
674
215
379
675
673
200
472
675
673
303
673
675
674
410
552
675
671
170
521
675
675
673
675
675
675
641
675
675
675
674
675
675
675
674
676
676
675
675
675
675
676
674
676
676
675
674
675
676
675
675
675
675
676
674
675
675
675
675
675
675
675
675
675
676
675
675
675
676
675
675
676
676
675
675
675
675
675
675
675
675
675
675
676
675
675
675
675
675
675
675
675
676
675
675
675
675
675
675
676
675
675
674
675
675
675
674
675
675
675
673
675
675
674
673
675
675
674
622
675
675
672
593
675
675
673
541
675
675
670
522
675
675
671
445
675
675
646
439
675
675
665
364
675
675
589
317
675
675
476
217
675
675
500
184
674
675
401
172
675
674
289
163
675
674
193
186
674
674
232
139
675
675
328
281
675
674
157
29
673
670
7
29
672
670
22
0
567
624
0
0
561
629
0
0
448
559
0
0
468
490
0
0
411
535
0
0
451
493
0
0
512
475
0
0
587
436
0
0
519
465
0
0
509
364
0
0
407
371
0
0
360
242
0
0
241
231
0
0
213
122
0
0
122
121
0
0
127
49
0
0
125
80
0
0
99
42
0
0
142
10
0
0
170
0
0
0
216
0
0
0
211
17
0
0
237
0
0
0
221
30
0
0
238
0
0
0
177
0
0
0
149
0
0
0
94
0
0
0
92
0
0
0
73
0
0
0
96
0
0
0
111
0
0
0
116
0
0
0
120
0
0
0
84
0
0
0
0
0
0
0
0
0
0
0
96
0
0
0
422
61
0
67
377
0
0
0
268
0
0
0
242
0
0
0
256
0
0
0
293
0
0
0
58
0
0
0
0
0
0
0
0
0
0
0
0
0
0
0
0
0
0
0
0
0
0
0
0
0
0
0
0
0
0
0
0
0
0
0
0
0
0
0
0
0
0
0
0
0
0
0
0
0
0
0
0
0
0
0
0
0
0
0
0
0
0
11
65
0
0
33
176
0
0
100
209
0
0
230
331
0
0
219
349
0
0
273
374
0
0
191
320
0
0
219
267
0
0
165
304
0
0
232
301
0
0
307
310
0
0
425
333
0
0
495
498
0
9
641
531
0
12
667
624
0
80
674
613
0
154
674
667
13
117
674
651
0
197
674
672
92
163
675
671
79
255
675
674
178
214
675
674
280
468
675
675
337
477
675
670
140
472
675
646
169
381
675
671
147
470
675
660
197
392
675
672
185
501
675
672
216
439
675
673
178
436
675
640
62
300
675
666
67
346
675
622
22
404
675
661
38
311
675
607
0
355
675
530
0
403
674
415
0
441
674
497
0
352
674
409
0
440
674
548
0
402
674
498
0
482
675
422
0
385
674
484
0
448
674
417
0
356
674
484
0
432
674
425
0
336
674
489
0
422
674
440
0
512
674
390
0
614
674
312
8
655
674
351
0
534
674
242
0
576
674
329
0
550
675
317
0
627
673
376
0
501
673
224
0
469
669
226
0
320
668
114
0
341
617
0
0
223
595
27
0
237
527
0
0
275
479
0
0
285
410
0
0
222
437
0
0
266
403
0
0
201
432
0
0
271
438
0
0
526
652
0
0
331
447
0
0
267
390
0
0
159
325
0
0
199
279
0
0
128
302
0
0
169
269
0
0
231
263
0
0
300
257
0
0
300
341
0
0
385
342
0
0
370
417
0
0
412
365
0
0
365
415
0
0
347
312
0
0
267
330
0
0
288
284
0
0
362
367
0
0
363
373
0
0
467
385
0
0
540
359
0
50
611
322
0
9
589
412
0
56
627
345
0
9
595
422
0
48
618
348
0
0
554
398
0
19
573
325
0
0
533
402
0
25
602
370
0
82
594
480
0
67
672
459
0
151
674
448
0
270
674
421
0
396
674
549
0
365
675
525
0
462
674
600
0
386
675
537
0
433
675
459
0
341
674
520
0
415
674
467
0
328
674
550
0
439
675
536
27
393
675
640
163
644
675
672
298
670
675
544
130
673
675
519
169
675
675
578
158
673
675
540
189
674
675
601
176
673
675
558
199
674
675
620
196
673
675
585
229
674
675
651
257
674
675
646
322
675
675
611
328
674
675
658
327
675
675
603
315
675
675
505
266
675
675
408
266
674
675
454
198
675
675
374
217
674
674
441
166
674
674
358
187
675
674
423
127
674
674
342
152
675
674
412
106
674
675
341
133
675
674
409
86
673
674
325
99
674
674
224
104
674
673
150
137
674
669
33
50
674
671
66
67
674
643
0
0
639
656
0
14
653
604
0
30
559
631
0
0
614
596
0
17
534
623
0
0
556
566
0
0
582
599
0
0
497
539
0
0
550
498
0
0
573
431
0
30
605
374
0
0
562
475
0
143
674
552
0
21
607
461
0
26
613
407
0
0
570
474
0
25
620
428
0
0
594
511
0
39
656
475
0
103
644
559
0
63
673
528
0
131
673
495
0
230
674
465
0
330
674
558
0
262
674
489
0
309
674
542
0
202
674
449
0
240
674
364
0
157
673
432
0
219
674
367
0
150
673
436
0
201
673
377
0
142
674
455
0
206
673
391
0
269
673
310
0
344
673
240
0
418
674
333
0
347
673
298
0
418
673
326
0
297
672
215
0
320
666
263
0
205
645
151
0
232
597
209
0
143
585
121
0
186
557
24
0
113
561
121
0
186
572
58
0
256
576
0
0
348
587
0
0
296
628
35
0
359
607
0
0
287
634
55
0
355
621
0
0
437
657
88
0
382
657
39
0
480
671
150
0
417
670
125
0
672
674
427
25
588
673
167
0
551
671
81
0
605
661
13
15
662
644
0
0
637
672
99
53
674
671
61
18
668
672
100
24
668
648
0
34
574
668
43
0
638
654
0
43
597
672
99
17
669
669
34
42
672
671
72
0
613
655
0
10
644
611
0
39
672
582
0
101
674
553
0
62
674
630
0
139
675
613
52
109
674
665
30
178
674
653
24
140
675
672
97
214
675
670
93
181
674
673
159
254
675
672
146
342
675
674
242
314
675
674
244
410
675
673
238
491
675
672
217
554
675
674
252
481
675
672
215
544
675
673
256
476
675
673
229
542
675
669
255
446
675
672
174
475
675
652
188
392
675
671
163
458
675
657
134
373
675
671
141
424
675
650
110
491
675
607
108
574
675
561
113
650
675
623
116
568
675
580
127
656
675
672
321
674
675
669
248
665
675
640
130
544
675
582
102
603
675
633
106
520
675
593
109
603
675
546
135
536
675
627
169
638
675
583
156
671
675
510
155
674
675
455
191
672
675
544
187
674
675
488
208
671
675
539
160
673
675
438
119
674
674
461
39
629
674
366
31
670
674
438
2
601
674
373
29
669
675
462
27
612
674
412
58
672
674
342
81
674
674
267
104
674
674
197
63
673
674
260
82
674
673
190
44
673
674
243
56
674
673
155
83
648
673
207
30
673
673
158
80
652
674
251
42
673
673
201
103
674
674
313
81
674
674
277
149
675
674
244
224
675
674
240
315
675
673
322
270
675
674
265
315
675
674
386
288
675
674
254
287
675
673
193
225
675
674
265
281
675
673
209
226
675
674
286
287
675
674
329
483
675
675
489
404
675
674
231
325
675
673
185
366
675
670
132
424
675
673
179
347
675
671
146
422
675
673
193
384
675
672
191
443
675
670
248
390
675
673
270
504
675
673
354
467
675
674
338
539
675
674
290
443
675
674
288
472
675
673
258
519
675
668
191
566
675
631
175
639
675
670
193
565
675
653
209
651
675
672
241
587
675
665
228
652
675
673
253
574
675
668
223
636
675
672
225
534
675
655
165
576
675
607
175
484
675
643
129
537
675
602
129
613
675
562
154
673
675
514
183
631
675
571
157
673
675
520
172
605
675
572
149
671
675
520
156
674
675
570
124
644
675
499
111
672
675
547
71
586
675
467
56
636
674
514
25
545
674
440
4
587
674
346
20
654
674
260
48
674
674
367
162
673
674
231
0
627
672
107
0
514
672
153
0
538
668
58
0
453
671
110
0
492
665
41
0
413
669
99
0
453
658
23
0
517
669
109
0
461
667
65
0
552
656
0
0
592
621
0
13
628
562
0
0
518
577
0
0
509
484
0
0
409
497
0
0
432
430
0
0
368
481
0
0
405
439
0
0
363
489
0
0
407
441
0
0
351
488
0
0
390
445
0
0
448
407
0
0
459
336
0
0
488
392
0
0
420
315
0
0
432
351
0
0
360
274
0
0
366
194
0
0
291
223
0
0
328
176
0
0
264
225
0
0
327
201
0
0
324
297
0
0
389
264
0
0
419
210
0
0
462
164
0
39
439
244
0
0
463
172
0
33
437
254
0
0
480
199
0
62
598
431
0
145
673
348
0
54
540
333
0
14
534
266
0
48
546
217
0
26
560
312
0
72
603
273
0
154
629
191
0
160
548
30
0
31
438
52
0
54
421
0
0
9
416
58
0
51
437
6
0
108
438
79
0
46
426
0
0
61
373
41
0
11
366
0
0
38
358
52
0
23
413
19
0
78
439
0
0
156
468
0
0
218
456
0
0
183
512
0
0
246
500
0
0
213
563
16
0
279
556
0
0
241
608
66
0
325
619
10
0
264
646
103
0
334
636
30
0
401
652
128
0
322
642
52
0
406
632
0
0
464
612
0
0
538
573
3
0
484
637
0
0
583
612
60
0
496
643
0
0
573
616
0
0
486
652
6
0
561
620
0
0
497
662
37
0
573
644
0
21
547
671
103
0
669
673
241
192
675
673
96
92
674
631
0
120
674
659
4
54
673
607
0
79
673
642
0
31
663
592
0
55
672
550
0
14
645
601
0
60
673
576
1
35
672
644
0
102
674
635
0
64
674
663
29
110
674
635
0
119
674
555
0
136
673
436
0
141
646
489
0
90
671
439
0
149
662
516
0
112
673
506
0
199
674
582
0
150
674
540
0
188
674
583
0
123
673
522
0
163
673
453
0
89
673
499
0
122
673
430
0
168
672
335
0
193
670
242
0
129
670
336
0
210
672
301
0
165
673
405
0
259
674
379
0
368
674
479
0
324
674
469
0
438
675
552
0
364
675
509
0
445
674
564
0
342
674
502
0
406
674
418
0
478
674
355
0
547
674
290
0
497
674
409
31
672
675
555
242
664
674
471
41
619
674
404
62
536
675
490
50
608
674
424
82
545
675
512
63
611
674
460
99
673
675
543
104
636
675
501
134
673
675
462
191
675
675
437
258
675
674
515
223
675
675
451
247
675
674
488
168
674
675
389
153
674
674
271
67
671
674
341
93
674
674
264
46
660
674
336
73
674
674
256
92
643
674
346
65
673
674
277
99
674
673
231
159
674
673
191
225
675
674
273
175
674
673
216
229
675
674
286
172
675
673
204
194
675
672
257
120
674
673
147
126
674
670
190
53
673
671
86
77
674
663
24
26
666
669
52
43
672
639
0
63
672
580
0
79
672
504
0
106
632
546
0
47
654
487
0
74
590
530
0
27
622
469
0
84
673
642
9
144
674
534
0
43
624
524
0
0
572
468
0
28
603
413
0
0
579
493
0
34
630
454
0
94
666
381
0
112
640
283
0
46
608
359
0
101
640
305
0
59
642
405
0
118
669
349
0
184
654
414
0
87
636
323
0
122
580
375
0
56
599
309
0
115
626
405
0
72
633
345
0
116
642
280
0
194
668
230
0
286
671
177
0
228
672
284
0
314
672
231
0
258
673
345
0
346
673
285
0
267
673
328
0
252
668
162
0
101
581
186
0
116
531
79
0
153
502
143
0
72
479
52
0
116
470
0
0
169
463
0
0
244
475
24
0
221
547
0
0
311
556
97
0
268
609
44
0
348
609
0
0
296
650
83
0
360
638
22
0
315
669
141
0
414
670
104
0
379
673
324
17
671
674
374
19
615
672
138
11
650
670
77
47
673
673
182
26
672
673
158
84
674
674
282
77
674
674
292
178
674
673
342
87
674
673
213
78
674
672
265
25
671
673
210
69
674
673
160
33
673
674
226
62
674
673
131
78
674
666
32
101
674
636
0
150
673
667
41
97
674
650
8
167
674
671
95
120
674
670
72
194
674
672
143
137
674
671
87
189
674
673
167
142
674
672
118
196
674
669
186
142
675
673
145
207
675
671
110
268
675
663
75
330
675
624
48
257
674
666
86
329
675
639
63
253
675
667
86
309
674
641
58
375
675
670
106
308
675
644
52
356
675
670
97
294
675
660
87
373
675
672
128
300
675
661
79
344
675
617
41
404
675
556
16
467
674
496
29
380
675
567
18
460
675
513
45
383
674
592
87
574
675
663
252
504
675
580
13
427
675
519
0
317
675
554
0
367
674
481
0
420
674
537
0
332
674
512
0
416
674
410
0
485
674
347
0
564
674
438
0
503
674
395
0
577
674
460
0
472
674
357
0
506
673
234
0
354
673
237
0
333
666
103
0
226
659
212
0
287
644
92
0
221
662
189
0
277
657
122
0
361
653
54
0
415
617
0
0
443
612
12
0
337
558
0
0
386
565
0
0
301
545
0
0
349
490
0
0
255
500
0
0
297
458
0
0
239
501
0
0
314
492
0
0
262
544
0
0
346
544
0
0
445
547
0
0
509
525
0
0
468
595
0
0
550
567
0
0
483
606
0
0
518
550
0
0
562
594
0
0
496
548
0
0
555
601
0
0
504
579
0
0
596
561
0
0
604
670
115
128
675
651
0
40
657
548
0
84
672
487
0
33
654
549
0
73
672
513
0
39
669
582
0
95
673
555
0
176
674
639
4
166
674
637
16
260
674
671
119
233
675
670
113
316
675
673
168
256
675
671
107
287
675
642
44
323
675
568
0
348
674
489
0
256
674
545
0
316
674
490
0
249
674
573
0
332
674
526
0
261
675
580
0
327
675
542
0
258
675
600
0
326
674
562
0
408
674
627
34
337
674
573
0
376
674
475
0
429
674
398
0
472
674
454
0
357
674
339
0
389
673
389
0
287
673
292
0
320
672
197
0
243
673
290
0
305
671
189
0
206
671
267
0
256
668
175
0
169
656
242
0
224
654
174
0
296
646
84
0
334
612
22
0
422
653
141
0
508
673
233
0
509
668
125
0
351
653
64
0
423
625
136
0
333
656
87
0
443
656
196
0
385
671
153
0
486
669
82
0
394
671
157
0
461
670
107
0
583
671
106
28
668
667
55
76
636
673
168
44
672
670
66
54
585
672
117
10
631
663
36
35
671
671
122
8
637
670
93
56
673
673
199
35
672
673
172
98
674
673
298
79
674
673
223
121
674
673
185
177
675
672
139
235
675
670
108
179
674
672
124
190
674
641
0
62
673
637
0
67
672
560
0
64
581
570
0
13
610
516
0
31
525
544
0
0
547
485
0
11
575
527
0
0
530
482
0
0
568
443
0
43
603
372
0
67
602
297
0
21
567
350
0
34
546
265
0
0
539
341
0
28
541
271
0
0
507
336
0
25
537
272
0
11
610
481
0
104
633
291
0
19
424
285
0
0
444
228
0
7
455
153
0
45
479
106
0
104
492
197
0
65
519
141
0
98
480
170
0
2
402
55
0
28
387
0
0
0
398
67
0
23
392
0
0
0
404
83
0
15
367
0
0
0
347
49
0
0
329
0
0
30
356
0
0
86
371
0
0
162
424
0
0
140
469
0
0
225
506
63
0
184
534
17
0
280
557
123
0
226
603
86
0
329
616
178
0
267
659
140
0
380
667
95
0
321
672
208
0
429
672
162
0
514
671
122
0
616
670
81
37
563
673
186
16
655
672
147
63
610
674
253
36
672
674
214
87
674
674
324
81
674
674
272
128
674
674
366
97
674
674
288
131
674
674
381
103
674
674
323
147
675
674
278
197
675
673
237
263
675
674
201
222
675
675
436
465
675
674
310
255
675
674
250
232
675
673
168
255
674
673
206
184
675
673
154
219
674
674
197
162
674
672
150
220
675
673
222
166
675
672
143
188
674
669
89
238
674
643
34
282
674
585
51
188
674
614
0
193
674
510
0
83
672
516
0
87
667
427
0
23
608
477
0
50
624
413
0
14
598
482
0
51
637
433
0
108
613
506
0
55
652
460
0
104
669
392
0
163
672
329
0
236
672
418
0
167
672
367
0
245
673
447
0
187
673
408
0
276
674
362
0
226
674
466
0
305
674
413
0
249
674
502
0
330
674
450
0
263
675
533
0
334
674
479
0
435
674
436
0
526
674
394
14
617
674
479
3
524
674
403
10
598
674
476
0
510
674
413
8
587
674
488
0
502
674
438
22
589
674
515
20
508
674
482
117
674
675
580
243
593
674
453
15
563
674
357
0
594
674
262
17
642
673
167
29
534
673
232
0
591
672
147
12
500
673
228
0
591
672
184
26
669
674
302
13
640
674
272
72
674
674
386
63
668
674
301
72
673
673
363
12
610
673
224
9
625
672
128
27
657
662
44
62
674
656
30
37
672
672
132
106
674
672
128
84
674
673
208
147
675
673
168
193
674
673
224
145
674
673
163
172
674
673
232
134
674
673
165
164
675
674
234
120
674
673
173
158
675
672
151
240
675
671
135
328
675
670
243
313
675
674
246
409
675
673
355
392
676
674
355
496
675
674
396
497
675
675
462
572
675
674
447
522
675
675
477
571
675
675
442
618
675
675
493
577
676
675
465
632
675
674
496
674
675
674
560
675
675
675
674
675
675
675
649
675
675
675
646
674
675
675
636
675
675
675
648
675
675
675
651
675
675
675
658
675
675
675
661
675
675
675
666
675
675
675
672
675
675
675
673
675
675
675
674
675
676
675
674
675
675
675
672
675
676
674
657
675
675
674
544
675
675
673
480
675
675
674
427
674
675
672
377
675
675
673
341
673
675
658
281
674
675
605
267
647
675
639
232
672
675
605
251
674
675
540
249
675
675
458
220
672
674
466
137
673
674
355
98
586
674
375
11
578
673
243
1
584
673
262
0
438
671
119
0
455
671
181
0
344
656
73
0
371
600
116
0
252
576
19
0
288
523
0
0
326
492
0
0
348
427
0
0
262
437
0
0
296
387
0
0
321
566
0
0
458
453
0
0
187
364
0
0
221
318
0
0
152
333
0
0
196
304
0
0
257
356
0
0
205
326
0
0
249
295
0
0
277
256
0
0
340
234
0
0
334
314
0
0
370
270
0
0
325
311
0
0
327
233
0
0
255
256
0
0
292
223
0
0
257
286
0
0
339
278
0
0
306
343
0
0
368
317
0
0
421
289
0
0
473
254
0
41
523
345
0
11
531
321
0
68
581
405
0
23
550
323
0
29
502
195
0
0
407
210
0
0
393
136
0
0
369
204
0
0
403
155
0
0
385
244
0
0
447
212
0
42
513
194
0
127
583
175
0
232
625
294
0
191
669
287
0
311
673
394
0
280
673
377
0
389
674
482
0
335
674
464
0
446
674
578
78
531
675
647
176
536
674
426
0
378
674
505
0
449
674
446
0
524
674
371
0
582
674
315
29
519
674
395
11
606
674
327
13
472
674
323
0
462
672
185
0
490
673
258
0
398
672
170
0
464
672
255
0
383
672
173
0
433
667
244
0
343
671
165
0
408
665
87
0
467
651
29
0
552
632
0
0
485
663
62
0
562
641
0
0
475
662
58
0
530
635
0
0
458
662
63
0
512
636
0
0
429
659
59
0
492
636
0
0
551
662
71
0
473
633
0
0
529
604
0
0
566
555
0
12
596
501
0
0
536
541
0
0
583
507
0
0
535
557
0
12
603
523
0
0
527
563
0
0
566
508
0
0
503
555
0
0
551
518
0
15
498
567
0
0
556
527
0
11
594
487
0
70
673
555
0
284
674
614
0
69
660
462
0
89
649
503
0
43
630
451
0
83
653
398
0
41
632
471
0
98
672
450
0
75
672
515
0
89
663
420
0
27
611
472
0
56
637
423
0
114
662
361
0
169
663
268
0
206
624
331
0
101
586
224
0
142
544
270
0
71
563
227
0
146
598
324
0
103
619
283
0
186
649
403
0
139
671
356
0
222
672
288
0
168
673
393
0
241
673
351
0
342
673
288
0
416
673
243
0
369
673
309
0
367
671
173
0
258
672
245
0
329
671
183
0
420
673
298
0
348
672
229
0
445
673
327
0
384
673
288
0
483
673
407
0
431
674
358
0
537
674
299
0
605
674
266
29
661
672
163
0
590
674
251
32
670
673
215
13
622
674
319
66
673
674
277
134
658
674
394
179
675
675
551
366
674
674
397
115
674
674
301
110
674
674
360
62
671
674
291
84
674
673
218
117
674
672
161
162
675
672
242
124
674
673
211
201
674
673
320
199
675
674
298
275
675
674
284
242
675
674
347
288
675
673
238
178
674
674
220
156
674
672
145
179
674
673
184
113
674
672
124
161
674
670
106
238
675
660
78
300
675
671
127
236
675
671
114
294
674
670
92
190
675
648
38
233
674
597
62
155
674
635
17
192
674
568
10
102
673
600
0
132
673
541
0
86
673
608
0
143
674
574
0
209
675
543
0
304
674
512
0
402
674
598
18
354
674
569
29
441
675
637
60
349
674
558
1
398
674
600
0
296
674
542
0
345
674
582
0
248
674
509
0
303
674
440
0
252
675
641
130
478
674
529
0
384
674
405
0
437
674
309
0
346
674
381
0
404
674
294
0
297
674
364
0
365
673
278
0
426
673
359
0
345
673
291
0
422
673
385
0
351
673
330
0
427
673
392
0
322
673
285
0
338
670
150
0
333
613
22
0
334
534
0
0
212
500
0
0
241
449
0
0
151
437
0
0
179
403
0
0
119
413
0
0
176
411
0
0
135
449
0
0
197
446
0
0
255
464
0
0
184
432
0
0
200
377
0
0
236
339
0
0
258
283
0
0
188
296
0
0
201
239
0
0
149
270
0
0
200
252
0
0
173
311
0
0
234
300
0
0
201
350
0
0
250
329
0
0
205
365
0
0
261
347
0
0
315
327
0
0
378
319
0
31
626
567
0
0
509
373
0
0
457
404
0
0
428
372
0
0
485
348
0
0
472
418
0
0
503
356
0
0
424
382
0
0
413
287
0
0
331
314
0
0
369
277
0
0
414
236
0
0
451
200
0
39
438
266
0
0
435
181
0
16
397
246
0
0
478
249
0
61
538
348
0
26
540
290
0
50
527
338
0
0
490
265
0
33
506
199
0
0
480
275
0
31
515
220
0
83
535
163
0
150
567
131
0
140
633
252
0
195
616
150
0
94
567
201
0
123
535
98
0
151
500
163
0
88
505
95
0
143
498
178
0
97
532
128
0
168
556
239
0
140
609
205
0
225
630
150
0
313
646
93
0
383
629
26
0
325
664
128
0
420
665
90
0
368
671
186
0
453
671
153
0
418
674
343
51
673
675
449
124
535
674
344
0
577
674
311
27
659
675
397
16
612
674
369
76
673
674
331
136
674
674
331
252
675
674
473
277
675
674
440
326
675
674
515
314
675
675
499
383
675
675
470
366
675
675
538
412
675
675
486
363
675
675
510
352
675
675
426
364
675
675
500
338
675
675
468
403
675
675
449
460
675
674
425
526
675
675
481
483
675
674
432
513
676
675
476
460
675
675
454
515
675
675
486
451
675
674
422
478
675
674
462
416
675
675
405
452
675
674
347
371
675
675
381
419
675
674
332
450
675
674
285
496
675
672
239
541
675
673
250
453
675
672
211
499
675
673
221
420
675
670
173
458
675
672
183
366
675
657
108
387
675
668
95
283
674
630
45
327
674
578
72
248
674
620
18
309
674
579
2
361
674
566
113
595
675
584
95
372
674
474
0
363
674
376
0
250
674
422
0
286
673
345
0
349
673
406
0
254
673
332
0
328
673
423
0
268
673
378
0
356
673
468
0
291
674
423
0
366
674
341
0
436
673
255
0
473
671
142
0
345
670
165
0
344
628
45
0
251
638
146
0
317
623
62
0
258
658
161
0
325
650
101
0
275
670
215
0
354
667
134
0
426
671
226
0
357
670
163
0
438
666
92
0
496
653
43
0
581
633
127
0
526
668
90
4
607
655
176
0
546
671
122
10
620
663
55
0
543
671
133
1
605
665
61
0
533
671
142
0
594
666
61
18
506
671
125
0
562
662
56
8
605
631
0
22
619
566
0
33
626
601
0
0
556
536
0
12
585
578
0
0
526
531
0
6
577
496
0
0
522
557
0
88
674
644
116
10
559
537
0
0
518
462
0
0
432
483
0
0
470
433
0
0
482
370
0
8
520
323
0
40
489
395
0
21
567
383
0
85
571
485
0
66
656
465
0
130
672
545
0
91
672
500
0
133
672
541
0
56
635
458
0
65
619
375
0
24
598
450
0
70
644
419
0
153
672
383
0
235
673
342
0
194
673
434
0
249
673
375
0
180
673
428
0
228
673
358
0
284
672
417
0
206
673
353
0
263
672
411
0
176
672
352
0
242
672
433
0
189
673
392
0
278
673
349
0
375
673
305
0
480
673
269
0
434
674
389
0
522
674
326
0
451
674
414
0
501
674
310
0
400
674
373
0
461
673
307
0
390
674
404
0
472
674
356
0
576
674
497
97
651
675
567
163
628
674
334
42
666
674
286
78
674
674
374
52
660
674
306
87
674
674
419
72
657
674
326
94
673
674
263
58
657
674
360
110
674
674
349
133
673
675
434
179
674
674
362
188
672
674
414
132
674
674
304
103
673
673
176
87
674
667
59
91
673
670
88
34
661
651
11
51
671
663
56
13
616
625
0
29
643
587
32
0
571
630
0
22
633
595
46
0
576
631
0
19
630
605
0
0
572
636
0
15
621
606
0
35
636
541
0
60
649
471
0
78
567
499
0
11
564
419
0
46
515
459
0
0
512
383
0
0
499
410
0
0
457
356
0
0
473
398
0
0
435
350
0
0
446
273
0
0
395
322
0
0
433
344
0
112
665
366
0
17
442
140
0
0
426
203
0
1
433
152
0
0
431
227
0
12
462
181
0
59
457
261
0
19
491
218
0
81
504
323
0
56
577
310
0
137
633
412
0
97
649
370
0
159
659
289
0
202
641
203
0
230
601
107
0
152
601
186
0
209
586
95
0
128
584
186
0
201
590
133
0
140
603
213
0
198
600
144
0
130
603
228
0
197
618
167
0
284
639
264
0
210
649
207
0
304
663
147
0
360
645
69
0
427
632
169
0
346
636
73
0
411
623
156
0
315
625
70
0
371
596
0
0
306
628
83
0
373
610
13
0
302
637
130
0
372
620
24
0
292
655
157
0
436
667
105
0
497
660
66
0
598
653
40
41
670
672
227
127
674
674
261
109
673
672
174
27
654
671
114
58
673
664
192
23
649
672
137
59
673
668
217
27
656
672
168
73
673
672
141
49
672
673
240
111
675
673
228
188
674
673
188
253
675
672
165
316
675
673
205
244
675
671
136
261
674
672
146
181
674
669
99
222
674
672
149
170
674
670
103
220
674
672
166
169
674
671
129
226
674
660
176
161
675
671
124
207
674
662
81
261
674
631
46
316
675
588
30
248
675
635
52
308
675
594
24
234
675
634
37
271
674
577
0
328
674
621
6
236
674
565
0
294
674
610
0
212
674
568
0
280
674
617
0
204
674
574
0
258
674
495
0
303
674
422
0
360
673
348
0
275
674
426
0
340
674
350
0
260
674
457
0
472
674
568
118
399
674
461
0
322
674
370
0
227
674
446
0
295
673
377
0
361
674
448
0
280
674
379
0
344
673
314
0
422
673
253
0
508
672
352
0
449
673
318
0
549
673
413
0
467
674
334
0
524
673
233
0
391
673
261
0
408
670
145
0
293
671
207
0
353
667
138
0
275
670
217
0
350
670
161
0
419
661
82
0
472
631
1
0
508
649
71
0
427
613
0
0
473
633
62
0
391
590
0
0
419
539
40
0
343
559
0
0
376
515
26
0
306
536
0
0
368
521
0
0
304
550
0
0
356
529
0
0
451
534
0
0
511
501
0
0
451
541
0
0
494
501
0
0
439
543
0
0
479
499
0
0
505
522
0
0
455
497
0
0
544
621
71
55
672
652
0
0
539
502
0
0
488
549
0
0
532
510
0
12
575
471
0
51
613
423
0
17
591
496
0
57
634
458
0
30
625
540
0
84
672
521
0
164
671
586
0
105
673
545
0
151
668
595
0
93
672
544
0
125
672
569
0
54
654
526
0
112
673
491
0
182
673
460
0
275
674
421
0
219
674
509
0
298
674
459
0
228
674
532
0
300
674
483
0
235
674
561
0
299
674
500
0
