316
316
316
316
316
316
316
317
317
317
319
320
322
323
324
325
327
329
331
333
335
336
339
341
343
345
346
348
350
351
351
352
353
352
353
352
352
351
351
350
349
348
346
344
342
340
338
336
334
332
331
329
327
326
325
324
322
321
321
320
319
319
319
319
318
319
319
319
319
319
319
320
320
320
320
321
321
321
321
321
321
321
320
322
321
321
321
320
318
315
313
314
314
318
324
333
345
359
376
385
405
427
447
467
484
500
512
521
527
530
531
528
521
513
500
484
466
444
423
399
377
368
348
333
320
311
305
302
301
301
301
301
301
302
302
302
303
302
303
304
305
304
305
304
304
304
305
305
306
306
307
308
308
308
307
307
307
308
308
308
307
308
308
308
309
309
310
310
310
311
312
313
314
315
316
317
319
320
322
324
325
327
328
330
332
333
335
337
339
342
345
347
349
351
354
355
358
359
361
363
364
366
367
368
369
368
370
370
371
372
373
373
373
372
372
372
372
372
372
372
370
370
369
367
366
363
361
361
358
356
354
352
349
346
342
339
336
332
328
326
321
318
313
310
308
306
304
304
304
305
304
304
304
305
304
304
305
306
306
306
306
307
306
306
307
307
308
309
308
310
309
309
310
310
309
309
310
311
310
311
311
310
311
311
311
311
311
311
312
312
312
312
313
312
313
313
312
312
313
314
314
314
314
315
314
314
314
316
316
317
318
318
321
321
323
326
327
328
330
332
334
336
338
341
343
345
346
347
349
350
350
351
351
352
350
351
350
350
350
349
348
347
345
343
342
340
337
336
333
332
330
328
327
325
324
323
322
321
320
320
319
319
319
319
319
319
319
319
320
319
320
320
320
320
320
321
322
321
322
321
321
321
321
322
322
321
322
320
318
315
313
313
315
318
324
333
346
361
368
387
408
429
450
470
486
501
512
521
527
531
530
527
520
511
498
482
464
443
420
408
385
365
346
331
319
310
305
302
301
302
302
302
302
302
302
303
302
303
304
304
304
304
304
304
304
305
305
305
305
306
306
307
307
306
306
306
307
307
308
308
308
309
309
309
309
309
309
310
310
311
312
313
314
315
316
317
319
320
322
323
325
327
328
329
331
333
335
338
340
343
345
347
349
352
353
355
357
360
360
363
363
365
367
368
369
369
370
370
371
372
372
372
372
373
373
373
372
373
372
372
370
369
367
366
365
363
362
361
358
356
354
352
349
345
343
339
336
332
329
326
322
317
314
310
308
306
305
305
305
304
305
305
305
306
306
306
306
306
306
306
307
307
308
307
308
308
308
309
309
309
309
309
310
310
309
309
309
310
311
311
311
311
312
312
312
312
312
313
312
313
313
313
314
314
313
314
314
314
315
315
315
314
315
315
316
315
316
316
316
318
319
320
321
323
324
326
326
328
330
332
335
337
339
342
344
346
347
349
350
351
351
351
351
351
351
351
351
351
351
349
349
348
346
344
341
340
338
336
334
332
331
328
328
325
324
323
322
321
320
319
319
318
319
319
318
319
319
319
320
320
320
321
321
321
320
321
321
321
321
321
321
321
321
322
321
321
321
319
317
314
312
312
315
319
325
335
347
354
371
390
411
432
454
473
489
503
514
522
528
531
530
526
519
509
496
479
461
440
427
405
382
362
344
329
318
309
304
301
300
300
300
301
301
302
302
302
303
303
304
304
303
305
304
304
304
304
305
305
306
306
306
307
306
306
307
307
308
308
309
308
309
308
308
309
309
309
309
310
311
312
312
314
313
315
315
316
319
320
322
324
325
327
328
330
332
333
336
338
341
342
345
348
350
352
354
356
358
360
361
363
364
366
367
367
368
369
370
370
370
372
373
373
373
372
373
372
372
372
372
371
370
369
368
366
365
364
362
360
357
355
353
350
347
344
342
339
336
332
328
325
321
316
312
309
307
306
305
305
305
305
305
305
306
306
305
305
305
306
306
307
307
307
307
306
306
307
307
307
308
308
309
308
310
309
310
309
309
311
310
310
311
310
311
311
312
312
312
313
312
312
312
312
312
312
313
312
312
313
313
313
314
314
315
315
315
315
315
315
316
317
318
319
319
321
323
325
327
329
331
333
335
337
339
341
343
345
346
348
349
351
351
352
352
352
351
351
350
350
349
349
348
347
345
343
341
339
337
335
333
331
330
327
325
325
322
322
321
319
319
318
318
318
318
318
318
318
319
319
319
319
320
320
319
319
320
319
319
320
321
320
321
321
321
322
322
322
321
319
316
314
313
313
315
320
327
332
343
356
373
393
414
435
455
475
491
506
516
523
529
530
529
524
517
507
494
478
458
447
424
402
378
359
341
327
316
308
303
301
299
300
301
301
301
301
302
302
302
302
303
303
304
305
304
304
304
304
305
305
305
306
306
306
306
306
307
306
307
307
308
308
308
308
309
308
309
308
310
310
311
312
313
314
315
315
317
318
321
322
323
325
327
328
329
331
333
334
336
339
341
343
345
348
350
351
353
355
357
359
361
363
364
366
366
367
368
369
369
370
370
372
371
372
372
372
372
372
372
371
371
370
369
368
367
366
365
362
361
359
357
355
352
349
346
344
341
338
334
330
327
323
319
315
311
308
306
305
304
304
303
304
304
305
305
304
305
305
305
306
306
306
307
307
307
307
308
308
308
309
308
309
310
310
311
311
311
311
311
311
311
312
312
312
312
311
312
312
312
312
313
313
313
313
313
313
313
314
313
314
315
315
315
315
315
315
314
314
314
316
316
317
319
320
321
322
324
326
327
329
331
333
336
337
339
342
344
345
346
348
349
350
351
351
352
351
351
351
351
350
349
348
348
346
344
343
341
339
337
335
333
331
329
329
327
326
324
323
322
320
319
318
318
318
318
318
318
319
320
319
320
320
321
320
320
320
320
320
320
321
321
321
321
321
322
321
321
322
321
318
316
314
313
314
316
321
325
333
344
359
377
397
418
439
458
477
493
505
516
523
528
530
528
524
516
505
491
483
465
443
421
397
376
356
339
325
315
308
303
301
301
300
301
301
302
303
303
303
304
305
305
305
304
306
305
305
305
305
306
306
306
307
307
308
307
307
307
308
308
308
308
308
308
308
308
309
309
309
310
310
310
312
312
314
315
315
316
318
319
320
323
324
325
327
329
331
333
334
336
338
341
344
345
348
350
352
354
356
359
360
361
363
364
365
367
366
368
368
370
370
371
371
371
372
372
371
372
371
372
371
372
371
369
368
368
366
364
363
361
359
357
356
352
350
348
345
343
339
336
332
328
325
320
317
313
312
310
307
306
305
305
305
305
306
306
306
306
307
307
307
306
308
308
307
308
308
309
309
309
310
310
310
309
309
309
309
310
310
310
311
312
312
312
312
312
312
312
312
312
313
312
313
314
313
314
314
314
314
314
315
316
316
316
317
318
317
317
317
317
317
318
319
320
321
322
323
325
326
328
330
332
334
336
337
340
342
344
345
346
347
348
349
351
351
351
351
351
351
351
350
350
349
348
346
344
342
341
339
337
335
334
332
331
329
327
325
324
323
322
320
319
319
319
319
318
318
318
319
318
319
319
320
320
320
320
320
320
320
320
320
321
321
321
321
321
321
321
321
320
318
316
313
313
314
317
318
325
334
347
360
379
399
419
440
460
478
494
506
516
523
528
529
528
523
516
504
497
482
463
442
419
396
374
355
338
325
314
307
303
301
300
301
301
301
301
303
303
302
303
304
304
305
305
306
306
306
306
306
306
307
307
308
308
308
308
308
307
308
308
308
308
309
309
310
310
309
309
309
310
311
311
312
313
314
315
315
316
317
319
320
322
323
325
327
329
331
332
334
336
339
341
343
345
348
350
352
354
355
358
360
362
363
364
365
366
367
369
370
370
372
372
373
373
373
374
373
373
372
372
372
371
371
370
370
369
366
365
363
361
359
357
355
352
350
347
345
341
338
334
331
327
324
320
315
315
310
308
306
305
305
304
305
305
305
305
305
306
306
306
307
307
307
307
308
308
308
308
308
308
309
309
309
310
310
311
310
311
310
311
311
311
312
311
312
312
311
312
312
312
314
313
314
314
314
315
315
314
315
315
315
316
316
317
317
317
316
316
316
316
317
317
318
320
320
322
324
325
327
328
330
333
336
337
339
342
344
345
346
347
348
350
350
352
352
353
352
351
352
350
350
350
349
348
346
345
343
341
339
336
334
333
331
330
329
328
325
324
323
321
320
319
318
319
319
319
319
319
319
319
319
319
319
319
319
319
319
319
319
319
320
320
320
320
320
320
321
321
321
320
318
316
313
312
313
314
319
325
335
347
363
381
401
422
443
463
481
496
509
519
526
530
530
528
522
514
508
496
479
460
438
415
393
371
352
336
323
313
306
303
300
301
300
300
301
301
302
301
302
302
302
303
303
303
304
303
303
304
305
305
305
306
306
306
307
307
307
307
307
307
308
308
308
308
310
308
308
309
308
309
310
311
312
313
314
314
315
316
318
319
320
322
324
325
327
329
331
333
334
337
339
341
343
346
348
350
353
354
356
358
359
360
361
363
363
365
366
367
368
368
369
370
370
370
370
372
371
371
370
371
370
370
370
370
368
366
365
364
362
360
358
356
354
352
349
347
342
340
336
333
330
325
322
318
316
313
309
306
305
304
304
303
303
304
303
303
303
304
304
304
304
304
305
306
306
307
306
306
307
306
307
307
308
308
309
309
309
309
310
311
311
310
311
311
311
311
311
312
311
311
312
312
312
312
312
313
312
313
313
313
314
314
314
314
313
314
314
314
315
315
315
316
317
319
319
321
323
324
325
327
329
332
334
336
338
341
342
344
345
346
348
349
350
352
352
351
352
351
352
351
350
350
349
348
346
345
343
341
339
336
335
333
331
330
328
327
325
324
323
322
320
319
319
319
319
317
318
318
319
318
318
319
319
319
320
319
320
320
321
320
321
321
322
322
322
323
322
322
322
320
318
316
313
313
313
315
320
327
337
350
366
384
404
426
446
466
484
499
511
521
528
531
531
529
527
519
508
495
479
459
436
413
391
369
350
334
322
312
307
303
302
302
302
303
303
303
303
303
304
305
304
304
305
305
305
305
305
305
306
305
306
306
306
307
307
307
308
308
308
308
308
308
309
309
310
309
309
310
310
311
311
312
313
315
315
316
317
318
318
320
320
323
324
325
327
329
331
333
335
337
339
342
344
346
349
351
353
355
356
359
360
362
363
365
366
367
369
370
370
371
372
372
373
373
374
374
373
373
372
372
372
372
372
370
369
367
366
364
363
361
359
357
354
352
350
347
343
340
336
333
329
326
325
321
317
313
310
308
306
305
305
304
305
305
305
305
305
307
306
305
306
307
307
308
308
308
307
308
307
307
308
309
309
310
309
310
309
309
310
310
310
310
311
311
312
312
312
312
311
312
313
313
313
313
313
313
314
313
313
313
314
314
314
315
315
315
314
314
315
315
317
318
319
320
321
323
324
325
327
329
330
332
334
336
338
341
343
344
346
347
348
350
351
352
352
352
352
352
351
350
350
350
348
347
346
344
342
341
339
337
335
333
331
331
329
327
325
323
322
321
319
319
318
318
318
318
318
318
319
319
319
319
320
320
320
320
320
320
320
321
321
321
321
322
322
321
322
321
321
320
317
315
314
313
313
316
322
328
339
351
368
386
406
427
448
468
485
499
511
520
526
529
529
528
523
516
506
491
474
454
432
410
387
365
347
331
320
310
305
302
300
301
301
301
302
301
302
302
303
303
303
303
304
304
305
304
305
305
305
305
305
306
306
306
307
307
307
307
308
308
308
308
308
308
309
308
309
309
310
310
310
311
312
313
315
315
316
317
318
319
321
322
324
325
327
329
330
332
334
337
339
342
344
346
349
351
353
355
356
358
359
362
364
365
367
368
368
368
368
369
369
370
371
372
373
372
372
372
372
372
372
371
371
370
369
367
365
365
363
361
359
357
354
351
349
346
343
340
336
333
329
327
324
320
317
313
309
307
306
305
304
304
305
305
306
305
306
306
306
306
306
307
307
308
309
309
309
308
309
308
308
308
309
309
310
310
309
310
309
310
310
310
311
311
311
311
311
311
311
312
312
312
312
312
313
314
313
314
314
315
315
315
316
316
316
316
316
316
315
315
316
318
318
320
320
323
324
325
326
328
331
333
335
337
338
341
342
343
345
346
347
349
350
351
351
352
352
352
352
350
350
350
349
347
346
343
342
340
338
336
335
332
331
329
328
326
324
322
322
320
319
318
317
318
318
318
318
318
318
318
319
319
320
320
320
321
320
320
321
321
321
321
321
322
322
322
322
322
322
320
318
317
314
313
314
316
322
330
340
354
370
389
409
431
451
470
487
501
512
521
527
530
531
529
524
516
504
490
472
452
429
407
384
364
346
331
319
310
305
302
301
301
301
302
302
302
303
303
303
303
303
304
304
304
304
304
305
304
305
305
304
306
306
306
307
307
307
306
306
306
306
307
308
308
309
308
308
309
309
309
309
311
312
313
314
314
315
316
316
318
320
321
323
325
328
330
331
333
335
338
340
342
344
347
349
351
353
354
356
357
359
360
363
364
366
366
367
368
369
370
371
371
372
372
374
373
373
373
373
372
372
371
371
370
369
367
365
363
361
360
358
356
354
350
349
346
343
339
335
332
330
327
323
320
316
312
309
307
306
305
305
305
305
305
306
305
305
306
306
307
307
306
306
306
307
307
307
308
307
308
308
307
308
309
309
309
309
310
310
310
310
310
311
311
311
312
312
312
312
312
313
313
313
314
314
314
314
315
315
316
316
316
317
317
316
316
316
316
316
316
317
317
318
319
321
322
324
325
327
328
331
333
335
337
340
341
343
344
346
347
349
350
351
352
352
352
352
352
352
351
350
349
348
347
345
343
343
340
339
337
335
333
331
330
327
326
325
323
321
320
319
319
319
319
318
319
318
319
318
319
319
319
319
320
320
320
320
319
319
319
319
320
320
322
321
321
321
322
321
320
318
315
313
312
314
317
323
331
342
355
372
390
411
432
454
472
489
502
514
522
525
529
529
527
522
513
502
487
469
448
426
403
381
361
343
329
317
309
304
302
300
301
301
301
301
302
302
303
302
302
303
303
303
303
303
303
304
304
304
305
304
305
305
305
306
306
306
307
307
307
307
308
308
309
309
309
309
309
310
309
310
311
312
313
314
315
316
317
317
319
320
322
324
326
328
330
332
334
336
339
341
343
346
349
351
352
353
356
357
359
361
362
364
365
367
368
369
369
370
371
371
371
372
372
373
372
373
373
372
372
372
372
371
369
368
368
366
365
362
360
359
357
354
351
349
346
343
339
338
334
330
326
323
319
315
312
308
307
305
304
304
303
304
305
305
306
306
306
306
307
306
306
307
307
308
308
307
307
308
307
307
307
309
308
309
309
309
309
309
310
310
310
310
310
311
311
311
311
311
311
311
311
312
312
313
313
313
313
314
314
313
314
314
314
314
315
315
315
315
315
316
316
318
319
321
322
324
325
326
328
330
332
335
337
338
341
343
344
346
347
349
350
351
351
352
353
353
352
352
350
350
349
348
347
345
344
343
340
338
336
334
332
330
329
327
325
325
323
321
320
319
319
318
319
318
318
318
318
319
318
319
319
319
320
320
320
320
320
321
320
320
320
321
321
321
322
322
322
322
320
318
316
313
312
314
317
323
331
342
357
373
393
414
436
456
475
491
504
515
519
526
529
529
526
521
512
501
485
467
446
423
401
378
359
341
327
315
307
303
301
300
300
300
300
301
301
302
302
302
302
302
303
303
303
303
303
304
304
304
304
305
305
305
306
306
306
306
307
307
307
307
308
309
309
309
308
309
309
309
309
310
311
313
313
315
316
316
317
317
319
321
322
324
326
328
329
332
334
336
338
340
343
346
347
348
351
352
354
356
359
360
362
363
364
366
367
368
369
370
371
371
371
372
373
373
373
373
373
372
372
372
371
370
369
368
367
365
363
361
359
357
354
353
349
347
345
342
340
336
332
329
325
323
318
315
312
308
307
305
304
304
304
304
304
305
305
306
306
306
306
307
306
307
307
308
309
308
308
308
308
309
310
310
310
310
311
311
312
310
310
310
311
311
311
312
312
312
313
314
313
313
313
314
314
313
314
314
315
314
314
314
314
315
316
315
315
316
316
316
316
317
317
318
320
321
323
324
326
327
329
331
333
335
337
339
341
343
345
346
348
349
350
351
352
352
353
353
352
351
350
350
349
348
347
346
344
343
340
338
336
334
332
331
329
327
326
325
323
321
320
320
319
319
319
319
320
319
318
319
319
319
320
320
321
320
320
320
321
321
321
321
322
322
322
322
322
323
321
322
320
317
315
313
313
314
319
324
333
345
359
376
396
417
439
459
477
494
507
514
521
529
531
531
528
522
512
500
484
466
445
422
398
377
357
340
327
315
308
304
303
301
301
302
302
302
302
303
302
303
303
303
305
304
304
305
305
305
305
306
305
305
305
306
307
307
307
307
307
307
306
306
308
308
308
309
308
309
309
310
310
310
311
311
312
314
314
316
317
318
320
321
322
324
326
328
329
332
333
336
338
340
343
345
345
349
351
352
355
357
359
361
362
364
364
367
367
368
368
369
370
371
372
373
373
373
373
372
372
371
371
371
370
370
369
369
367
366
364
362
361
358
355
353
350
348
345
343
339
336
332
328
325
321
317
314
311
307
306
305
304
304
305
305
305
305
306
306
306
306
306
306
305
307
307
307
308
308
309
308
308
308
308
309
308
309
309
309
310
310
310
311
311
312
312
312
312
312
312
312
312
312
312
313
313
313
313
314
314
314
314
315
314
315
316
316
316
316
316
316
317
317
318
320
321
322
324
324
326
327
329
331
333
335
338
340
343
344
345
347
348
349
351
351
352
352
353
352
352
351
351
350
349
349
348
346
344
343
341
338
335
334
331
330
328
327
325
324
322
321
320
319
318
318
317
318
317
318
318
319
318
319
319
320
320
320
320
321
320
321
320
322
321
322
322
322
322
322
322
322
320
317
315
314
314
316
320
326
335
348
362
379
399
420
442
461
480
487
501
513
522
527
529
529
525
520
509
496
480
462
440
417
394
372
354
337
324
313
306
304
300
300
300
299
300
301
301
302
301
302
302
303
303
303
304
304
304
305
304
306
305
305
306
306
306
307
306
308
307
308
310
310
310
310
310
310
310
311
310
312
313
313
314
314
315
317
317
318
320
321
322
322
324
325
327
329
331
333
335
337
340
342
345
346
348
350
352
354
356
358
360
362
364
366
367
368
370
371
372
373
374
374
375
375
375
376
376
376
375
375
375
373
373
374
372
373
371
370
367
365
363
360
358
355
352
351
348
345
341
338
335
331
327
323
318
317
312
311
309
306
307
306
306
307
307
307
308
308
308
308
308
308
308
309
309
309
310
310
310
309
310
310
311
311
310
311
312
312
312
311
312
312
312
313
313
312
314
314
315
314
314
315
315
316
315
316
316
316
317
316
316
317
316
317
317
317
318
317
317
317
318
319
320
322
322
324
326
327
328
330
331
333
334
337
339
342
344
346
348
348
350
352
352
353
353
354
354
353
354
353
353
352
351
351
348
347
346
344
343
340
337
335
334
332
331
329
328
326
325
322
321
321
319
319
319
320
320
320
320
320
321
321
321
321
321
321
322
322
323
323
323
323
323
323
324
324
324
324
324
323
320
318
316
315
315
316
321
328
338
350
365
383
403
424
446
466
475
492
505
517
525
531
533
532
528
522
512
499
482
463
440
417
395
374
355
338
326
320
312
307
304
303
303
303
304
304
303
304
304
304
305
305
305
305
306
307
307
307
306
306
307
307
307
308
308
308
309
309
308
310
309
309
311
310
311
310
311
311
311
311
312
312
313
313
314
316
316
319
319
321
322
323
325
327
329
331
333
335
336
338
340
341
344
347
349
352
354
356
358
360
361
363
365
366
367
369
369
370
371
371
372
372
373
374
375
375
375
376
374
374
374
373
373
371
370
370
369
368
365
364
362
360
357
354
352
350
347
344
341
337
334
330
327
323
319
315
312
310
307
306
306
306
306
306
306
307
307
307
307
307
308
308
308
309
309
310
310
310
310
310
310
311
312
313
313
314
313
314
314
314
314
315
315
316
316
317
316
317
317
317
317
317
318
318
318
319
318
319
319
319
319
319
319
320
320
321
320
320
321
321
321
321
322
323
325
326
328
329
331
331
333
335
337
340
342
344
347
348
350
350
352
354
354
356
357
357
357
357
357
356
356
355
354
353
352
351
349
346
344
341
339
337
335
334
332
331
329
327
327
325
324
323
323
323
322
321
320
320
320
321
320
321
321
321
321
321
322
321
321
321
321
321
322
322
324
323
324
324
324
323
320
318
315
315
315
317
323
330
337
350
365
383
403
425
446
455
474
490
504
515
522
527
529
528
524
516
506
492
476
456
434
412
389
368
349
333
327
316
309
303
301
300
300
300
300
301
302
302
302
302
302
303
303
304
304
304
304
305
305
305
305
305
306
306
306
306
306
307
306
307
306
307
306
307
307
308
308
308
309
309
308
309
310
311
313
313
315
316
317
318
320
321
323
325
327
329
331
333
335
337
339
341
344
346
348
351
352
355
355
357
359
361
363
364
365
367
368
369
369
370
370
370
371
371
372
372
372
372
372
372
371
371
370
370
369
368
366
365
363
361
358
356
354
353
351
348
344
342
339
335
331
328
324
320
316
313
309
308
306
305
304
305
305
305
305
306
306
306
305
305
306
306
307
307
307
308
308
308
307
307
307
308
308
308
309
309
309
310
310
310
310
310
310
310
311
311
311
311
311
312
312
312
313
313
313
313
314
313
314
314
314
314
315
315
315
315
315
315
316
316
317
317
318
320
320
322
323
325
326
326
327
330
332
335
337
340
341
343
344
346
347
348
349
349
350
351
350
351
350
350
349
348
347
347
345
344
342
340
339
336
334
332
331
329
328
326
324
323
322
320
319
319
318
318
318
318
318
318
318
318
319
319
319
320
320
320
320
319
320
320
320
320
320
320
320
320
320
320
320
318
317
314
312
310
311
314
319
327
337
350
367
385
405
416
438
458
476
492
505
515
521
527
529
528
523
515
504
491
474
454
431
408
385
365
346
338
325
314
306
302
299
298
298
299
299
300
301
301
302
302
302
302
303
302
302
303
303
303
303
303
303
303
304
305
305
305
305
305
306
305
306
306
306
306
308
308
309
309
309
309
309
310
311
311
313
314
315
316
318
319
320
322
324
325
327
329
331
332
334
335
337
340
343
345
347
350
351
354
355
358
359
361
362
364
365
366
367
368
368
370
369
370
371
371
371
372
371
372
371
371
370
370
370
369
368
367
367
365
362
361
359
358
356
353
351
347
345
341
338
335
331
326
323
319
316
312
309
307
305
304
303
303
304
304
305
305
306
306
306
306
306
306
306
305
306
307
306
307
306
307
307
307
308
308
308
309
308
309
309
309
310
309
310
311
310
311
311
312
312
311
312
312
312
312
312
313
313
313
313
313
314
314
314
314
315
315
315
315
315
316
315
316
317
318
319
322
323
324
325
326
328
330
332
335
337
339
342
342
344
345
346
348
348
349
350
350
350
350
350
349
349
348
347
347
345
343
343
340
339
336
334
332
329
328
327
326
324
323
322
320
319
319
318
318
317
318
318
318
318
318
319
318
318
319
318
319
319
320
320
319
320
320
320
320
320
321
321
321
321
320
319
316
314
313
313
316
321
330
340
353
370
388
398
419
441
461
480
495
508
517
524
528
529
528
523
515
504
489
471
451
429
405
384
373
354
337
324
314
307
303
301
300
300
300
301
301
302
301
302
301
301
302
302
302
303
304
304
305
305
305
305
306
305
305
306
306
307
307
307
307
307
307
307
308
308
309
309
309
310
310
310
310
312
313
314
314
316
316
318
319
320
322
324
326
328
331
333
333
335
337
339
341
344
346
349
351
353
355
357
359
359
362
363
364
366
367
369
369
370
371
371
371
372
373
373
373
374
373
373
372
371
371
370
369
367
366
365
364
362
360
359
357
354
352
349
346
343
340
336
333
329
325
322
318
314
311
308
306
304
303
302
302
303
303
304
305
305
306
306
306
306
306
307
307
307
308
308
307
308
307
307
308
308
308
307
309
308
309
309
309
309
310
310
310
310
311
311
311
311
311
311
311
312
312
312
313
313
313
313
313
314
315
314
315
316
316
316
316
316
316
317
317
318
319
321
323
323
325
326
327
329
331
333
335
338
340
343
345
346
347
348
349
350
350
351
352
351
352
352
350
350
349
348
347
345
344
342
340
338
336
334
331
330
329
328
326
325
324
323
321
320
319
319
319
320
319
319
319
320
320
319
319
319
320
320
320
320
320
320
320
320
321
321
321
321
322
322
322
322
320
318
315
313
312
314
317
323
331
342
356
372
381
401
422
444
463
481
496
509
518
525
528
529
527
521
513
501
487
468
448
425
403
391
371
351
335
323
312
306
302
301
300
300
301
302
302
303
302
303
303
302
304
303
303
304
304
304
304
305
305
305
305
305
306
306
307
307
307
307
307
307
307
307
308
308
308
309
309
309
310
310
311
312
313
314
314
315
316
317
319
320
322
324
326
329
330
331
333
335
337
338
341
344
345
349
352
354
355
357
359
360
363
364
366
367
368
369
369
370
370
370
371
372
372
372
373
373
373
372
372
371
370
369
369
368
367
365
363
361
360
358
356
353
350
348
346
343
340
336
332
329
325
321
317
315
311
308
306
305
304
304
304
305
305
305
305
306
306
306
306
306
306
307
307
307
307
307
308
308
308
307
308
309
309
309
310
310
310
310
311
310
310
311
311
311
311
311
312
312
313
312
312
312
313
313
314
314
315
315
315
315
316
316
316
316
315
315
316
316
316
316
317
318
319
320
322
323
324
326
328
329
331
334
336
338
341
343
345
346
347
349
349
350
351
351
351
352
352
351
350
350
349
349
347
346
344
342
340
338
335
334
331
330
328
326
325
324
323
322
321
320
319
318
318
318
318
318
319
318
318
318
318
318
319
320
319
320
320
320
320
320
320
321
321
321
321
321
322
321
320
317
315
312
313
314
317
323
332
343
350
366
384
404
425
446
466
483
498
510
519
525
529
529
527
521
512
500
485
466
446
423
411
388
368
348
333
320
312
306
302
301
301
301
301
302
302
303
302
303
303
303
303
303
304
304
304
305
305
305
305
304
305
305
306
306
306
306
306
307
307
307
308
308
308
309
309
309
308
309
309
310
311
312
313
314
315
316
318
319
319
321
322
324
326
328
329
331
333
334
336
338
341
343
345
347
350
352
354
357
359
360
362
362
364
366
366
367
368
369
370
370
370
371
371
372
371
371
371
371
371
371
370
369
368
368
366
364
363
362
360
358
356
354
351
349
346
344
340
336
333
329
325
321
318
315
311
308
307
305
305
304
304
304
304
304
305
305
305
305
306
306
305
306
306
307
306
307
307
307
308
308
308
309
309
308
309
309
310
309
310
310
310
310
311
311
312
312
312
312
312
313
313
313
314
314
314
314
315
315
314
314
314
314
314
314
314
314
314
314
314
315
315
317
317
319
321
322
324
326
328
329
332
333
335
337
340
341
343
345
345
348
348
349
350
351
352
351
351
350
350
349
349
347
347
345
344
342
340
338
336
333
331
329
328
327
326
324
323
322
320
319
318
317
318
317
317
318
319
319
318
319
318
318
318
319
319
320
320
320
319
320
320
320
321
321
321
322
321
321
318
317
313
312
312
313
317
324
333
339
352
368
386
406
428
449
468
485
500
512
520
526
529
529
526
519
511
498
483
465
454
431
408
385
365
346
331
319
310
304
301
299
299
300
300
300
301
302
302
302
302
302
302
302
303
303
304
304
304
305
304
305
305
306
306
306
307
307
308
307
307
308
308
307
308
308
308
309
308
309
309
309
311
311
313
314
315
316
318
319
320
321
323
324
325
328
329
332
334
336
338
340
343
344
347
350
352
354
355
358
360
361
362
364
365
367
368
369
369
370
370
371
371
371
372
372
373
373
372
372
372
371
371
370
369
368
366
365
365
362
361
358
356
354
352
349
347
343
340
336
334
329
326
322
317
315
311
308
307
305
305
304
304
304
304
306
305
305
306
306
306
306
307
307
307
308
307
308
308
307
308
308
308
308
308
309
310
310
310
311
311
311
311
311
311
312
312
313
313
312
313
313
313
313
313
313
315
314
314
314
314
314
314
315
315
315
316
316
316
316
317
316
317
318
319
320
322
323
325
326
328
330
333
335
338
339
342
344
345
346
348
348
350
350
351
351
352
352
352
352
351
350
349
349
347
346
344
342
340
338
336
333
331
329
328
327
326
325
323
322
320
319
319
319
318
318
319
318
319
318
318
318
318
319
319
319
320
320
320
320
320
320
320
321
321
321
321
321
321
321
319
316
314
312
313
314
319
325
330
340
353
369
389
409
431
451
470
487
501
512
520
526
528
528
525
518
508
496
479
472
451
428
405
382
362
344
329
318
310
304
302
301
301
301
301
302
302
302
302
303
302
303
303
303
304
304
304
305
303
304
304
304
305
305
305
306
306
306
306
306
306
307
307
307
307
308
308
308
309
309
310
310
311
311
313
313
314
315
317
318
320
320
322
323
325
327
329
331
334
335
338
339
342
344
347
349
351
353
355
357
359
361
362
363
364
366
366
368
369
369
369
370
371
371
371
372
371
372
371
371
371
370
370
369
368
368
367
366
363
362
360
357
355
353
350
348
345
343
339
336
332
329
324
320
316
314
310
309
308
305
305
304
304
304
304
305
306
306
306
306
306
307
308
308
307
308
308
308
309
308
308
308
308
309
309
310
309
310
310
310
310
309
309
310
311
311
312
311
312
311
311
311
312
312
312
313
312
313
313
313
313
313
312
314
313
314
314
314
314
315
315
315
316
317
318
320
322
324
325
327
328
331
332
334
336
339
341
343
345
346
347
348
349
350
351
351
352
352
351
350
350
349
348
347
346
344
343
341
339
337
335
333
330
328
328
326
325
324
323
321
320
318
318
318
318
318
318
318
318
318
318
318
318
319
319
319
319
320
320
320
320
320
320
320
320
320
321
321
321
321
319
316
314
312
312
315
318
323
331
342
355
371
390
411
433
454
474
490
504
515
522
527
529
528
523
517
507
494
486
468
448
425
402
379
359
342
329
317
309
304
301
301
300
300
301
301
302
302
302
303
303
303
304
304
304
304
304
304
304
304
304
305
305
305
306
306
307
307
308
308
308
308
308
308
308
309
309
310
309
310
310
311
312
312
313
314
315
316
317
318
319
321
322
324
326
328
329
332
334
336
337
340
342
345
347
350
352
354
356
358
359
360
362
362
364
365
366
367
368
368
369
369
370
370
371
371
371
372
371
371
371
370
370
369
368
367
367
365
363
362
360
357
355
352
349
347
345
342
339
334
331
327
322
319
315
312
310
308
306
304
304
303
303
304
304
305
305
306
306
306
305
306
306
306
306
307
307
308
308
308
308
308
308
308
308
308
308
309
309
309
309
309
310
311
311
311
311
311
312
311
311
311
311
312
312
313
314
313
313
313
313
313
314
315
315
315
315
315
316
316
316
316
316
318
320
321
323
325
327
328
330
331
333
334
336
339
341
343
345
346
347
349
349
350
351
351
351
351
351
351
350
350
349
348
346
345
344
341
339
337
334
332
331
330
328
327
326
324
323
321
319
319
318
318
318
318
319
318
319
319
319
319
319
320
320
320
320
320
320
320
320
320
320
320
321
321
321
322
322
321
319
316
314
313
313
314
317
323
332
343
356
373
392
413
435
455
474
490
504
514
522
527
528
528
524
516
511
499
484
467
445
422
399
377
357
340
326
315
307
303
300
299
299
299
300
301
302
302
302
303
303
303
304
304
305
305
305
306
305
306
306
306
306
306
306
307
307
307
306
307
307
307
308
308
308
308
309
309
310
310
310
310
311
312
312
314
315
317
317
318
319
320
323
324
326
328
330
331
333
337
338
341
344
345
348
350
352
354
355
357
359
360
361
362
364
365
366
368
369
369
370
370
370
371
371
372
372
372
371
371
371
370
369
368
368
367
366
364
362
360
358
356
354
352
350
347
344
341
338
334
331
327
323
319
317
314
311
308
306
304
304
303
303
303
304
304
304
305
305
305
306
305
306
306
307
307
307
307
308
308
308
308
308
309
309
310
309
309
310
309
310
310
311
310
311
312
312
313
313
314
313
313
313
313
313
314
314
313
314
314
314
314
315
315
315
315
315
315
316
316
316
317
317
319
319
321
323
324
326
327
329
331
333
335
336
339
341
343
345
347
347
349
349
350
352
352
353
352
352
351
351
350
349
348
347
346
344
342
340
337
335
334
332
330
329
327
326
325
323
321
319
319
318
318
319
318
318
318
318
318
319
319
319
319
320
320
320
320
321
321
321
321
320
321
322
321
322
323
323
322
319
316
314
313
313
315
319
325
335
347
361
378
397
418
439
459
477
493
506
517
524
528
530
529
524
520
512
499
484
466
444
421
397
375
356
338
324
314
307
303
300
299
298
299
300
300
301
302
302
303
303
303
303
303
304
304
304
305
305
305
304
305
305
305
306
306
306
307
307
307
307
308
308
308
308
308
309
309
309
310
310
311
311
312
313
314
315
316
317
318
319
320
321
323
325
327
329
331
333
336
338
341
343
346
349
351
352
355
356
358
358
359
362
363
364
365
367
368
369
369
370
370
371
372
371
372
372
372
371
371
370
369
369
369
368
368
366
365
363
361
359
356
354
352
350
347
343
340
337
334
331
326
323
320
317
313
310
308
306
305
304
304
304
304
304
304
305
305
306
305
306
306
306
306
306
307
306
307
308
308
308
308
308
308
308
309
309
309
310
310
310
311
311
311
311
312
311
312
312
312
312
311
312
312
312
313
314
313
314
314
314
313
313
313
313
314
314
315
315
315
315
316
317
318
320
321
323
324
327
328
330
331
333
336
338
340
343
344
346
347
348
350
350
350
351
352
352
351
351
351
350
349
347
347
345
344
343
341
339
337
336
334
332
331
328
327
325
324
322
321
320
319
318
318
317
317
318
318
318
318
318
318
318
318
318
318
320
320
320
320
320
320
320
320
320
320
321
321
321
319
316
314
312
311
311
314
318
325
335
347
362
379
398
420
441
461
479
494
507
517
525
528
529
527
525
518
508
495
480
461
439
416
393
371
352
335
322
312
307
302
300
300
299
300
300
301
301
302
302
303
302
302
302
303
303
303
304
305
304
305
304
305
305
306
307
306
306
306
306
306
306
307
307
307
307
308
308
309
309
310
310
310
311
311
312
314
315
316
317
319
320
321
322
324
326
329
330
333
335
337
340
342
344
346
349
351
353
354
356
357
359
360
362
364
365
366
367
368
369
371
371
371
372
372
372
372
372
372
372
372
372
371
370
369
369
368
367
366
364
362
359
357
354
352
349
347
344
341
337
334
331
326
325
320
316
314
310
308
307
305
305
304
304
304
305
306
306
306
307
307
307
307
307
307
307
308
308
309
309
309
310
309
310
310
309
310
310
310
311
310
311
310
311
311
311
311
312
313
313
313
313
313
313
313
313
313
313
313
314
314
315
314
314
314
315
315
315
315
316
315
315
316
317
318
319
321
323
325
327
328
330
332
333
336
338
341
343
343
345
346
348
349
350
351
351
352
352
351
351
350
350
349
347
347
346
344
342
340
339
336
334
333
331
329
327
327
325
324
323
322
320
319
319
319
318
319
318
319
319
319
319
319
319
319
319
320
321
320
322
321
322
322
322
322
322
322
322
321
321
320
318
316
313
313
312
314
319
326
336
349
363
382
401
423
445
465
483
498
510
519
525
528
529
528
524
517
508
494
478
459
437
414
390
370
350
335
321
312
305
302
299
299
299
300
300
301
301
301
302
302
302
302
302
303
304
304
304
304
304
304
304
304
304
304
304
304
305
304
305
306
306
306
307
307
307
307
308
308
308
309
310
310
311
312
313
314
315
316
317
319
319
321
323
324
326
328
330
333
334
336
338
341
343
346
349
351
353
355
355
357
358
360
362
363
365
366
367
368
369
369
370
371
371
372
373
373
373
373
373
373
373
372
371
370
369
368
366
365
363
361
359
356
355
351
348
345
342
339
335
332
331
327
324
319
316
313
309
306
305
304
304
303
304
304
304
304
305
306
306
306
306
306
306
307
306
307
307
307
307
307
307
307
307
307
307
308
309
309
309
309
309
309
309
309
309
310
310
311
311
311
311
311
312
311
312
313
312
313
312
313
314
314
313
314
314
314
314
315
315
315
316
315
317
317
319
320
322
324
326
327
329
331
333
334
336
339
340
342
344
345
347
348
349
350
350
350
351
350
351
350
349
348
347
347
345
343
341
341
339
336
334
332
330
328
326
326
324
323
322
320
319
318
317
317
318
318
318
318
318
318
318
318
318
317
318
319
319
319
319
319
320
319
319
320
320
321
321
321
320
319
318
316
313
312
312
315
320
327
338
351
367
384
404
425
446
466
484
498
510
519
525
527
529
528
523
516
506
492
477
457
434
411
389
367
348
333
320
311
305
302
300
300
300
300
301
300
301
301
302
302
302
303
302
303
303
303
304
304
304
304
305
305
304
305
305
305
305
306
306
307
307
307
308
308
309
309
309
309
310
310
310
311
311
312
314
314
315
317
318
319
320
322
323
325
327
329
331
332
335
337
340
342
344
347
349
352
353
355
357
358
360
361
362
364
365
366
368
369
370
370
371
371
372
371
372
372
373
372
372
372
371
371
370
370
369
368
366
365
363
361
359
357
355
352
349
346
344
340
336
335
331
327
323
319
316
312
310
308
305
304
304
304
304
304
305
305
305
307
306
307
307
306
306
306
307
307
308
307
308
309
309
308
309
308
309
309
309
309
310
310
310
310
311
310
310
311
311
312
312
312
313
312
313
313
313
314
314
314
314
314
314
314
315
315
315
316
315
317
317
317
317
317
318
320
321
324
325
326
327
329
331
332
334
336
336
339
342
343
345
347
348
349
350
351
352
353
352
353
351
350
350
348
348
347
345
344
343
342
340
337
336
333
331
330
329
327
325
323
322
321
319
319
318
318
318
319
318
318
319
319
319
319
319
320
320
320
320
321
321
322
322
322
322
322
322
322
322
322
323
322
319
316
313
313
314
317
322
330
341
354
369
388
408
430
450
470
486
501
512
521
524
529
530
529
523
516
505
490
474
453
431
407
385
364
346
332
320
312
305
302
301
301
300
301
301
302
302
303
303
303
303
304
303
304
304
305
305
305
305
305
306
306
306
306
306
306
307
306
307
307
307
307
307
308
308
308
309
308
309
309
310
310
311
312
312
314
315
316
318
319
320
321
324
325
327
329
331
333
336
337
339
342
344
347
349
350
353
355
357
359
360
361
363
364
365
366
367
368
369
370
370
371
371
371
372
371
371
371
371
370
370
370
370
368
368
366
365
364
362
361
358
356
353
351
348
345
343
339
338
334
330
326
322
318
314
311
308
307
306
305
304
304
304
304
304
305
305
306
306
306
306
306
306
306
307
308
308
307
308
308
308
308
308
309
309
309
309
310
309
310
310
310
311
312
311
312
312
313
312
312
312
313
313
312
313
314
314
315
314
315
314
314
314
314
314
314
315
315
315
315
316
316
318
319
320
322
324
326
326
328
329
331
334
334
336
338
341
343
344
346
347
348
349
350
350
351
351
351
351
350
350
348
347
346
345
343
342
340
338
336
334
331
329
328
326
325
324
321
321
319
318
317
317
317
317
317
317
317
318
318
318
318
318
319
318
319
318
318
319
320
319
319
320
320
320
320
321
321
322
320
318
315
312
312
312
316
322
330
341
355
371
389
410
431
452
471
488
502
508
518
526
529
530
528
523
515
504
489
472
450
428
405
382
361
343
329
318
309
305
301
300
299
299
300
300
301
302
302
303
302
303
304
303
303
303
303
304
304
305
305
305
305
305
305
305
305
306
307
307
307
308
307
308
308
308
309
309
309
309
310
310
310
310
312
312
313
315
316
317
319
319
321
323
325
327
328
331
334
336
338
340
342
345
347
348
351
353
355
357
359
360
361
362
363
366
367
368
369
370
370
371
371
370
371
372
371
372
372
372
372
371
371
370
368
368
366
365
363
361
360
357
355
352
350
347
345
343
341
338
334
330
326
323
318
315
311
309
307
306
305
305
304
305
305
305
305
306
306
306
306
306
306
307
306
307
307
308
308
308
308
308
308
309
309
309
309
310
311
310
310
311
310
311
311
311
311
312
312
312
312
313
312
313
313
314
314
314
315
314
315
315
315
315
315
315
316
316
317
316
316
316
316
317
318
320
322
324
326
327
329
331
333
333
335
338
341
343
345
346
347
348
349
350
351
351
352
352
352
351
350
350
348
347
347
345
344
342
340
338
336
334
331
330
327
326
325
324
323
321
320
318
318
317
317
318
317
317
318
319
319
319
319
319
319
319
320
320
320
320
320
320
320
320
320
321
321
322
321
322
320
318
315
312
311
312
317
322
331
343
357
373
392
413
435
455
474
490
497
509
519
525
529
529
527
521
513
501
487
469
448
425
402
379
360
342
329
317
310
308
304
302
302
301
302
301
302
303
302
303
303
303
303
303
303
304
305
305
305
305
306
305
306
306
307
307
307
307
307
308
308
307
308
308
308
309
309
310
309
310
310
311
311
311
312
313
315
316
318
319
320
321
323
324
326
328
330
331
333
336
337
339
342
343
345
348
350
352
354
357
359
360
361
363
364
365
367
368
369
370
371
371
372
372
372
372
372
372
373
372
372
371
371
370
369
368
367
365
364
362
360
358
356
353
350
348
347
344
341
337
333
330
326
322
318
314
311
309
307
306
306
305
305
305
306
306
306
306
307
307
307
307
307
307
307
307
307
307
307
308
308
308
308
308
308
309
309
310
310
310
310
310
310
310
311
311
311
312
313
312
313
312
313
313
313
312
313
313
314
313
314
314
314
314
314
314
314
314
315
316
316
316
317
317
319
320
322
324
325
327
329
330
332
334
336
338
340
342
344
345
346
347
348
349
350
351
351
351
351
351
350
350
349
349
347
345
343
342
340
338
335
334
331
330
329
327
325
324
323
321
320
319
318
318
318
317
317
318
318
318
318
319
320
319
320
319
320
320
321
321
320
320
321
321
321
321
321
321
321
322
320
317
314
312
312
313
317
324
333
345
359
375
394
415
437
457
476
484
499
512
520
526
529
529
526
521
512
499
484
467
444
422
398
376
356
339
326
315
310
304
301
300
299
299
299
300
300
302
301
303
302
302
302
303
303
303
304
304
304
305
305
305
305
305
306
305
307
307
307
308
308
307
307
307
307
308
309
309
309
310
310
310
310
311
313
314
315
317
318
319
320
321
323
324
326
328
330
332
334
336
338
340
341
344
346
349
351
353
355
357
358
361
362
363
365
366
366
368
368
369
369
370
370
370
371
371
371
371
372
372
372
371
370
369
367
367
365
364
362
361
359
356
354
352
349
348
346
342
339
335
332
328
324
320
316
313
310
307
305
304
304
303
303
303
303
304
304
305
305
305
306
306
307
306
306
307
306
307
307
307
308
307
307
308
308
308
308
309
310
310
310
310
310
310
310
311
310
312
312
313
312
313
312
313
312
313
313
314
314
315
315
315
314
314
314
315
314
315
315
316
316
316
317
318
319
321
323
325
326
327
328
330
332
334
335
338
340
342
345
346
348
348
349
350
350
351
352
351
352
351
351
350
349
348
346
345
343
341
340
337
336
334
332
330
328
326
326
324
323
322
320
319
318
318
317
317
317
318
318
319
318
319
318
319
319
319
319
320
320
320
320
320
320
320
321
320
320
320
321
321
319
317
314
312
312
313
318
324
334
345
359
377
396
417
438
448
468
486
501
512
521
526
528
528
525
519
510
497
482
464
443
418
395
374
355
338
325
319
311
306
303
301
300
300
301
301
301
302
302
303
303
303
303
303
303
304
304
305
305
306
306
306
306
306
306
306
307
308
308
309
308
308
308
308
309
309
309
310
310
310
310
311
311
312
313
313
314
316
316
317
319
320
322
323
325
327
329
331
333
336
338
338
341
343
345
348
350
353
355
357
359
360
362
363
364
366
366
368
368
368
369
370
370
370
371
372
372
372
372
372
372
370
370
369
368
367
366
365
363
362
360
357
355
354
350
348
345
342
339
336
333
329
326
321
317
314
310
308
305
304
304
303
303
304
304
305
305
306
306
306
306
306
306
306
306
307
307
307
307
307
308
308
308
308
308
309
308
310
310
310
311
310
311
310
311
311
311
311
312
312
313
312
312
312
312
313
313
313
314
314
315
314
314
315
315
315
315
315
316
315
316
316
317
318
319
320
322
324
325
326
329
330
332
334
336
339
340
343
345
346
348
349
349
351
351
351
352
352
352
352
351
350
349
348
346
345
343
341
340
338
336
333
330
329
327
326
324
323
322
321
320
320
319
319
319
319
319
319
319
319
320
320
319
319
320
320
321
320
321
321
321
321
321
321
321
321
321
321
322
321
319
317
314
312
312
314
319
326
335
348
362
380
400
---END---
[INFO]	60001ms	elapsed.

